#
# There is insufficient memory for the Java Runtime Environment to continue.
# Native memory allocation (malloc) failed to allocate 2024176 bytes for Chunk::new
# Possible reasons:
#   The system is out of physical RAM or swap space
#   The process is running with CompressedOops enabled, and the Java Heap may be blocking the growth of the native heap
# Possible solutions:
#   Reduce memory load on the system
#   Increase physical memory or swap space
#   Check if swap backing store is full
#   Decrease Java heap size (-Xmx/-Xms)
#   Decrease number of Java threads
#   Decrease Java thread stack sizes (-Xss)
#   Set larger code cache with -XX:ReservedCodeCacheSize=
#   JVM is running with Zero Based Compressed Oops mode in which the Java heap is
#     placed in the first 32GB address space. The Java Heap base address is the
#     maximum limit for the native heap growth. Please use -XX:HeapBaseMinAddress
#     to set the Java Heap base and to place the Java Heap above 32GB virtual address.
# This output file may be truncated or incomplete.
#
#  Out of Memory Error (src/hotspot/share/memory/arena.cpp:197), pid=39232, tid=18620
#
# JRE version: OpenJDK Runtime Environment (11.0.15) (build 11.0.15+0-b2043.56-8887301)
# Java VM: OpenJDK 64-Bit Server VM (11.0.15+0-b2043.56-8887301, mixed mode, tiered, compressed oops, g1 gc, windows-amd64)
# No core dump will be written. Minidumps are not enabled by default on client versions of Windows
#

---------------  S U M M A R Y ------------

Command Line: org.jetbrains.kotlin.cli.jvm.K2JVMCompiler @C:\Users\Gwyndolin\AndroidStudioProjects\Valorant\data\build\20230526_13281136918140501732.compiler.options

Host: 11th Gen Intel(R) Core(TM) i7-11800H @ 2.30GHz, 16 cores, 15G,  Windows 10 , 64 bit Build 19041 (10.0.19041.2913)
Time: Fri May 26 13:28:32 2023 Egypt Daylight Time elapsed time: 4.425847 seconds (0d 0h 0m 4s)

---------------  T H R E A D  ---------------

Current thread (0x000002444421b800):  JavaThread "C2 CompilerThread3" daemon [_thread_in_native, id=18620, stack(0x000000df8f600000,0x000000df8f700000)]


Current CompileTask:
C2:   4425 11981       4       org.jetbrains.kotlin.cli.jvm.index.JvmDependenciesIndexImpl::search (379 bytes)

Stack: [0x000000df8f600000,0x000000df8f700000]
Native frames: (J=compiled Java code, j=interpreted, Vv=VM code, C=native code)
V  [jvm.dll+0x64135a]
V  [jvm.dll+0x7d39f9]
V  [jvm.dll+0x7d51b9]
V  [jvm.dll+0x7d58a3]
V  [jvm.dll+0x2691c5]
V  [jvm.dll+0xc1a5c]
V  [jvm.dll+0xc200c]
V  [jvm.dll+0x377462]
V  [jvm.dll+0x342495]
V  [jvm.dll+0x34186a]
V  [jvm.dll+0x2214bd]
V  [jvm.dll+0x220498]
V  [jvm.dll+0x19e851]
V  [jvm.dll+0x230479]
V  [jvm.dll+0x22e5ef]
V  [jvm.dll+0x794de1]
V  [jvm.dll+0x78dc24]
V  [jvm.dll+0x6400f6]
C  [ucrtbase.dll+0x21bb2]
C  [KERNEL32.DLL+0x17614]
C  [ntdll.dll+0x526a1]


---------------  P R O C E S S  ---------------

Threads class SMR info:
_java_thread_list=0x0000024444aa5b40, length=17, elements={
0x0000024423bbe000, 0x000002444376b000, 0x000002444376c000, 0x0000024444025800,
0x0000024444029800, 0x000002444402c800, 0x000002444402e000, 0x0000024444071800,
0x000002444407b000, 0x00000244441af000, 0x00000244441f2000, 0x0000024444216000,
0x0000024444218000, 0x000002444421b800, 0x000002444482d800, 0x000002444482e800,
0x000002444614e800
}

Java Threads: ( => current thread )
  0x0000024423bbe000 JavaThread "main" [_thread_in_Java, id=42692, stack(0x000000df8e200000,0x000000df8e300000)]
  0x000002444376b000 JavaThread "Reference Handler" daemon [_thread_blocked, id=39748, stack(0x000000df8e900000,0x000000df8ea00000)]
  0x000002444376c000 JavaThread "Finalizer" daemon [_thread_blocked, id=29800, stack(0x000000df8ea00000,0x000000df8eb00000)]
  0x0000024444025800 JavaThread "Signal Dispatcher" daemon [_thread_blocked, id=25168, stack(0x000000df8eb00000,0x000000df8ec00000)]
  0x0000024444029800 JavaThread "Attach Listener" daemon [_thread_blocked, id=35744, stack(0x000000df8ec00000,0x000000df8ed00000)]
  0x000002444402c800 JavaThread "Service Thread" daemon [_thread_blocked, id=33560, stack(0x000000df8ed00000,0x000000df8ee00000)]
  0x000002444402e000 JavaThread "C2 CompilerThread0" daemon [_thread_blocked, id=30816, stack(0x000000df8ee00000,0x000000df8ef00000)]
  0x0000024444071800 JavaThread "C1 CompilerThread0" daemon [_thread_blocked, id=34020, stack(0x000000df8ef00000,0x000000df8f000000)]
  0x000002444407b000 JavaThread "Sweeper thread" daemon [_thread_blocked, id=22624, stack(0x000000df8f000000,0x000000df8f100000)]
  0x00000244441af000 JavaThread "C1 CompilerThread1" daemon [_thread_blocked, id=6756, stack(0x000000df8f100000,0x000000df8f200000)]
  0x00000244441f2000 JavaThread "Common-Cleaner" daemon [_thread_blocked, id=36176, stack(0x000000df8f300000,0x000000df8f400000)]
  0x0000024444216000 JavaThread "C2 CompilerThread1" daemon [_thread_blocked, id=23904, stack(0x000000df8f400000,0x000000df8f500000)]
  0x0000024444218000 JavaThread "C2 CompilerThread2" daemon [_thread_blocked, id=29096, stack(0x000000df8f500000,0x000000df8f600000)]
=>0x000002444421b800 JavaThread "C2 CompilerThread3" daemon [_thread_in_native, id=18620, stack(0x000000df8f600000,0x000000df8f700000)]
  0x000002444482d800 JavaThread "C1 CompilerThread2" daemon [_thread_blocked, id=40432, stack(0x000000df8f700000,0x000000df8f800000)]
  0x000002444482e800 JavaThread "C1 CompilerThread3" daemon [_thread_blocked, id=22104, stack(0x000000df8f800000,0x000000df8f900000)]
  0x000002444614e800 JavaThread "C2 CompilerThread4" daemon [_thread_in_native, id=3244, stack(0x000000df90000000,0x000000df90100000)]

Other Threads:
  0x000002444401b000 VMThread "VM Thread" [stack: 0x000000df8e800000,0x000000df8e900000] [id=30708]
  0x00000244441e1000 WatcherThread [stack: 0x000000df8f200000,0x000000df8f300000] [id=13584]
  0x0000024423bd7000 GCTaskThread "GC Thread#0" [stack: 0x000000df8e300000,0x000000df8e400000] [id=18576]
  0x0000024444a05800 GCTaskThread "GC Thread#1" [stack: 0x000000df8f900000,0x000000df8fa00000] [id=30036]
  0x00000244446a3000 GCTaskThread "GC Thread#2" [stack: 0x000000df8fa00000,0x000000df8fb00000] [id=31632]
  0x0000024444777800 GCTaskThread "GC Thread#3" [stack: 0x000000df8fb00000,0x000000df8fc00000] [id=14200]
  0x0000024444778000 GCTaskThread "GC Thread#4" [stack: 0x000000df8fc00000,0x000000df8fd00000] [id=28000]
  0x0000024444a28800 GCTaskThread "GC Thread#5" [stack: 0x000000df8fd00000,0x000000df8fe00000] [id=17096]
  0x000002444d9d1000 GCTaskThread "GC Thread#6" [stack: 0x000000df90200000,0x000000df90300000] [id=13120]
  0x0000024423c33000 ConcurrentGCThread "G1 Main Marker" [stack: 0x000000df8e400000,0x000000df8e500000] [id=27600]
  0x0000024423c35800 ConcurrentGCThread "G1 Conc#0" [stack: 0x000000df8e500000,0x000000df8e600000] [id=10388]
  0x000002444536b800 ConcurrentGCThread "G1 Conc#1" [stack: 0x000000df8fe00000,0x000000df8ff00000] [id=1900]
  0x00000244453cb000 ConcurrentGCThread "G1 Conc#2" [stack: 0x000000df8ff00000,0x000000df90000000] [id=29888]
  0x000002444363e000 ConcurrentGCThread "G1 Refine#0" [stack: 0x000000df8e600000,0x000000df8e700000] [id=20456]
  0x0000024448cfe000 ConcurrentGCThread "G1 Refine#1" [stack: 0x000000df90100000,0x000000df90200000] [id=18756]
  0x000002444363f000 ConcurrentGCThread "G1 Young RemSet Sampling" [stack: 0x000000df8e700000,0x000000df8e800000] [id=29732]

Threads with active compile tasks:
C2 CompilerThread3     4432 11981       4       org.jetbrains.kotlin.cli.jvm.index.JvmDependenciesIndexImpl::search (379 bytes)
C2 CompilerThread4     4432 12098       4       org.jetbrains.org.objectweb.asm.ClassReader::readMethod (1061 bytes)

VM state:not at safepoint (normal execution)

VM Mutex/Monitor currently owned by a thread: None

Heap address: 0x0000000702800000, size: 4056 MB, Compressed Oops mode: Zero based, Oop shift amount: 3
Narrow klass base: 0x0000000800000000, Narrow klass shift: 0
Compressed class space size: 1073741824 Address: 0x0000000800000000

Heap:
 garbage-first heap   total 312320K, used 174428K [0x0000000702800000, 0x0000000800000000)
  region size 1024K, 138 young (141312K), 7 survivors (7168K)
 Metaspace       used 78824K, capacity 79671K, committed 79696K, reserved 1120256K
  class space    used 8340K, capacity 8686K, committed 8704K, reserved 1048576K
Heap Regions: E=young(eden), S=young(survivor), O=old, HS=humongous(starts), HC=humongous(continues), CS=collection set, F=free, A=archive, TAMS=top-at-mark-start (previous, next)
|   0|0x0000000702800000, 0x0000000702900000, 0x0000000702900000|100%|HS|  |TAMS 0x0000000702900000, 0x0000000702800000| Complete 
|   1|0x0000000702900000, 0x0000000702a00000, 0x0000000702a00000|100%|HC|  |TAMS 0x0000000702a00000, 0x0000000702900000| Complete 
|   2|0x0000000702a00000, 0x0000000702b00000, 0x0000000702b00000|100%|HC|  |TAMS 0x0000000702b00000, 0x0000000702a00000| Complete 
|   3|0x0000000702b00000, 0x0000000702c00000, 0x0000000702c00000|100%|HC|  |TAMS 0x0000000702c00000, 0x0000000702b00000| Complete 
|   4|0x0000000702c00000, 0x0000000702d00000, 0x0000000702d00000|100%|HS|  |TAMS 0x0000000702d00000, 0x0000000702c00000| Complete 
|   5|0x0000000702d00000, 0x0000000702e00000, 0x0000000702e00000|100%|HC|  |TAMS 0x0000000702e00000, 0x0000000702d00000| Complete 
|   6|0x0000000702e00000, 0x0000000702f00000, 0x0000000702f00000|100%|HC|  |TAMS 0x0000000702f00000, 0x0000000702e00000| Complete 
|   7|0x0000000702f00000, 0x0000000703000000, 0x0000000703000000|100%|HC|  |TAMS 0x0000000703000000, 0x0000000702f00000| Complete 
|   8|0x0000000703000000, 0x0000000703100000, 0x0000000703100000|100%| O|  |TAMS 0x0000000703100000, 0x0000000703000000| Untracked 
|   9|0x0000000703100000, 0x0000000703200000, 0x0000000703200000|100%| O|  |TAMS 0x0000000703200000, 0x0000000703100000| Untracked 
|  10|0x0000000703200000, 0x0000000703300000, 0x0000000703300000|100%| O|  |TAMS 0x0000000703300000, 0x0000000703200000| Untracked 
|  11|0x0000000703300000, 0x0000000703400000, 0x0000000703400000|100%| O|  |TAMS 0x0000000703400000, 0x0000000703300000| Untracked 
|  12|0x0000000703400000, 0x0000000703500000, 0x0000000703500000|100%| O|  |TAMS 0x0000000703500000, 0x0000000703400000| Untracked 
|  13|0x0000000703500000, 0x0000000703600000, 0x0000000703600000|100%| O|  |TAMS 0x0000000703600000, 0x0000000703500000| Untracked 
|  14|0x0000000703600000, 0x0000000703700000, 0x0000000703700000|100%| O|  |TAMS 0x0000000703700000, 0x0000000703600000| Untracked 
|  15|0x0000000703700000, 0x0000000703800000, 0x0000000703800000|100%| O|  |TAMS 0x0000000703800000, 0x0000000703700000| Untracked 
|  16|0x0000000703800000, 0x0000000703900000, 0x0000000703900000|100%| O|  |TAMS 0x0000000703900000, 0x0000000703800000| Untracked 
|  17|0x0000000703900000, 0x0000000703a00000, 0x0000000703a00000|100%| O|  |TAMS 0x0000000703a00000, 0x0000000703900000| Untracked 
|  18|0x0000000703a00000, 0x0000000703b00000, 0x0000000703b00000|100%| O|  |TAMS 0x0000000703b00000, 0x0000000703a00000| Untracked 
|  19|0x0000000703b00000, 0x0000000703c00000, 0x0000000703c00000|100%| O|  |TAMS 0x0000000703c00000, 0x0000000703b00000| Untracked 
|  20|0x0000000703c00000, 0x0000000703d00000, 0x0000000703d00000|100%| O|  |TAMS 0x0000000703d00000, 0x0000000703c00000| Untracked 
|  21|0x0000000703d00000, 0x0000000703e00000, 0x0000000703e00000|100%| O|  |TAMS 0x0000000703e00000, 0x0000000703d00000| Untracked 
|  22|0x0000000703e00000, 0x0000000703f00000, 0x0000000703f00000|100%| O|  |TAMS 0x0000000703f00000, 0x0000000703e00000| Untracked 
|  23|0x0000000703f00000, 0x0000000704000000, 0x0000000704000000|100%|HS|  |TAMS 0x0000000704000000, 0x0000000703f00000| Complete 
|  24|0x0000000704000000, 0x0000000704100000, 0x0000000704100000|100%|HC|  |TAMS 0x0000000704100000, 0x0000000704000000| Complete 
|  25|0x0000000704100000, 0x0000000704200000, 0x0000000704200000|100%| O|  |TAMS 0x0000000704200000, 0x0000000704100000| Untracked 
|  26|0x0000000704200000, 0x0000000704300000, 0x0000000704300000|100%| O|  |TAMS 0x0000000704300000, 0x0000000704200000| Untracked 
|  27|0x0000000704300000, 0x0000000704400000, 0x0000000704400000|100%| O|  |TAMS 0x0000000704400000, 0x0000000704300000| Untracked 
|  28|0x0000000704400000, 0x0000000704500000, 0x0000000704500000|100%| O|  |TAMS 0x0000000704500000, 0x0000000704400000| Untracked 
|  29|0x0000000704500000, 0x0000000704600000, 0x0000000704600000|100%| O|  |TAMS 0x0000000704600000, 0x0000000704500000| Untracked 
|  30|0x0000000704600000, 0x0000000704700000, 0x0000000704700000|100%| O|  |TAMS 0x0000000704700000, 0x0000000704600000| Untracked 
|  31|0x0000000704700000, 0x0000000704800000, 0x0000000704800000|100%| O|  |TAMS 0x0000000704800000, 0x0000000704700000| Untracked 
|  32|0x0000000704800000, 0x0000000704900000, 0x0000000704900000|100%| O|  |TAMS 0x0000000704900000, 0x0000000704800000| Untracked 
|  33|0x0000000704900000, 0x0000000704a00000, 0x0000000704a00000|100%| O|  |TAMS 0x0000000704a00000, 0x0000000704900000| Untracked 
|  34|0x0000000704a00000, 0x0000000704a17400, 0x0000000704b00000|  9%| O|  |TAMS 0x0000000704a17400, 0x0000000704a00000| Untracked 
|  35|0x0000000704b00000, 0x0000000704b00000, 0x0000000704c00000|  0%| F|  |TAMS 0x0000000704b00000, 0x0000000704b00000| Untracked 
|  36|0x0000000704c00000, 0x0000000704c00000, 0x0000000704d00000|  0%| F|  |TAMS 0x0000000704c00000, 0x0000000704c00000| Untracked 
|  37|0x0000000704d00000, 0x0000000704d00000, 0x0000000704e00000|  0%| F|  |TAMS 0x0000000704d00000, 0x0000000704d00000| Untracked 
|  38|0x0000000704e00000, 0x0000000704e00000, 0x0000000704f00000|  0%| F|  |TAMS 0x0000000704e00000, 0x0000000704e00000| Untracked 
|  39|0x0000000704f00000, 0x0000000704f00000, 0x0000000705000000|  0%| F|  |TAMS 0x0000000704f00000, 0x0000000704f00000| Untracked 
|  40|0x0000000705000000, 0x0000000705000000, 0x0000000705100000|  0%| F|  |TAMS 0x0000000705000000, 0x0000000705000000| Untracked 
|  41|0x0000000705100000, 0x0000000705100000, 0x0000000705200000|  0%| F|  |TAMS 0x0000000705100000, 0x0000000705100000| Untracked 
|  42|0x0000000705200000, 0x0000000705200000, 0x0000000705300000|  0%| F|  |TAMS 0x0000000705200000, 0x0000000705200000| Untracked 
|  43|0x0000000705300000, 0x0000000705300000, 0x0000000705400000|  0%| F|  |TAMS 0x0000000705300000, 0x0000000705300000| Untracked 
|  44|0x0000000705400000, 0x0000000705400000, 0x0000000705500000|  0%| F|  |TAMS 0x0000000705400000, 0x0000000705400000| Untracked 
|  45|0x0000000705500000, 0x0000000705500000, 0x0000000705600000|  0%| F|  |TAMS 0x0000000705500000, 0x0000000705500000| Untracked 
|  46|0x0000000705600000, 0x0000000705600000, 0x0000000705700000|  0%| F|  |TAMS 0x0000000705600000, 0x0000000705600000| Untracked 
|  47|0x0000000705700000, 0x0000000705700000, 0x0000000705800000|  0%| F|  |TAMS 0x0000000705700000, 0x0000000705700000| Untracked 
|  48|0x0000000705800000, 0x0000000705800000, 0x0000000705900000|  0%| F|  |TAMS 0x0000000705800000, 0x0000000705800000| Untracked 
|  49|0x0000000705900000, 0x0000000705900000, 0x0000000705a00000|  0%| F|  |TAMS 0x0000000705900000, 0x0000000705900000| Untracked 
|  50|0x0000000705a00000, 0x0000000705a00000, 0x0000000705b00000|  0%| F|  |TAMS 0x0000000705a00000, 0x0000000705a00000| Untracked 
|  51|0x0000000705b00000, 0x0000000705b00000, 0x0000000705c00000|  0%| F|  |TAMS 0x0000000705b00000, 0x0000000705b00000| Untracked 
|  52|0x0000000705c00000, 0x0000000705c00000, 0x0000000705d00000|  0%| F|  |TAMS 0x0000000705c00000, 0x0000000705c00000| Untracked 
|  53|0x0000000705d00000, 0x0000000705d00000, 0x0000000705e00000|  0%| F|  |TAMS 0x0000000705d00000, 0x0000000705d00000| Untracked 
|  54|0x0000000705e00000, 0x0000000705e00000, 0x0000000705f00000|  0%| F|  |TAMS 0x0000000705e00000, 0x0000000705e00000| Untracked 
|  55|0x0000000705f00000, 0x0000000705f00000, 0x0000000706000000|  0%| F|  |TAMS 0x0000000705f00000, 0x0000000705f00000| Untracked 
|  56|0x0000000706000000, 0x0000000706000000, 0x0000000706100000|  0%| F|  |TAMS 0x0000000706000000, 0x0000000706000000| Untracked 
|  57|0x0000000706100000, 0x0000000706100000, 0x0000000706200000|  0%| F|  |TAMS 0x0000000706100000, 0x0000000706100000| Untracked 
|  58|0x0000000706200000, 0x0000000706200000, 0x0000000706300000|  0%| F|  |TAMS 0x0000000706200000, 0x0000000706200000| Untracked 
|  59|0x0000000706300000, 0x0000000706300000, 0x0000000706400000|  0%| F|  |TAMS 0x0000000706300000, 0x0000000706300000| Untracked 
|  60|0x0000000706400000, 0x0000000706400000, 0x0000000706500000|  0%| F|  |TAMS 0x0000000706400000, 0x0000000706400000| Untracked 
|  61|0x0000000706500000, 0x0000000706500000, 0x0000000706600000|  0%| F|  |TAMS 0x0000000706500000, 0x0000000706500000| Untracked 
|  62|0x0000000706600000, 0x0000000706600000, 0x0000000706700000|  0%| F|  |TAMS 0x0000000706600000, 0x0000000706600000| Untracked 
|  63|0x0000000706700000, 0x0000000706700000, 0x0000000706800000|  0%| F|  |TAMS 0x0000000706700000, 0x0000000706700000| Untracked 
|  64|0x0000000706800000, 0x0000000706800000, 0x0000000706900000|  0%| F|  |TAMS 0x0000000706800000, 0x0000000706800000| Untracked 
|  65|0x0000000706900000, 0x0000000706900000, 0x0000000706a00000|  0%| F|  |TAMS 0x0000000706900000, 0x0000000706900000| Untracked 
|  66|0x0000000706a00000, 0x0000000706a00000, 0x0000000706b00000|  0%| F|  |TAMS 0x0000000706a00000, 0x0000000706a00000| Untracked 
|  67|0x0000000706b00000, 0x0000000706b00000, 0x0000000706c00000|  0%| F|  |TAMS 0x0000000706b00000, 0x0000000706b00000| Untracked 
|  68|0x0000000706c00000, 0x0000000706c00000, 0x0000000706d00000|  0%| F|  |TAMS 0x0000000706c00000, 0x0000000706c00000| Untracked 
|  69|0x0000000706d00000, 0x0000000706d00000, 0x0000000706e00000|  0%| F|  |TAMS 0x0000000706d00000, 0x0000000706d00000| Untracked 
|  70|0x0000000706e00000, 0x0000000706e00000, 0x0000000706f00000|  0%| F|  |TAMS 0x0000000706e00000, 0x0000000706e00000| Untracked 
|  71|0x0000000706f00000, 0x0000000706f00000, 0x0000000707000000|  0%| F|  |TAMS 0x0000000706f00000, 0x0000000706f00000| Untracked 
|  72|0x0000000707000000, 0x0000000707000000, 0x0000000707100000|  0%| F|  |TAMS 0x0000000707000000, 0x0000000707000000| Untracked 
|  73|0x0000000707100000, 0x0000000707100000, 0x0000000707200000|  0%| F|  |TAMS 0x0000000707100000, 0x0000000707100000| Untracked 
|  74|0x0000000707200000, 0x0000000707200000, 0x0000000707300000|  0%| F|  |TAMS 0x0000000707200000, 0x0000000707200000| Untracked 
|  75|0x0000000707300000, 0x0000000707300000, 0x0000000707400000|  0%| F|  |TAMS 0x0000000707300000, 0x0000000707300000| Untracked 
|  76|0x0000000707400000, 0x0000000707400000, 0x0000000707500000|  0%| F|  |TAMS 0x0000000707400000, 0x0000000707400000| Untracked 
|  77|0x0000000707500000, 0x0000000707500000, 0x0000000707600000|  0%| F|  |TAMS 0x0000000707500000, 0x0000000707500000| Untracked 
|  78|0x0000000707600000, 0x0000000707600000, 0x0000000707700000|  0%| F|  |TAMS 0x0000000707600000, 0x0000000707600000| Untracked 
|  79|0x0000000707700000, 0x0000000707700000, 0x0000000707800000|  0%| F|  |TAMS 0x0000000707700000, 0x0000000707700000| Untracked 
|  80|0x0000000707800000, 0x0000000707800000, 0x0000000707900000|  0%| F|  |TAMS 0x0000000707800000, 0x0000000707800000| Untracked 
|  81|0x0000000707900000, 0x0000000707900000, 0x0000000707a00000|  0%| F|  |TAMS 0x0000000707900000, 0x0000000707900000| Untracked 
|  82|0x0000000707a00000, 0x0000000707a00000, 0x0000000707b00000|  0%| F|  |TAMS 0x0000000707a00000, 0x0000000707a00000| Untracked 
|  83|0x0000000707b00000, 0x0000000707b00000, 0x0000000707c00000|  0%| F|  |TAMS 0x0000000707b00000, 0x0000000707b00000| Untracked 
|  84|0x0000000707c00000, 0x0000000707c00000, 0x0000000707d00000|  0%| F|  |TAMS 0x0000000707c00000, 0x0000000707c00000| Untracked 
|  85|0x0000000707d00000, 0x0000000707d00000, 0x0000000707e00000|  0%| F|  |TAMS 0x0000000707d00000, 0x0000000707d00000| Untracked 
|  86|0x0000000707e00000, 0x0000000707e00000, 0x0000000707f00000|  0%| F|  |TAMS 0x0000000707e00000, 0x0000000707e00000| Untracked 
|  87|0x0000000707f00000, 0x0000000707f00000, 0x0000000708000000|  0%| F|  |TAMS 0x0000000707f00000, 0x0000000707f00000| Untracked 
|  88|0x0000000708000000, 0x0000000708000000, 0x0000000708100000|  0%| F|  |TAMS 0x0000000708000000, 0x0000000708000000| Untracked 
|  89|0x0000000708100000, 0x0000000708100000, 0x0000000708200000|  0%| F|  |TAMS 0x0000000708100000, 0x0000000708100000| Untracked 
|  90|0x0000000708200000, 0x0000000708200000, 0x0000000708300000|  0%| F|  |TAMS 0x0000000708200000, 0x0000000708200000| Untracked 
|  91|0x0000000708300000, 0x0000000708300000, 0x0000000708400000|  0%| F|  |TAMS 0x0000000708300000, 0x0000000708300000| Untracked 
|  92|0x0000000708400000, 0x0000000708400000, 0x0000000708500000|  0%| F|  |TAMS 0x0000000708400000, 0x0000000708400000| Untracked 
|  93|0x0000000708500000, 0x0000000708500000, 0x0000000708600000|  0%| F|  |TAMS 0x0000000708500000, 0x0000000708500000| Untracked 
|  94|0x0000000708600000, 0x0000000708600000, 0x0000000708700000|  0%| F|  |TAMS 0x0000000708600000, 0x0000000708600000| Untracked 
|  95|0x0000000708700000, 0x0000000708700000, 0x0000000708800000|  0%| F|  |TAMS 0x0000000708700000, 0x0000000708700000| Untracked 
|  96|0x0000000708800000, 0x0000000708800000, 0x0000000708900000|  0%| F|  |TAMS 0x0000000708800000, 0x0000000708800000| Untracked 
|  97|0x0000000708900000, 0x0000000708900000, 0x0000000708a00000|  0%| F|  |TAMS 0x0000000708900000, 0x0000000708900000| Untracked 
|  98|0x0000000708a00000, 0x0000000708a00000, 0x0000000708b00000|  0%| F|  |TAMS 0x0000000708a00000, 0x0000000708a00000| Untracked 
|  99|0x0000000708b00000, 0x0000000708b00000, 0x0000000708c00000|  0%| F|  |TAMS 0x0000000708b00000, 0x0000000708b00000| Untracked 
| 100|0x0000000708c00000, 0x0000000708c00000, 0x0000000708d00000|  0%| F|  |TAMS 0x0000000708c00000, 0x0000000708c00000| Untracked 
| 101|0x0000000708d00000, 0x0000000708d00000, 0x0000000708e00000|  0%| F|  |TAMS 0x0000000708d00000, 0x0000000708d00000| Untracked 
| 102|0x0000000708e00000, 0x0000000708e00000, 0x0000000708f00000|  0%| F|  |TAMS 0x0000000708e00000, 0x0000000708e00000| Untracked 
| 103|0x0000000708f00000, 0x0000000708f00000, 0x0000000709000000|  0%| F|  |TAMS 0x0000000708f00000, 0x0000000708f00000| Untracked 
| 104|0x0000000709000000, 0x0000000709000000, 0x0000000709100000|  0%| F|  |TAMS 0x0000000709000000, 0x0000000709000000| Untracked 
| 105|0x0000000709100000, 0x0000000709100000, 0x0000000709200000|  0%| F|  |TAMS 0x0000000709100000, 0x0000000709100000| Untracked 
| 106|0x0000000709200000, 0x0000000709200000, 0x0000000709300000|  0%| F|  |TAMS 0x0000000709200000, 0x0000000709200000| Untracked 
| 107|0x0000000709300000, 0x0000000709300000, 0x0000000709400000|  0%| F|  |TAMS 0x0000000709300000, 0x0000000709300000| Untracked 
| 108|0x0000000709400000, 0x0000000709400000, 0x0000000709500000|  0%| F|  |TAMS 0x0000000709400000, 0x0000000709400000| Untracked 
| 109|0x0000000709500000, 0x0000000709500000, 0x0000000709600000|  0%| F|  |TAMS 0x0000000709500000, 0x0000000709500000| Untracked 
| 110|0x0000000709600000, 0x0000000709600000, 0x0000000709700000|  0%| F|  |TAMS 0x0000000709600000, 0x0000000709600000| Untracked 
| 111|0x0000000709700000, 0x0000000709700000, 0x0000000709800000|  0%| F|  |TAMS 0x0000000709700000, 0x0000000709700000| Untracked 
| 112|0x0000000709800000, 0x0000000709800000, 0x0000000709900000|  0%| F|  |TAMS 0x0000000709800000, 0x0000000709800000| Untracked 
| 113|0x0000000709900000, 0x0000000709900000, 0x0000000709a00000|  0%| F|  |TAMS 0x0000000709900000, 0x0000000709900000| Untracked 
| 114|0x0000000709a00000, 0x0000000709a00000, 0x0000000709b00000|  0%| F|  |TAMS 0x0000000709a00000, 0x0000000709a00000| Untracked 
| 115|0x0000000709b00000, 0x0000000709b00000, 0x0000000709c00000|  0%| F|  |TAMS 0x0000000709b00000, 0x0000000709b00000| Untracked 
| 116|0x0000000709c00000, 0x0000000709c00000, 0x0000000709d00000|  0%| F|  |TAMS 0x0000000709c00000, 0x0000000709c00000| Untracked 
| 117|0x0000000709d00000, 0x0000000709d00000, 0x0000000709e00000|  0%| F|  |TAMS 0x0000000709d00000, 0x0000000709d00000| Untracked 
| 118|0x0000000709e00000, 0x0000000709e00000, 0x0000000709f00000|  0%| F|  |TAMS 0x0000000709e00000, 0x0000000709e00000| Untracked 
| 119|0x0000000709f00000, 0x0000000709f00000, 0x000000070a000000|  0%| F|  |TAMS 0x0000000709f00000, 0x0000000709f00000| Untracked 
| 120|0x000000070a000000, 0x000000070a000000, 0x000000070a100000|  0%| F|  |TAMS 0x000000070a000000, 0x000000070a000000| Untracked 
| 121|0x000000070a100000, 0x000000070a100000, 0x000000070a200000|  0%| F|  |TAMS 0x000000070a100000, 0x000000070a100000| Untracked 
| 122|0x000000070a200000, 0x000000070a200000, 0x000000070a300000|  0%| F|  |TAMS 0x000000070a200000, 0x000000070a200000| Untracked 
| 123|0x000000070a300000, 0x000000070a300000, 0x000000070a400000|  0%| F|  |TAMS 0x000000070a300000, 0x000000070a300000| Untracked 
| 124|0x000000070a400000, 0x000000070a400000, 0x000000070a500000|  0%| F|  |TAMS 0x000000070a400000, 0x000000070a400000| Untracked 
| 125|0x000000070a500000, 0x000000070a500000, 0x000000070a600000|  0%| F|  |TAMS 0x000000070a500000, 0x000000070a500000| Untracked 
| 126|0x000000070a600000, 0x000000070a600000, 0x000000070a700000|  0%| F|  |TAMS 0x000000070a600000, 0x000000070a600000| Untracked 
| 127|0x000000070a700000, 0x000000070a700000, 0x000000070a800000|  0%| F|  |TAMS 0x000000070a700000, 0x000000070a700000| Untracked 
| 128|0x000000070a800000, 0x000000070a800000, 0x000000070a900000|  0%| F|  |TAMS 0x000000070a800000, 0x000000070a800000| Untracked 
| 129|0x000000070a900000, 0x000000070a900000, 0x000000070aa00000|  0%| F|  |TAMS 0x000000070a900000, 0x000000070a900000| Untracked 
| 130|0x000000070aa00000, 0x000000070aa00000, 0x000000070ab00000|  0%| F|  |TAMS 0x000000070aa00000, 0x000000070aa00000| Untracked 
| 131|0x000000070ab00000, 0x000000070ab00000, 0x000000070ac00000|  0%| F|  |TAMS 0x000000070ab00000, 0x000000070ab00000| Untracked 
| 132|0x000000070ac00000, 0x000000070ac00000, 0x000000070ad00000|  0%| F|  |TAMS 0x000000070ac00000, 0x000000070ac00000| Untracked 
| 133|0x000000070ad00000, 0x000000070ad00000, 0x000000070ae00000|  0%| F|  |TAMS 0x000000070ad00000, 0x000000070ad00000| Untracked 
| 134|0x000000070ae00000, 0x000000070ae00000, 0x000000070af00000|  0%| F|  |TAMS 0x000000070ae00000, 0x000000070ae00000| Untracked 
| 135|0x000000070af00000, 0x000000070af00000, 0x000000070b000000|  0%| F|  |TAMS 0x000000070af00000, 0x000000070af00000| Untracked 
| 136|0x000000070b000000, 0x000000070b000000, 0x000000070b100000|  0%| F|  |TAMS 0x000000070b000000, 0x000000070b000000| Untracked 
| 137|0x000000070b100000, 0x000000070b100000, 0x000000070b200000|  0%| F|  |TAMS 0x000000070b100000, 0x000000070b100000| Untracked 
| 138|0x000000070b200000, 0x000000070b200000, 0x000000070b300000|  0%| F|  |TAMS 0x000000070b200000, 0x000000070b200000| Untracked 
| 139|0x000000070b300000, 0x000000070b300000, 0x000000070b400000|  0%| F|  |TAMS 0x000000070b300000, 0x000000070b300000| Untracked 
| 140|0x000000070b400000, 0x000000070b400000, 0x000000070b500000|  0%| F|  |TAMS 0x000000070b400000, 0x000000070b400000| Untracked 
| 141|0x000000070b500000, 0x000000070b500000, 0x000000070b600000|  0%| F|  |TAMS 0x000000070b500000, 0x000000070b500000| Untracked 
| 142|0x000000070b600000, 0x000000070b600000, 0x000000070b700000|  0%| F|  |TAMS 0x000000070b600000, 0x000000070b600000| Untracked 
| 143|0x000000070b700000, 0x000000070b700000, 0x000000070b800000|  0%| F|  |TAMS 0x000000070b700000, 0x000000070b700000| Untracked 
| 144|0x000000070b800000, 0x000000070b800000, 0x000000070b900000|  0%| F|  |TAMS 0x000000070b800000, 0x000000070b800000| Untracked 
| 145|0x000000070b900000, 0x000000070b900000, 0x000000070ba00000|  0%| F|  |TAMS 0x000000070b900000, 0x000000070b900000| Untracked 
| 146|0x000000070ba00000, 0x000000070ba00000, 0x000000070bb00000|  0%| F|  |TAMS 0x000000070ba00000, 0x000000070ba00000| Untracked 
| 147|0x000000070bb00000, 0x000000070bb00000, 0x000000070bc00000|  0%| F|  |TAMS 0x000000070bb00000, 0x000000070bb00000| Untracked 
| 148|0x000000070bc00000, 0x000000070bc00000, 0x000000070bd00000|  0%| F|  |TAMS 0x000000070bc00000, 0x000000070bc00000| Untracked 
| 149|0x000000070bd00000, 0x000000070bd00000, 0x000000070be00000|  0%| F|  |TAMS 0x000000070bd00000, 0x000000070bd00000| Untracked 
| 150|0x000000070be00000, 0x000000070be00000, 0x000000070bf00000|  0%| F|  |TAMS 0x000000070be00000, 0x000000070be00000| Untracked 
| 151|0x000000070bf00000, 0x000000070bf00000, 0x000000070c000000|  0%| F|  |TAMS 0x000000070bf00000, 0x000000070bf00000| Untracked 
| 152|0x000000070c000000, 0x000000070c000000, 0x000000070c100000|  0%| F|  |TAMS 0x000000070c000000, 0x000000070c000000| Untracked 
| 153|0x000000070c100000, 0x000000070c100000, 0x000000070c200000|  0%| F|  |TAMS 0x000000070c100000, 0x000000070c100000| Untracked 
| 154|0x000000070c200000, 0x000000070c200000, 0x000000070c300000|  0%| F|  |TAMS 0x000000070c200000, 0x000000070c200000| Untracked 
| 155|0x000000070c300000, 0x000000070c300000, 0x000000070c400000|  0%| F|  |TAMS 0x000000070c300000, 0x000000070c300000| Untracked 
| 156|0x000000070c400000, 0x000000070c400000, 0x000000070c500000|  0%| F|  |TAMS 0x000000070c400000, 0x000000070c400000| Untracked 
| 157|0x000000070c500000, 0x000000070c500000, 0x000000070c600000|  0%| F|  |TAMS 0x000000070c500000, 0x000000070c500000| Untracked 
| 158|0x000000070c600000, 0x000000070c600000, 0x000000070c700000|  0%| F|  |TAMS 0x000000070c600000, 0x000000070c600000| Untracked 
| 159|0x000000070c700000, 0x000000070c700000, 0x000000070c800000|  0%| F|  |TAMS 0x000000070c700000, 0x000000070c700000| Untracked 
| 160|0x000000070c800000, 0x000000070c800000, 0x000000070c900000|  0%| F|  |TAMS 0x000000070c800000, 0x000000070c800000| Untracked 
| 161|0x000000070c900000, 0x000000070c900000, 0x000000070ca00000|  0%| F|  |TAMS 0x000000070c900000, 0x000000070c900000| Untracked 
| 162|0x000000070ca00000, 0x000000070ca00000, 0x000000070cb00000|  0%| F|  |TAMS 0x000000070ca00000, 0x000000070ca00000| Untracked 
| 163|0x000000070cb00000, 0x000000070cb00000, 0x000000070cc00000|  0%| F|  |TAMS 0x000000070cb00000, 0x000000070cb00000| Untracked 
| 164|0x000000070cc00000, 0x000000070cc00000, 0x000000070cd00000|  0%| F|  |TAMS 0x000000070cc00000, 0x000000070cc00000| Untracked 
| 165|0x000000070cd00000, 0x000000070cd00000, 0x000000070ce00000|  0%| F|  |TAMS 0x000000070cd00000, 0x000000070cd00000| Untracked 
| 166|0x000000070ce00000, 0x000000070ce00000, 0x000000070cf00000|  0%| F|  |TAMS 0x000000070ce00000, 0x000000070ce00000| Untracked 
| 167|0x000000070cf00000, 0x000000070d000000, 0x000000070d000000|100%| E|  |TAMS 0x000000070cf00000, 0x000000070cf00000| Complete 
| 168|0x000000070d000000, 0x000000070d100000, 0x000000070d100000|100%| E|CS|TAMS 0x000000070d000000, 0x000000070d000000| Complete 
| 169|0x000000070d100000, 0x000000070d200000, 0x000000070d200000|100%| E|CS|TAMS 0x000000070d100000, 0x000000070d100000| Complete 
| 170|0x000000070d200000, 0x000000070d300000, 0x000000070d300000|100%| E|CS|TAMS 0x000000070d200000, 0x000000070d200000| Complete 
| 171|0x000000070d300000, 0x000000070d400000, 0x000000070d400000|100%| E|CS|TAMS 0x000000070d300000, 0x000000070d300000| Complete 
| 172|0x000000070d400000, 0x000000070d500000, 0x000000070d500000|100%| E|CS|TAMS 0x000000070d400000, 0x000000070d400000| Complete 
| 173|0x000000070d500000, 0x000000070d600000, 0x000000070d600000|100%| E|CS|TAMS 0x000000070d500000, 0x000000070d500000| Complete 
| 174|0x000000070d600000, 0x000000070d700000, 0x000000070d700000|100%| E|CS|TAMS 0x000000070d600000, 0x000000070d600000| Complete 
| 175|0x000000070d700000, 0x000000070d800000, 0x000000070d800000|100%| E|CS|TAMS 0x000000070d700000, 0x000000070d700000| Complete 
| 176|0x000000070d800000, 0x000000070d900000, 0x000000070d900000|100%| E|CS|TAMS 0x000000070d800000, 0x000000070d800000| Complete 
| 177|0x000000070d900000, 0x000000070da00000, 0x000000070da00000|100%| E|CS|TAMS 0x000000070d900000, 0x000000070d900000| Complete 
| 178|0x000000070da00000, 0x000000070db00000, 0x000000070db00000|100%| E|CS|TAMS 0x000000070da00000, 0x000000070da00000| Complete 
| 179|0x000000070db00000, 0x000000070dc00000, 0x000000070dc00000|100%| E|CS|TAMS 0x000000070db00000, 0x000000070db00000| Complete 
| 180|0x000000070dc00000, 0x000000070dd00000, 0x000000070dd00000|100%| E|CS|TAMS 0x000000070dc00000, 0x000000070dc00000| Complete 
| 181|0x000000070dd00000, 0x000000070de00000, 0x000000070de00000|100%| E|CS|TAMS 0x000000070dd00000, 0x000000070dd00000| Complete 
| 182|0x000000070de00000, 0x000000070df00000, 0x000000070df00000|100%| E|CS|TAMS 0x000000070de00000, 0x000000070de00000| Complete 
| 183|0x000000070df00000, 0x000000070e000000, 0x000000070e000000|100%| E|CS|TAMS 0x000000070df00000, 0x000000070df00000| Complete 
| 184|0x000000070e000000, 0x000000070e100000, 0x000000070e100000|100%| E|CS|TAMS 0x000000070e000000, 0x000000070e000000| Complete 
| 185|0x000000070e100000, 0x000000070e200000, 0x000000070e200000|100%| E|CS|TAMS 0x000000070e100000, 0x000000070e100000| Complete 
| 186|0x000000070e200000, 0x000000070e300000, 0x000000070e300000|100%| E|CS|TAMS 0x000000070e200000, 0x000000070e200000| Complete 
| 187|0x000000070e300000, 0x000000070e400000, 0x000000070e400000|100%| E|CS|TAMS 0x000000070e300000, 0x000000070e300000| Complete 
| 188|0x000000070e400000, 0x000000070e500000, 0x000000070e500000|100%| E|CS|TAMS 0x000000070e400000, 0x000000070e400000| Complete 
| 189|0x000000070e500000, 0x000000070e600000, 0x000000070e600000|100%| E|CS|TAMS 0x000000070e500000, 0x000000070e500000| Complete 
| 190|0x000000070e600000, 0x000000070e700000, 0x000000070e700000|100%| E|CS|TAMS 0x000000070e600000, 0x000000070e600000| Complete 
| 191|0x000000070e700000, 0x000000070e800000, 0x000000070e800000|100%| E|CS|TAMS 0x000000070e700000, 0x000000070e700000| Complete 
| 192|0x000000070e800000, 0x000000070e900000, 0x000000070e900000|100%| E|CS|TAMS 0x000000070e800000, 0x000000070e800000| Complete 
| 193|0x000000070e900000, 0x000000070ea00000, 0x000000070ea00000|100%| E|CS|TAMS 0x000000070e900000, 0x000000070e900000| Complete 
| 194|0x000000070ea00000, 0x000000070eb00000, 0x000000070eb00000|100%| E|CS|TAMS 0x000000070ea00000, 0x000000070ea00000| Complete 
| 195|0x000000070eb00000, 0x000000070ec00000, 0x000000070ec00000|100%| E|CS|TAMS 0x000000070eb00000, 0x000000070eb00000| Complete 
| 196|0x000000070ec00000, 0x000000070ed00000, 0x000000070ed00000|100%| E|CS|TAMS 0x000000070ec00000, 0x000000070ec00000| Complete 
| 197|0x000000070ed00000, 0x000000070ee00000, 0x000000070ee00000|100%| E|CS|TAMS 0x000000070ed00000, 0x000000070ed00000| Complete 
| 198|0x000000070ee00000, 0x000000070ef00000, 0x000000070ef00000|100%| E|CS|TAMS 0x000000070ee00000, 0x000000070ee00000| Complete 
| 199|0x000000070ef00000, 0x000000070f000000, 0x000000070f000000|100%| E|CS|TAMS 0x000000070ef00000, 0x000000070ef00000| Complete 
| 200|0x000000070f000000, 0x000000070f100000, 0x000000070f100000|100%| E|CS|TAMS 0x000000070f000000, 0x000000070f000000| Complete 
| 201|0x000000070f100000, 0x000000070f200000, 0x000000070f200000|100%| E|CS|TAMS 0x000000070f100000, 0x000000070f100000| Complete 
| 202|0x000000070f200000, 0x000000070f300000, 0x000000070f300000|100%| E|CS|TAMS 0x000000070f200000, 0x000000070f200000| Complete 
| 203|0x000000070f300000, 0x000000070f400000, 0x000000070f400000|100%| E|CS|TAMS 0x000000070f300000, 0x000000070f300000| Complete 
| 204|0x000000070f400000, 0x000000070f500000, 0x000000070f500000|100%| E|CS|TAMS 0x000000070f400000, 0x000000070f400000| Complete 
| 205|0x000000070f500000, 0x000000070f600000, 0x000000070f600000|100%| E|CS|TAMS 0x000000070f500000, 0x000000070f500000| Complete 
| 206|0x000000070f600000, 0x000000070f700000, 0x000000070f700000|100%| E|CS|TAMS 0x000000070f600000, 0x000000070f600000| Complete 
| 207|0x000000070f700000, 0x000000070f800000, 0x000000070f800000|100%| E|CS|TAMS 0x000000070f700000, 0x000000070f700000| Complete 
| 208|0x000000070f800000, 0x000000070f900000, 0x000000070f900000|100%| E|CS|TAMS 0x000000070f800000, 0x000000070f800000| Complete 
| 209|0x000000070f900000, 0x000000070fa00000, 0x000000070fa00000|100%| E|CS|TAMS 0x000000070f900000, 0x000000070f900000| Complete 
| 210|0x000000070fa00000, 0x000000070fb00000, 0x000000070fb00000|100%| E|CS|TAMS 0x000000070fa00000, 0x000000070fa00000| Complete 
| 211|0x000000070fb00000, 0x000000070fc00000, 0x000000070fc00000|100%| E|CS|TAMS 0x000000070fb00000, 0x000000070fb00000| Complete 
| 212|0x000000070fc00000, 0x000000070fd00000, 0x000000070fd00000|100%| E|CS|TAMS 0x000000070fc00000, 0x000000070fc00000| Complete 
| 213|0x000000070fd00000, 0x000000070fe00000, 0x000000070fe00000|100%| E|CS|TAMS 0x000000070fd00000, 0x000000070fd00000| Complete 
| 214|0x000000070fe00000, 0x000000070ff00000, 0x000000070ff00000|100%| E|CS|TAMS 0x000000070fe00000, 0x000000070fe00000| Complete 
| 215|0x000000070ff00000, 0x0000000710000000, 0x0000000710000000|100%| E|CS|TAMS 0x000000070ff00000, 0x000000070ff00000| Complete 
| 216|0x0000000710000000, 0x0000000710100000, 0x0000000710100000|100%| E|CS|TAMS 0x0000000710000000, 0x0000000710000000| Complete 
| 217|0x0000000710100000, 0x0000000710200000, 0x0000000710200000|100%| E|CS|TAMS 0x0000000710100000, 0x0000000710100000| Complete 
| 218|0x0000000710200000, 0x0000000710300000, 0x0000000710300000|100%| E|CS|TAMS 0x0000000710200000, 0x0000000710200000| Complete 
| 219|0x0000000710300000, 0x0000000710400000, 0x0000000710400000|100%| E|CS|TAMS 0x0000000710300000, 0x0000000710300000| Complete 
| 220|0x0000000710400000, 0x0000000710500000, 0x0000000710500000|100%| E|CS|TAMS 0x0000000710400000, 0x0000000710400000| Complete 
| 221|0x0000000710500000, 0x0000000710600000, 0x0000000710600000|100%| E|CS|TAMS 0x0000000710500000, 0x0000000710500000| Complete 
| 222|0x0000000710600000, 0x0000000710700000, 0x0000000710700000|100%| E|CS|TAMS 0x0000000710600000, 0x0000000710600000| Complete 
| 223|0x0000000710700000, 0x0000000710800000, 0x0000000710800000|100%| E|CS|TAMS 0x0000000710700000, 0x0000000710700000| Complete 
| 224|0x0000000710800000, 0x0000000710900000, 0x0000000710900000|100%| E|CS|TAMS 0x0000000710800000, 0x0000000710800000| Complete 
| 225|0x0000000710900000, 0x0000000710a00000, 0x0000000710a00000|100%| E|CS|TAMS 0x0000000710900000, 0x0000000710900000| Complete 
| 226|0x0000000710a00000, 0x0000000710b00000, 0x0000000710b00000|100%| E|CS|TAMS 0x0000000710a00000, 0x0000000710a00000| Complete 
| 227|0x0000000710b00000, 0x0000000710c00000, 0x0000000710c00000|100%| E|CS|TAMS 0x0000000710b00000, 0x0000000710b00000| Complete 
| 228|0x0000000710c00000, 0x0000000710d00000, 0x0000000710d00000|100%| E|CS|TAMS 0x0000000710c00000, 0x0000000710c00000| Complete 
| 229|0x0000000710d00000, 0x0000000710e00000, 0x0000000710e00000|100%| E|CS|TAMS 0x0000000710d00000, 0x0000000710d00000| Complete 
| 230|0x0000000710e00000, 0x0000000710f00000, 0x0000000710f00000|100%| E|CS|TAMS 0x0000000710e00000, 0x0000000710e00000| Complete 
| 231|0x0000000710f00000, 0x0000000711000000, 0x0000000711000000|100%| E|CS|TAMS 0x0000000710f00000, 0x0000000710f00000| Complete 
| 232|0x0000000711000000, 0x0000000711100000, 0x0000000711100000|100%| E|CS|TAMS 0x0000000711000000, 0x0000000711000000| Complete 
| 233|0x0000000711100000, 0x0000000711200000, 0x0000000711200000|100%| E|CS|TAMS 0x0000000711100000, 0x0000000711100000| Complete 
| 234|0x0000000711200000, 0x0000000711300000, 0x0000000711300000|100%| E|CS|TAMS 0x0000000711200000, 0x0000000711200000| Complete 
| 235|0x0000000711300000, 0x0000000711400000, 0x0000000711400000|100%| E|CS|TAMS 0x0000000711300000, 0x0000000711300000| Complete 
| 236|0x0000000711400000, 0x0000000711500000, 0x0000000711500000|100%| E|CS|TAMS 0x0000000711400000, 0x0000000711400000| Complete 
| 237|0x0000000711500000, 0x0000000711600000, 0x0000000711600000|100%| E|CS|TAMS 0x0000000711500000, 0x0000000711500000| Complete 
| 238|0x0000000711600000, 0x0000000711700000, 0x0000000711700000|100%| E|CS|TAMS 0x0000000711600000, 0x0000000711600000| Complete 
| 239|0x0000000711700000, 0x0000000711800000, 0x0000000711800000|100%| E|CS|TAMS 0x0000000711700000, 0x0000000711700000| Complete 
| 240|0x0000000711800000, 0x000000071183fe30, 0x0000000711900000| 24%| S|CS|TAMS 0x0000000711800000, 0x0000000711800000| Complete 
| 241|0x0000000711900000, 0x0000000711a00000, 0x0000000711a00000|100%| S|CS|TAMS 0x0000000711900000, 0x0000000711900000| Complete 
| 242|0x0000000711a00000, 0x0000000711b00000, 0x0000000711b00000|100%| S|CS|TAMS 0x0000000711a00000, 0x0000000711a00000| Complete 
| 243|0x0000000711b00000, 0x0000000711c00000, 0x0000000711c00000|100%| S|CS|TAMS 0x0000000711b00000, 0x0000000711b00000| Complete 
| 244|0x0000000711c00000, 0x0000000711d00000, 0x0000000711d00000|100%| S|CS|TAMS 0x0000000711c00000, 0x0000000711c00000| Complete 
| 245|0x0000000711d00000, 0x0000000711e00000, 0x0000000711e00000|100%| S|CS|TAMS 0x0000000711d00000, 0x0000000711d00000| Complete 
| 246|0x0000000711e00000, 0x0000000711f00000, 0x0000000711f00000|100%| S|CS|TAMS 0x0000000711e00000, 0x0000000711e00000| Complete 
| 247|0x0000000711f00000, 0x0000000712000000, 0x0000000712000000|100%| E|CS|TAMS 0x0000000711f00000, 0x0000000711f00000| Complete 
| 248|0x0000000712000000, 0x0000000712100000, 0x0000000712100000|100%| E|CS|TAMS 0x0000000712000000, 0x0000000712000000| Complete 
| 249|0x0000000712100000, 0x0000000712200000, 0x0000000712200000|100%| E|CS|TAMS 0x0000000712100000, 0x0000000712100000| Complete 
| 250|0x0000000712200000, 0x0000000712300000, 0x0000000712300000|100%| E|CS|TAMS 0x0000000712200000, 0x0000000712200000| Complete 
| 251|0x0000000712300000, 0x0000000712400000, 0x0000000712400000|100%| E|CS|TAMS 0x0000000712300000, 0x0000000712300000| Complete 
| 252|0x0000000712400000, 0x0000000712500000, 0x0000000712500000|100%| E|CS|TAMS 0x0000000712400000, 0x0000000712400000| Complete 
| 253|0x0000000712500000, 0x0000000712600000, 0x0000000712600000|100%| E|CS|TAMS 0x0000000712500000, 0x0000000712500000| Complete 
| 254|0x0000000712600000, 0x0000000712700000, 0x0000000712700000|100%| E|CS|TAMS 0x0000000712600000, 0x0000000712600000| Complete 
| 255|0x0000000712700000, 0x0000000712800000, 0x0000000712800000|100%| E|CS|TAMS 0x0000000712700000, 0x0000000712700000| Complete 
| 256|0x0000000712800000, 0x0000000712900000, 0x0000000712900000|100%| E|CS|TAMS 0x0000000712800000, 0x0000000712800000| Complete 
| 257|0x0000000712900000, 0x0000000712a00000, 0x0000000712a00000|100%| E|CS|TAMS 0x0000000712900000, 0x0000000712900000| Complete 
| 258|0x0000000712a00000, 0x0000000712b00000, 0x0000000712b00000|100%| E|CS|TAMS 0x0000000712a00000, 0x0000000712a00000| Complete 
| 259|0x0000000712b00000, 0x0000000712c00000, 0x0000000712c00000|100%| E|CS|TAMS 0x0000000712b00000, 0x0000000712b00000| Complete 
| 260|0x0000000712c00000, 0x0000000712d00000, 0x0000000712d00000|100%| E|CS|TAMS 0x0000000712c00000, 0x0000000712c00000| Complete 
| 261|0x0000000712d00000, 0x0000000712e00000, 0x0000000712e00000|100%| E|CS|TAMS 0x0000000712d00000, 0x0000000712d00000| Complete 
| 262|0x0000000712e00000, 0x0000000712f00000, 0x0000000712f00000|100%| E|CS|TAMS 0x0000000712e00000, 0x0000000712e00000| Complete 
| 263|0x0000000712f00000, 0x0000000713000000, 0x0000000713000000|100%| E|CS|TAMS 0x0000000712f00000, 0x0000000712f00000| Complete 
| 264|0x0000000713000000, 0x0000000713100000, 0x0000000713100000|100%| E|CS|TAMS 0x0000000713000000, 0x0000000713000000| Complete 
| 265|0x0000000713100000, 0x0000000713200000, 0x0000000713200000|100%| E|CS|TAMS 0x0000000713100000, 0x0000000713100000| Complete 
| 266|0x0000000713200000, 0x0000000713300000, 0x0000000713300000|100%| E|CS|TAMS 0x0000000713200000, 0x0000000713200000| Complete 
| 267|0x0000000713300000, 0x0000000713400000, 0x0000000713400000|100%| E|CS|TAMS 0x0000000713300000, 0x0000000713300000| Complete 
| 268|0x0000000713400000, 0x0000000713500000, 0x0000000713500000|100%| E|CS|TAMS 0x0000000713400000, 0x0000000713400000| Complete 
| 269|0x0000000713500000, 0x0000000713600000, 0x0000000713600000|100%| E|CS|TAMS 0x0000000713500000, 0x0000000713500000| Complete 
| 270|0x0000000713600000, 0x0000000713700000, 0x0000000713700000|100%| E|CS|TAMS 0x0000000713600000, 0x0000000713600000| Complete 
| 271|0x0000000713700000, 0x0000000713800000, 0x0000000713800000|100%| E|CS|TAMS 0x0000000713700000, 0x0000000713700000| Complete 
| 272|0x0000000713800000, 0x0000000713900000, 0x0000000713900000|100%| E|CS|TAMS 0x0000000713800000, 0x0000000713800000| Complete 
| 273|0x0000000713900000, 0x0000000713a00000, 0x0000000713a00000|100%| E|CS|TAMS 0x0000000713900000, 0x0000000713900000| Complete 
| 274|0x0000000713a00000, 0x0000000713b00000, 0x0000000713b00000|100%| E|CS|TAMS 0x0000000713a00000, 0x0000000713a00000| Complete 
| 275|0x0000000713b00000, 0x0000000713c00000, 0x0000000713c00000|100%| E|CS|TAMS 0x0000000713b00000, 0x0000000713b00000| Complete 
| 276|0x0000000713c00000, 0x0000000713d00000, 0x0000000713d00000|100%| E|CS|TAMS 0x0000000713c00000, 0x0000000713c00000| Complete 
| 277|0x0000000713d00000, 0x0000000713e00000, 0x0000000713e00000|100%| E|CS|TAMS 0x0000000713d00000, 0x0000000713d00000| Complete 
| 278|0x0000000713e00000, 0x0000000713f00000, 0x0000000713f00000|100%| E|CS|TAMS 0x0000000713e00000, 0x0000000713e00000| Complete 
| 279|0x0000000713f00000, 0x0000000714000000, 0x0000000714000000|100%| E|CS|TAMS 0x0000000713f00000, 0x0000000713f00000| Complete 
| 280|0x0000000714000000, 0x0000000714100000, 0x0000000714100000|100%| E|CS|TAMS 0x0000000714000000, 0x0000000714000000| Complete 
| 281|0x0000000714100000, 0x0000000714200000, 0x0000000714200000|100%| E|CS|TAMS 0x0000000714100000, 0x0000000714100000| Complete 
| 282|0x0000000714200000, 0x0000000714300000, 0x0000000714300000|100%| E|CS|TAMS 0x0000000714200000, 0x0000000714200000| Complete 
| 283|0x0000000714300000, 0x0000000714400000, 0x0000000714400000|100%| E|CS|TAMS 0x0000000714300000, 0x0000000714300000| Complete 
| 284|0x0000000714400000, 0x0000000714500000, 0x0000000714500000|100%| E|CS|TAMS 0x0000000714400000, 0x0000000714400000| Complete 
| 285|0x0000000714500000, 0x0000000714600000, 0x0000000714600000|100%| E|CS|TAMS 0x0000000714500000, 0x0000000714500000| Complete 
| 286|0x0000000714600000, 0x0000000714700000, 0x0000000714700000|100%| E|CS|TAMS 0x0000000714600000, 0x0000000714600000| Complete 
| 287|0x0000000714700000, 0x0000000714800000, 0x0000000714800000|100%| E|CS|TAMS 0x0000000714700000, 0x0000000714700000| Complete 
| 288|0x0000000714800000, 0x0000000714900000, 0x0000000714900000|100%| E|CS|TAMS 0x0000000714800000, 0x0000000714800000| Complete 
| 289|0x0000000714900000, 0x0000000714a00000, 0x0000000714a00000|100%| E|CS|TAMS 0x0000000714900000, 0x0000000714900000| Complete 
| 290|0x0000000714a00000, 0x0000000714b00000, 0x0000000714b00000|100%| E|CS|TAMS 0x0000000714a00000, 0x0000000714a00000| Complete 
| 291|0x0000000714b00000, 0x0000000714c00000, 0x0000000714c00000|100%| E|CS|TAMS 0x0000000714b00000, 0x0000000714b00000| Complete 
| 292|0x0000000714c00000, 0x0000000714d00000, 0x0000000714d00000|100%| E|CS|TAMS 0x0000000714c00000, 0x0000000714c00000| Complete 
| 293|0x0000000714d00000, 0x0000000714e00000, 0x0000000714e00000|100%| E|CS|TAMS 0x0000000714d00000, 0x0000000714d00000| Complete 
| 294|0x0000000714e00000, 0x0000000714f00000, 0x0000000714f00000|100%| E|CS|TAMS 0x0000000714e00000, 0x0000000714e00000| Complete 
| 295|0x0000000714f00000, 0x0000000715000000, 0x0000000715000000|100%| E|CS|TAMS 0x0000000714f00000, 0x0000000714f00000| Complete 
| 296|0x0000000715000000, 0x0000000715100000, 0x0000000715100000|100%| E|CS|TAMS 0x0000000715000000, 0x0000000715000000| Complete 
| 297|0x0000000715100000, 0x0000000715200000, 0x0000000715200000|100%| E|CS|TAMS 0x0000000715100000, 0x0000000715100000| Complete 
| 298|0x0000000715200000, 0x0000000715300000, 0x0000000715300000|100%| E|CS|TAMS 0x0000000715200000, 0x0000000715200000| Complete 
| 299|0x0000000715300000, 0x0000000715400000, 0x0000000715400000|100%| E|CS|TAMS 0x0000000715300000, 0x0000000715300000| Complete 
| 300|0x0000000715400000, 0x0000000715500000, 0x0000000715500000|100%| E|CS|TAMS 0x0000000715400000, 0x0000000715400000| Complete 
| 301|0x0000000715500000, 0x0000000715600000, 0x0000000715600000|100%| E|CS|TAMS 0x0000000715500000, 0x0000000715500000| Complete 
| 302|0x0000000715600000, 0x0000000715700000, 0x0000000715700000|100%| E|CS|TAMS 0x0000000715600000, 0x0000000715600000| Complete 
| 303|0x0000000715700000, 0x0000000715800000, 0x0000000715800000|100%| E|CS|TAMS 0x0000000715700000, 0x0000000715700000| Complete 
| 304|0x0000000715800000, 0x0000000715900000, 0x0000000715900000|100%| E|CS|TAMS 0x0000000715800000, 0x0000000715800000| Complete 

Card table byte_map: [0x0000024437760000,0x0000024437f50000] _byte_map_base: 0x0000024433f4c000

Marking Bits (Prev, Next): (CMBitMap*) 0x0000024423c22740, (CMBitMap*) 0x0000024423c22708
 Prev Bits: [0x000002443c6a0000, 0x0000024440600000)
 Next Bits: [0x0000024438740000, 0x000002443c6a0000)

Polling page: 0x0000024421b70000

Metaspace:

Usage:
  Non-class:     69.32 MB capacity,    68.85 MB (>99%) used,   364.79 KB ( <1%) free+waste,   118.88 KB ( <1%) overhead. 
      Class:      8.48 MB capacity,     8.15 MB ( 96%) used,   296.48 KB (  3%) free+waste,    48.81 KB ( <1%) overhead. 
       Both:     77.80 MB capacity,    76.99 MB ( 99%) used,   661.27 KB ( <1%) free+waste,   167.69 KB ( <1%) overhead. 

Virtual space:
  Non-class space:       70.00 MB reserved,      69.33 MB (>99%) committed 
      Class space:        1.00 GB reserved,       8.50 MB ( <1%) committed 
             Both:        1.07 GB reserved,      77.83 MB (  7%) committed 

Chunk freelists:
   Non-Class:  7.00 KB
       Class:  18.00 KB
        Both:  25.00 KB

MaxMetaspaceSize: 17179869184.00 GB
CompressedClassSpaceSize: 1.00 GB
Initial GC threshold: 20.80 MB
Current GC threshold: 98.46 MB
CDS: off

CodeHeap 'non-profiled nmethods': size=119168Kb used=6431Kb max_used=6431Kb free=112736Kb
 bounds [0x000002442f290000, 0x000002442f8e0000, 0x00000244366f0000]
CodeHeap 'profiled nmethods': size=119168Kb used=40546Kb max_used=40546Kb free=78621Kb
 bounds [0x0000024427e30000, 0x000002442a5d0000, 0x000002442f290000]
CodeHeap 'non-nmethods': size=7424Kb used=3096Kb max_used=3152Kb free=4327Kb
 bounds [0x00000244276f0000, 0x0000024427a10000, 0x0000024427e30000]
 total_blobs=13260 nmethods=12568 adapters=597
 compilation: enabled
              stopped_count=0, restarted_count=0
 full_count=0

Compilation events (20 events):
Event: 4.411 Thread 0x0000024444071800 nmethod 12454 0x000002442a533210 code [0x000002442a5333c0, 0x000002442a5334b8]
Event: 4.411 Thread 0x000002444482d800 nmethod 12455 0x000002442a533590 code [0x000002442a533740, 0x000002442a533838]
Event: 4.412 Thread 0x0000024444071800 12458       3       kotlin.jvm.internal.SpreadBuilder::<init> (17 bytes)
Event: 4.412 Thread 0x000002444482d800 12459       3       kotlin.jvm.internal.SpreadBuilder::size (8 bytes)
Event: 4.412 Thread 0x00000244441af000 nmethod 12456 0x000002442a533910 code [0x000002442a533ac0, 0x000002442a533bf8]
Event: 4.412 Thread 0x000002444482e800 nmethod 12457 0x000002442a533d10 code [0x000002442a533ec0, 0x000002442a533fb8]
Event: 4.412 Thread 0x00000244441af000 12460       3       kotlin.jvm.internal.SpreadBuilder::toArray (9 bytes)
Event: 4.412 Thread 0x000002444482d800 nmethod 12459 0x000002442a534090 code [0x000002442a534240, 0x000002442a5343f8]
Event: 4.412 Thread 0x0000024444071800 nmethod 12458 0x000002442a534490 code [0x000002442a534660, 0x000002442a5348c8]
Event: 4.412 Thread 0x00000244441af000 nmethod 12460 0x000002442a534a10 code [0x000002442a534bc0, 0x000002442a534d88]
Event: 4.412 Thread 0x0000024444216000 nmethod 12436 0x000002442f8cdf90 code [0x000002442f8ce120, 0x000002442f8ce1f8]
Event: 4.412 Thread 0x0000024444216000 12428       4       org.jetbrains.kotlin.com.intellij.openapi.vfs.local.CoreLocalVirtualFile::isDirectory (14 bytes)
Event: 4.413 Thread 0x000002444402e000 nmethod 12385 0x000002442f8ce310 code [0x000002442f8ce560, 0x000002442f8cf128]
Event: 4.414 Thread 0x000002444482e800 12461       3       org.jetbrains.kotlin.serialization.DescriptorSerializer::allTypesFromSignature (343 bytes)
Event: 4.415 Thread 0x000002444482d800 12462       3       org.jetbrains.kotlin.backend.jvm.codegen.FunctionCodegen$doGenerate$1::visitAnnotation (22 bytes)
Event: 4.415 Thread 0x000002444482d800 nmethod 12462 0x000002442a534e90 code [0x000002442a5350e0, 0x000002442a5357b8]
Event: 4.416 Thread 0x000002444402e000 12463       4       org.jetbrains.kotlin.com.intellij.psi.impl.file.impl.FileManagerImpl::findDirectoryImpl (89 bytes)
Event: 4.416 Thread 0x0000024444071800 12464       1       org.jetbrains.kotlin.backend.jvm.codegen.ExpressionCodegen::getFrameMap (5 bytes)
Event: 4.416 Thread 0x000002444482e800 nmethod 12461 0x000002442a535a90 code [0x000002442a536120, 0x000002442a539f38]
Event: 4.416 Thread 0x0000024444071800 nmethod 12464 0x000002442f8cfb90 code [0x000002442f8cfd40, 0x000002442f8cfdf8]

GC Heap History (14 events):
Event: 0.361 GC heap before
{Heap before GC invocations=0 (full 0):
 garbage-first heap   total 260096K, used 28672K [0x0000000702800000, 0x0000000800000000)
  region size 1024K, 24 young (24576K), 0 survivors (0K)
 Metaspace       used 11832K, capacity 11986K, committed 12160K, reserved 1060864K
  class space    used 1082K, capacity 1141K, committed 1152K, reserved 1048576K
}
Event: 0.363 GC heap after
{Heap after GC invocations=1 (full 0):
 garbage-first heap   total 260096K, used 6585K [0x0000000702800000, 0x0000000800000000)
  region size 1024K, 3 young (3072K), 3 survivors (3072K)
 Metaspace       used 11832K, capacity 11986K, committed 12160K, reserved 1060864K
  class space    used 1082K, capacity 1141K, committed 1152K, reserved 1048576K
}
Event: 0.712 GC heap before
{Heap before GC invocations=1 (full 0):
 garbage-first heap   total 260096K, used 45497K [0x0000000702800000, 0x0000000800000000)
  region size 1024K, 42 young (43008K), 3 survivors (3072K)
 Metaspace       used 20841K, capacity 21125K, committed 21296K, reserved 1069056K
  class space    used 2226K, capacity 2340K, committed 2432K, reserved 1048576K
}
Event: 0.719 GC heap after
{Heap after GC invocations=2 (full 0):
 garbage-first heap   total 260096K, used 10632K [0x0000000702800000, 0x0000000800000000)
  region size 1024K, 7 young (7168K), 7 survivors (7168K)
 Metaspace       used 20841K, capacity 21125K, committed 21296K, reserved 1069056K
  class space    used 2226K, capacity 2340K, committed 2432K, reserved 1048576K
}
Event: 1.241 GC heap before
{Heap before GC invocations=3 (full 0):
 garbage-first heap   total 260096K, used 75144K [0x0000000702800000, 0x0000000800000000)
  region size 1024K, 64 young (65536K), 7 survivors (7168K)
 Metaspace       used 33083K, capacity 33646K, committed 33712K, reserved 1079296K
  class space    used 3867K, capacity 4083K, committed 4096K, reserved 1048576K
}
Event: 1.248 GC heap after
{Heap after GC invocations=4 (full 0):
 garbage-first heap   total 260096K, used 23144K [0x0000000702800000, 0x0000000800000000)
  region size 1024K, 8 young (8192K), 8 survivors (8192K)
 Metaspace       used 33083K, capacity 33646K, committed 33712K, reserved 1079296K
  class space    used 3867K, capacity 4083K, committed 4096K, reserved 1048576K
}
Event: 1.305 GC heap before
{Heap before GC invocations=4 (full 0):
 garbage-first heap   total 260096K, used 29288K [0x0000000702800000, 0x0000000800000000)
  region size 1024K, 14 young (14336K), 8 survivors (8192K)
 Metaspace       used 33755K, capacity 34292K, committed 34608K, reserved 1079296K
  class space    used 3925K, capacity 4147K, committed 4224K, reserved 1048576K
}
Event: 1.309 GC heap after
{Heap after GC invocations=5 (full 0):
 garbage-first heap   total 260096K, used 24590K [0x0000000702800000, 0x0000000800000000)
  region size 1024K, 2 young (2048K), 2 survivors (2048K)
 Metaspace       used 33755K, capacity 34292K, committed 34608K, reserved 1079296K
  class space    used 3925K, capacity 4147K, committed 4224K, reserved 1048576K
}
Event: 1.370 GC heap before
{Heap before GC invocations=5 (full 0):
 garbage-first heap   total 260096K, used 28686K [0x0000000702800000, 0x0000000800000000)
  region size 1024K, 7 young (7168K), 2 survivors (2048K)
 Metaspace       used 35184K, capacity 35737K, committed 35920K, reserved 1081344K
  class space    used 4295K, capacity 4501K, committed 4608K, reserved 1048576K
}
Event: 1.372 GC heap after
{Heap after GC invocations=6 (full 0):
 garbage-first heap   total 312320K, used 23837K [0x0000000702800000, 0x0000000800000000)
  region size 1024K, 1 young (1024K), 1 survivors (1024K)
 Metaspace       used 35184K, capacity 35737K, committed 35920K, reserved 1081344K
  class space    used 4295K, capacity 4501K, committed 4608K, reserved 1048576K
}
Event: 2.209 GC heap before
{Heap before GC invocations=7 (full 0):
 garbage-first heap   total 312320K, used 135453K [0x0000000702800000, 0x0000000800000000)
  region size 1024K, 107 young (109568K), 1 survivors (1024K)
 Metaspace       used 50954K, capacity 51528K, committed 51792K, reserved 1095680K
  class space    used 5828K, capacity 6065K, committed 6144K, reserved 1048576K
}
Event: 2.216 GC heap after
{Heap after GC invocations=8 (full 0):
 garbage-first heap   total 312320K, used 35974K [0x0000000702800000, 0x0000000800000000)
  region size 1024K, 13 young (13312K), 13 survivors (13312K)
 Metaspace       used 50954K, capacity 51528K, committed 51792K, reserved 1095680K
  class space    used 5828K, capacity 6065K, committed 6144K, reserved 1048576K
}
Event: 2.837 GC heap before
{Heap before GC invocations=8 (full 0):
 garbage-first heap   total 312320K, used 94342K [0x0000000702800000, 0x0000000800000000)
  region size 1024K, 71 young (72704K), 13 survivors (13312K)
 Metaspace       used 59341K, capacity 60117K, committed 60240K, reserved 1101824K
  class space    used 6754K, capacity 7081K, committed 7168K, reserved 1048576K
}
Event: 2.859 GC heap after
{Heap after GC invocations=9 (full 0):
 garbage-first heap   total 312320K, used 41308K [0x0000000702800000, 0x0000000800000000)
  region size 1024K, 7 young (7168K), 7 survivors (7168K)
 Metaspace       used 59341K, capacity 60117K, committed 60240K, reserved 1101824K
  class space    used 6754K, capacity 7081K, committed 7168K, reserved 1048576K
}

Deoptimization events (20 events):
Event: 4.336 Thread 0x0000024423bbe000 Uncommon trap: trap_request=0xffffffde fr.pc=0x000002442f628cbc relative=0x000000000000729c
Event: 4.336 Thread 0x0000024423bbe000 Uncommon trap: reason=class_check action=maybe_recompile pc=0x000002442f628cbc method=org.jetbrains.org.objectweb.asm.ClassReader.readMethod(Lorg/jetbrains/org/objectweb/asm/ClassVisitor;Lorg/jetbrains/org/objectweb/asm/Context;I)I @ 663 c2
Event: 4.336 Thread 0x0000024423bbe000 DEOPT PACKING pc=0x000002442f628cbc sp=0x000000df8e2fc050
Event: 4.336 Thread 0x0000024423bbe000 DEOPT UNPACKING pc=0x00000244276f85af sp=0x000000df8e2fc098 mode 2
Event: 4.371 Thread 0x0000024423bbe000 Uncommon trap: trap_request=0xffffffde fr.pc=0x000002442f81a440 relative=0x0000000000000d60
Event: 4.371 Thread 0x0000024423bbe000 Uncommon trap: reason=class_check action=maybe_recompile pc=0x000002442f81a440 method=org.jetbrains.kotlin.ir.util.IrUtilsKt.getFqNameWhenAvailable(Lorg/jetbrains/kotlin/ir/declarations/IrDeclarationWithName;)Lorg/jetbrains/kotlin/name/FqName; @ 22 c2
Event: 4.371 Thread 0x0000024423bbe000 DEOPT PACKING pc=0x000002442f81a440 sp=0x000000df8e2fcde0
Event: 4.371 Thread 0x0000024423bbe000 DEOPT UNPACKING pc=0x00000244276f85af sp=0x000000df8e2fcdb8 mode 2
Event: 4.371 Thread 0x0000024423bbe000 Uncommon trap: trap_request=0xffffffde fr.pc=0x000002442f81a440 relative=0x0000000000000d60
Event: 4.371 Thread 0x0000024423bbe000 Uncommon trap: reason=class_check action=maybe_recompile pc=0x000002442f81a440 method=org.jetbrains.kotlin.ir.util.IrUtilsKt.getFqNameWhenAvailable(Lorg/jetbrains/kotlin/ir/declarations/IrDeclarationWithName;)Lorg/jetbrains/kotlin/name/FqName; @ 22 c2
Event: 4.371 Thread 0x0000024423bbe000 DEOPT PACKING pc=0x000002442f81a440 sp=0x000000df8e2fcde0
Event: 4.371 Thread 0x0000024423bbe000 DEOPT UNPACKING pc=0x00000244276f85af sp=0x000000df8e2fcdb8 mode 2
Event: 4.372 Thread 0x0000024423bbe000 Uncommon trap: trap_request=0xffffffde fr.pc=0x000002442f81a440 relative=0x0000000000000d60
Event: 4.372 Thread 0x0000024423bbe000 Uncommon trap: reason=class_check action=maybe_recompile pc=0x000002442f81a440 method=org.jetbrains.kotlin.ir.util.IrUtilsKt.getFqNameWhenAvailable(Lorg/jetbrains/kotlin/ir/declarations/IrDeclarationWithName;)Lorg/jetbrains/kotlin/name/FqName; @ 22 c2
Event: 4.372 Thread 0x0000024423bbe000 DEOPT PACKING pc=0x000002442f81a440 sp=0x000000df8e2fcde0
Event: 4.372 Thread 0x0000024423bbe000 DEOPT UNPACKING pc=0x00000244276f85af sp=0x000000df8e2fcdb8 mode 2
Event: 4.378 Thread 0x0000024423bbe000 Uncommon trap: trap_request=0xffffff7e fr.pc=0x000002442f67e394 relative=0x0000000000000294
Event: 4.379 Thread 0x0000024423bbe000 Uncommon trap: reason=predicate action=maybe_recompile pc=0x000002442f67e394 method=kotlin.collections.CollectionsKt__MutableCollectionsKt.addAll(Ljava/util/Collection;Ljava/lang/Iterable;)Z @ 45 c2
Event: 4.379 Thread 0x0000024423bbe000 DEOPT PACKING pc=0x000002442f67e394 sp=0x000000df8e2fcd00
Event: 4.379 Thread 0x0000024423bbe000 DEOPT UNPACKING pc=0x00000244276f85af sp=0x000000df8e2fcc98 mode 2

Classes redefined (0 events):
No events

Internal exceptions (20 events):
Event: 2.017 Thread 0x0000024423bbe000 Exception <a 'java/lang/NoSuchMethodError'{0x000000071163e190}: 'java.lang.Object java.lang.invoke.DirectMethodHandle$Holder.invokeStatic(java.lang.Object, java.lang.Object, java.lang.Object, int)'> (0x000000071163e190) thrown at [src/hotspot/share/interpreter/linkResolver.cpp, line 773]
Event: 2.017 Thread 0x0000024423bbe000 Exception <a 'java/lang/NoSuchMethodError'{0x0000000711641e00}: 'java.lang.Object java.lang.invoke.DirectMethodHandle$Holder.invokeSpecial(java.lang.Object, java.lang.Object, java.lang.Object, java.lang.Object, int)'> (0x0000000711641e00) thrown at [src/hotspot/share/interpreter/linkResolver.cpp, line 773]
Event: 2.017 Thread 0x0000024423bbe000 Exception <a 'java/lang/NoSuchMethodError'{0x0000000711645110}: 'java.lang.Object java.lang.invoke.Invokers$Holder.linkToTargetMethod(java.lang.Object, java.lang.Object, int, java.lang.Object)'> (0x0000000711645110) thrown at [src/hotspot/share/interpreter/linkResolver.cpp, line 773]
Event: 2.425 Thread 0x0000024423bbe000 Implicit null exception at 0x000002442f549cd5 to 0x000002442f54a48c
Event: 2.425 Thread 0x0000024423bbe000 Implicit null exception at 0x000002442f5464af to 0x000002442f5464dc
Event: 2.519 Thread 0x0000024423bbe000 Exception <a 'java/lang/NoSuchMethodError'{0x000000071362ae68}: 'java.lang.Object java.lang.invoke.Invokers$Holder.linkToTargetMethod(java.lang.Object, java.lang.Object, java.lang.Object, java.lang.Object, java.lang.Object, java.lang.Object)'> (0x000000071362ae68) thrown at [src/hotspot/share/interpreter/linkResolver.cpp, line 773]
Event: 2.539 Thread 0x0000024423bbe000 Implicit null exception at 0x000002442f34c9f5 to 0x000002442f34cbe0
Event: 2.542 Thread 0x0000024423bbe000 Implicit null exception at 0x000002442f448fcc to 0x000002442f4490b4
Event: 2.603 Thread 0x0000024423bbe000 Exception <a 'java/lang/NoSuchMethodError'{0x00000007132987c8}: 'int java.lang.invoke.DirectMethodHandle$Holder.invokeStaticInit(java.lang.Object, int)'> (0x00000007132987c8) thrown at [src/hotspot/share/interpreter/linkResolver.cpp, line 773]
Event: 2.671 Thread 0x0000024423bbe000 Exception <a 'java/lang/NoSuchMethodError'{0x0000000712e1fc08}: 'java.lang.Object java.lang.invoke.DirectMethodHandle$Holder.invokeStatic(java.lang.Object, int, java.lang.Object, java.lang.Object)'> (0x0000000712e1fc08) thrown at [src/hotspot/share/interpreter/linkResolver.cpp, line 773]
Event: 2.671 Thread 0x0000024423bbe000 Exception <a 'java/lang/NoSuchMethodError'{0x0000000712e23cd0}: 'java.lang.Object java.lang.invoke.DirectMethodHandle$Holder.invokeSpecial(java.lang.Object, java.lang.Object, int, java.lang.Object, java.lang.Object)'> (0x0000000712e23cd0) thrown at [src/hotspot/share/interpreter/linkResolver.cpp, line 773]
Event: 2.810 Thread 0x0000024423bbe000 Exception <a 'java/lang/NoSuchMethodError'{0x0000000712135f28}: 'java.lang.Object java.lang.invoke.DirectMethodHandle$Holder.invokeSpecial(java.lang.Object, java.lang.Object, java.lang.Object, java.lang.Object, java.lang.Object, int)'> (0x0000000712135f28) thrown at [src/hotspot/share/interpreter/linkResolver.cpp, line 773]
Event: 2.810 Thread 0x0000024423bbe000 Exception <a 'java/lang/NoSuchMethodError'{0x0000000712139ac8}: 'java.lang.Object java.lang.invoke.Invokers$Holder.linkToTargetMethod(java.lang.Object, java.lang.Object, java.lang.Object, int, java.lang.Object)'> (0x0000000712139ac8) thrown at [src/hotspot/share/interpreter/linkResolver.cpp, line 773]
Event: 2.922 Thread 0x0000024423bbe000 Exception <a 'java/lang/NoSuchMethodError'{0x000000071555c248}: 'java.lang.Object java.lang.invoke.DirectMethodHandle$Holder.invokeSpecial(java.lang.Object, java.lang.Object, java.lang.Object, java.lang.Object, java.lang.Object, java.lang.Object, int)'> (0x000000071555c248) thrown at [src/hotspot/share/interpreter/linkResolver.cpp, line 773]
Event: 3.242 Thread 0x0000024423bbe000 Implicit null exception at 0x000002442f2f11f8 to 0x000002442f2f128a
Event: 3.242 Thread 0x0000024423bbe000 Implicit null exception at 0x000002442f2f82af to 0x000002442f2f8329
Event: 3.340 Thread 0x0000024423bbe000 Exception <a 'java/lang/NoSuchMethodError'{0x0000000712ee7620}: 'java.lang.Object java.lang.invoke.DirectMethodHandle$Holder.invokeStaticInit(java.lang.Object, java.lang.Object, java.lang.Object)'> (0x0000000712ee7620) thrown at [src/hotspot/share/interpreter/linkResolver.cpp, line 773]
Event: 3.343 Thread 0x0000024423bbe000 Exception <a 'java/lang/NoSuchMethodError'{0x0000000712d1bd48}: 'int java.lang.invoke.DirectMethodHandle$Holder.invokeInterface(java.lang.Object, java.lang.Object)'> (0x0000000712d1bd48) thrown at [src/hotspot/share/interpreter/linkResolver.cpp, line 773]
Event: 3.976 Thread 0x0000024423bbe000 Implicit null exception at 0x000002442f827ff2 to 0x000002442f828099
Event: 3.991 Thread 0x0000024423bbe000 Exception <a 'java/lang/NoSuchMethodError'{0x000000070f621cb8}: 'java.lang.Object java.lang.invoke.DirectMethodHandle$Holder.invokeStatic(java.lang.Object, int, java.lang.Object)'> (0x000000070f621cb8) thrown at [src/hotspot/share/interpreter/linkResolver.cpp, line 773]

Events (20 events):
Event: 4.343 loading class org/jetbrains/kotlin/load/java/lazy/descriptors/LazyJavaStaticClassScope$flatMapJavaStaticSupertypesScopes$1$1
Event: 4.343 loading class org/jetbrains/kotlin/load/java/lazy/descriptors/LazyJavaStaticClassScope$flatMapJavaStaticSupertypesScopes$1$1 done
Event: 4.343 loading class kotlin/sequences/SequencesKt___SequencesKt$asIterable$$inlined$Iterable$1
Event: 4.343 loading class kotlin/sequences/SequencesKt___SequencesKt$asIterable$$inlined$Iterable$1 done
Event: 4.352 Executing VM operation: ICBufferFull
Event: 4.353 Executing VM operation: ICBufferFull done
Event: 4.360 loading class org/jetbrains/kotlin/load/java/AbstractAnnotationTypeQualifierResolver$extractDefaultQualifiers$nullabilityQualifier$1
Event: 4.360 loading class org/jetbrains/kotlin/load/java/AbstractAnnotationTypeQualifierResolver$extractDefaultQualifiers$nullabilityQualifier$1 done
Event: 4.379 loading class org/jetbrains/kotlin/serialization/AnnotationSerializer
Event: 4.379 loading class org/jetbrains/kotlin/serialization/AnnotationSerializer done
Event: 4.397 Executing VM operation: ICBufferFull
Event: 4.397 Executing VM operation: ICBufferFull done
Event: 4.410 loading class org/jetbrains/kotlin/codegen/CommonVariableAsmNameManglingUtils
Event: 4.410 loading class org/jetbrains/kotlin/codegen/CommonVariableAsmNameManglingUtils done
Event: 4.410 loading class org/jetbrains/kotlin/resolve/jvm/checkers/DalvikIdentifierUtils
Event: 4.410 loading class org/jetbrains/kotlin/resolve/jvm/checkers/DalvikIdentifierUtils done
Event: 4.411 loading class org/jetbrains/kotlin/ir/declarations/DescriptorMetadataSource$Script
Event: 4.411 loading class org/jetbrains/kotlin/ir/declarations/DescriptorMetadataSource$Script done
Event: 4.411 loading class org/jetbrains/kotlin/metadata/ProtoBuf$Package$Builder
Event: 4.411 loading class org/jetbrains/kotlin/metadata/ProtoBuf$Package$Builder done


Dynamic libraries:
0x00007ff631a50000 - 0x00007ff631a5a000 	C:\Program Files\Android\Android Studio\jbr\bin\java.exe
0x00007ffbdf030000 - 0x00007ffbdf228000 	C:\Windows\SYSTEM32\ntdll.dll
0x00007ffbdec10000 - 0x00007ffbdeccf000 	C:\Windows\System32\KERNEL32.DLL
0x00007ffbdcd20000 - 0x00007ffbdd016000 	C:\Windows\System32\KERNELBASE.dll
0x00007ffbdcb90000 - 0x00007ffbdcc90000 	C:\Windows\System32\ucrtbase.dll
0x00007ffbd3f90000 - 0x00007ffbd3fa7000 	C:\Program Files\Android\Android Studio\jbr\bin\jli.dll
0x00007ffbd3f70000 - 0x00007ffbd3f8b000 	C:\Program Files\Android\Android Studio\jbr\bin\VCRUNTIME140.dll
0x00007ffbdd170000 - 0x00007ffbdd30d000 	C:\Windows\System32\USER32.dll
0x00007ffbc9a00000 - 0x00007ffbc9c9a000 	C:\Windows\WinSxS\amd64_microsoft.windows.common-controls_6595b64144ccf1df_6.0.19041.1110_none_60b5254171f9507e\COMCTL32.dll
0x00007ffbdcb30000 - 0x00007ffbdcb52000 	C:\Windows\System32\win32u.dll
0x00007ffbdeac0000 - 0x00007ffbdeb5e000 	C:\Windows\System32\msvcrt.dll
0x00007ffbdd590000 - 0x00007ffbdd5bc000 	C:\Windows\System32\GDI32.dll
0x00007ffbdc760000 - 0x00007ffbdc875000 	C:\Windows\System32\gdi32full.dll
0x00007ffbdc880000 - 0x00007ffbdc91d000 	C:\Windows\System32\msvcp_win.dll
0x00007ffbde190000 - 0x00007ffbde1c0000 	C:\Windows\System32\IMM32.DLL
0x00007ffb99770000 - 0x00007ffb997fd000 	C:\Program Files\Android\Android Studio\jbr\bin\msvcp140.dll
0x00007ffb5dab0000 - 0x00007ffb5dabc000 	C:\Windows\SYSTEM32\VCRUNTIME140_1.dll
0x00007ffb4d0f0000 - 0x00007ffb4dcac000 	C:\Program Files\Android\Android Studio\jbr\bin\server\jvm.dll
0x00007ffbdef40000 - 0x00007ffbdefef000 	C:\Windows\System32\ADVAPI32.dll
0x00007ffbddfc0000 - 0x00007ffbde05c000 	C:\Windows\System32\sechost.dll
0x00007ffbddab0000 - 0x00007ffbddbd6000 	C:\Windows\System32\RPCRT4.dll
0x00007ffbde1c0000 - 0x00007ffbde1c8000 	C:\Windows\System32\PSAPI.DLL
0x00007ffbd5bf0000 - 0x00007ffbd5bfa000 	C:\Windows\SYSTEM32\VERSION.dll
0x00007ffbd8800000 - 0x00007ffbd8809000 	C:\Windows\SYSTEM32\WSOCK32.dll
0x00007ffbcdc80000 - 0x00007ffbcdca7000 	C:\Windows\SYSTEM32\WINMM.dll
0x00007ffbde1d0000 - 0x00007ffbde23b000 	C:\Windows\System32\WS2_32.dll
0x00007ffbdaf60000 - 0x00007ffbdaf72000 	C:\Windows\SYSTEM32\kernel.appcore.dll
0x00007ffbc3cd0000 - 0x00007ffbc3ce0000 	C:\Program Files\Android\Android Studio\jbr\bin\verify.dll
0x00007ffbdac60000 - 0x00007ffbdae44000 	C:\Windows\SYSTEM32\DBGHELP.DLL
0x00007ffbc4ec0000 - 0x00007ffbc4ef4000 	C:\Windows\SYSTEM32\dbgcore.DLL
0x00007ffbdcc90000 - 0x00007ffbdcd12000 	C:\Windows\System32\bcryptPrimitives.dll
0x00007ffbc3ca0000 - 0x00007ffbc3cc8000 	C:\Program Files\Android\Android Studio\jbr\bin\java.dll
0x00007ffbc3c90000 - 0x00007ffbc3c9a000 	C:\Program Files\Android\Android Studio\jbr\bin\jimage.dll
0x00007ffbb17a0000 - 0x00007ffbb17b8000 	C:\Program Files\Android\Android Studio\jbr\bin\zip.dll
0x00007ffbde240000 - 0x00007ffbde984000 	C:\Windows\System32\SHELL32.dll
0x00007ffbda4c0000 - 0x00007ffbdac53000 	C:\Windows\SYSTEM32\windows.storage.dll
0x00007ffbddbe0000 - 0x00007ffbddf34000 	C:\Windows\System32\combase.dll
0x00007ffbdc170000 - 0x00007ffbdc19e000 	C:\Windows\SYSTEM32\Wldp.dll
0x00007ffbdd310000 - 0x00007ffbdd3bd000 	C:\Windows\System32\SHCORE.dll
0x00007ffbdda50000 - 0x00007ffbddaa5000 	C:\Windows\System32\shlwapi.dll
0x00007ffbdc650000 - 0x00007ffbdc66f000 	C:\Windows\SYSTEM32\profapi.dll
0x00007ffbaf7d0000 - 0x00007ffbaf7e9000 	C:\Program Files\Android\Android Studio\jbr\bin\net.dll
0x00007ffbd59f0000 - 0x00007ffbd5afa000 	C:\Windows\SYSTEM32\WINHTTP.dll
0x00007ffbdbed0000 - 0x00007ffbdbf3a000 	C:\Windows\system32\mswsock.dll
0x00007ffba7d30000 - 0x00007ffba7d43000 	C:\Program Files\Android\Android Studio\jbr\bin\nio.dll

dbghelp: loaded successfully - version: 4.0.5 - missing functions: none
symbol engine: initialized successfully - sym options: 0x614 - pdb path: .;C:\Program Files\Android\Android Studio\jbr\bin;C:\Windows\SYSTEM32;C:\Windows\WinSxS\amd64_microsoft.windows.common-controls_6595b64144ccf1df_6.0.19041.1110_none_60b5254171f9507e;C:\Program Files\Android\Android Studio\jbr\bin\server

VM Arguments:
java_command: org.jetbrains.kotlin.cli.jvm.K2JVMCompiler @C:\Users\Gwyndolin\AndroidStudioProjects\Valorant\data\build\20230526_13281136918140501732.compiler.options
java_class_path (initial): C:\Users\Gwyndolin\.gradle\caches\modules-2\files-2.1\org.jetbrains.kotlin\kotlin-compiler-embeddable\1.8.21\a4a682d55fb788432e4b7bf2ab3acb7a7365fb35\kotlin-compiler-embeddable-1.8.21.jar;C:\Users\Gwyndolin\.gradle\caches\modules-2\files-2.1\org.jetbrains.kotlin\kotlin-stdlib\1.8.21\43d50ab85bc7587adfe3dda3dbe579e5f8d51265\kotlin-stdlib-1.8.21.jar;C:\Users\Gwyndolin\.gradle\caches\modules-2\files-2.1\org.jetbrains.kotlin\kotlin-script-runtime\1.8.21\bf43f76b6e29bdc09b6c8a4511a9118b0ab12b1f\kotlin-script-runtime-1.8.21.jar;C:\Users\Gwyndolin\.gradle\caches\modules-2\files-2.1\org.jetbrains.kotlin\kotlin-reflect\1.6.10\1cbe9c92c12a94eea200d23c2bbaedaf3daf5132\kotlin-reflect-1.6.10.jar;C:\Users\Gwyndolin\.gradle\caches\modules-2\files-2.1\org.jetbrains.kotlin\kotlin-daemon-embeddable\1.8.21\882003c48db58d16c8fb5a933abf08b5974a1a19\kotlin-daemon-embeddable-1.8.21.jar;C:\Users\Gwyndolin\.gradle\caches\modules-2\files-2.1\org.jetbrains.intellij.deps\trove4j\1.0.20200330\3afb14d5f9ceb459d724e907a21145e8ff394f02\trove4j-1.0.20200330.jar;C:\Users\Gwyndolin\.gradle\caches\modules-2\files-2.1\net.java.dev.jna\jna\5.6.0\330f2244e9030119ab3030fc3fededc86713d9cc\jna-5.6.0.jar;C:\Users\Gwyndolin\.gradle\caches\modules-2\files-2.1\org.jetbrains.kotlin\kotlin-stdlib-common\1.8.21\d749cd5ae25da36d06e5028785038e24f9d37976\kotlin-stdlib-common-1.8.21.jar;C:\Users\Gwyndolin\.gradle\caches\modules-2\files-2.1\org.jetbrains\annotations\13.0\919f0dfe192fb4e063e7dacadee7f8bb9a2672a9\annotations-13.0.jar
Launcher Type: SUN_STANDARD

[Global flags]
     intx CICompilerCount                          = 12                                        {product} {ergonomic}
     uint ConcGCThreads                            = 3                                         {product} {ergonomic}
     uint G1ConcRefinementThreads                  = 13                                        {product} {ergonomic}
   size_t G1HeapRegionSize                         = 1048576                                   {product} {ergonomic}
    uintx GCDrainStackTargetSize                   = 64                                        {product} {ergonomic}
   size_t InitialHeapSize                          = 266338304                                 {product} {ergonomic}
   size_t MarkStackSize                            = 4194304                                   {product} {ergonomic}
   size_t MaxHeapSize                              = 4253024256                                {product} {ergonomic}
   size_t MaxNewSize                               = 2551185408                                {product} {ergonomic}
   size_t MinHeapDeltaBytes                        = 1048576                                   {product} {ergonomic}
    uintx NonNMethodCodeHeapSize                   = 7594288                                {pd product} {ergonomic}
    uintx NonProfiledCodeHeapSize                  = 122031976                              {pd product} {ergonomic}
    uintx ProfiledCodeHeapSize                     = 122031976                              {pd product} {ergonomic}
    uintx ReservedCodeCacheSize                    = 251658240                              {pd product} {ergonomic}
     bool SegmentedCodeCache                       = true                                      {product} {ergonomic}
     bool UseCompressedClassPointers               = true                                 {lp64_product} {ergonomic}
     bool UseCompressedOops                        = true                                 {lp64_product} {ergonomic}
     bool UseG1GC                                  = true                                      {product} {ergonomic}
     bool UseLargePagesIndividualAllocation        = false                                  {pd product} {ergonomic}

Logging:
Log output configuration:
 #0: stdout all=warning uptime,level,tags
 #1: stderr all=off uptime,level,tags

Environment Variables:
PATH=C:\Windows\system32;C:\Windows;C:\Windows\System32\Wbem;C:\Windows\System32\WindowsPowerShell\v1.0\;C:\Windows\System32\OpenSSH\;C:\Program Files\NVIDIA Corporation\NVIDIA NvDLISR;C:\Program Files\Git\cmd;C:\Users\Gwyndolin\AppData\Local\Microsoft\WindowsApps;
USERNAME=Gwyndolin
OS=Windows_NT
PROCESSOR_IDENTIFIER=Intel64 Family 6 Model 141 Stepping 1, GenuineIntel



---------------  S Y S T E M  ---------------

OS: Windows 10 , 64 bit Build 19041 (10.0.19041.2913)
OS uptime: 1 days 1:26 hours

CPU:total 16 (initial active 16) (8 cores per cpu, 2 threads per core) family 6 model 141 stepping 1 microcode 0x32, cmov, cx8, fxsr, mmx, sse, sse2, sse3, ssse3, sse4.1, sse4.2, popcnt, avx, avx2, aes, clmul, erms, 3dnowpref, lzcnt, ht, tsc, tscinvbit, bmi1, bmi2, adx, evex, sha, fma

Memory: 4k page, system-wide physical 16219M (793M free)
TotalPageFile size 35314M (AvailPageFile size 5M)
current process WorkingSet (physical memory assigned to process): 435M, peak: 435M
current process commit charge ("private bytes"): 616M, peak: 618M

vm_info: OpenJDK 64-Bit Server VM (11.0.15+0-b2043.56-8887301) for windows-amd64 JRE (11.0.15+0-b2043.56-8887301), built on Jul 29 2022 23:19:47 by "builduser" with unknown MS VC++:1929

END.
