#
# There is insufficient memory for the Java Runtime Environment to continue.
# Native memory allocation (malloc) failed to allocate 1368816 bytes for Chunk::new
# Possible reasons:
#   The system is out of physical RAM or swap space
#   The process is running with CompressedOops enabled, and the Java Heap may be blocking the growth of the native heap
# Possible solutions:
#   Reduce memory load on the system
#   Increase physical memory or swap space
#   Check if swap backing store is full
#   Decrease Java heap size (-Xmx/-Xms)
#   Decrease number of Java threads
#   Decrease Java thread stack sizes (-Xss)
#   Set larger code cache with -XX:ReservedCodeCacheSize=
#   JVM is running with Zero Based Compressed Oops mode in which the Java heap is
#     placed in the first 32GB address space. The Java Heap base address is the
#     maximum limit for the native heap growth. Please use -XX:HeapBaseMinAddress
#     to set the Java Heap base and to place the Java Heap above 32GB virtual address.
# This output file may be truncated or incomplete.
#
#  Out of Memory Error (src/hotspot/share/memory/arena.cpp:197), pid=39244, tid=21500
#
# JRE version: OpenJDK Runtime Environment (11.0.15) (build 11.0.15+0-b2043.56-8887301)
# Java VM: OpenJDK 64-Bit Server VM (11.0.15+0-b2043.56-8887301, mixed mode, tiered, compressed oops, g1 gc, windows-amd64)
# No core dump will be written. Minidumps are not enabled by default on client versions of Windows
#

---------------  S U M M A R Y ------------

Command Line: org.jetbrains.kotlin.cli.jvm.K2JVMCompiler @C:\Users\Gwyndolin\AndroidStudioProjects\Valorant\data\build\20230526_11773654042495282870.compiler.options

Host: 11th Gen Intel(R) Core(TM) i7-11800H @ 2.30GHz, 16 cores, 15G,  Windows 10 , 64 bit Build 19041 (10.0.19041.2913)
Time: Fri May 26 13:27:14 2023 Egypt Daylight Time elapsed time: 3.576960 seconds (0d 0h 0m 3s)

---------------  T H R E A D  ---------------

Current thread (0x000002075a654000):  JavaThread "C2 CompilerThread3" daemon [_thread_in_native, id=21500, stack(0x00000071d0800000,0x00000071d0900000)]


Current CompileTask:
C2:   3576 7446       4       jdk.internal.loader.BuiltinClassLoader::loadClassOrNull (7 bytes)

Stack: [0x00000071d0800000,0x00000071d0900000]
Native frames: (J=compiled Java code, j=interpreted, Vv=VM code, C=native code)
V  [jvm.dll+0x64135a]
V  [jvm.dll+0x7d39f9]
V  [jvm.dll+0x7d51b9]
V  [jvm.dll+0x7d58a3]
V  [jvm.dll+0x2691c5]
V  [jvm.dll+0xc1a5c]
V  [jvm.dll+0xc200c]
V  [jvm.dll+0x377462]
V  [jvm.dll+0x342495]
V  [jvm.dll+0x34186a]
V  [jvm.dll+0x2214bd]
V  [jvm.dll+0x220498]
V  [jvm.dll+0x19e851]
V  [jvm.dll+0x230479]
V  [jvm.dll+0x22e5ef]
V  [jvm.dll+0x794de1]
V  [jvm.dll+0x78dc24]
V  [jvm.dll+0x6400f6]
C  [ucrtbase.dll+0x21bb2]
C  [KERNEL32.DLL+0x17614]
C  [ntdll.dll+0x526a1]


---------------  P R O C E S S  ---------------

Threads class SMR info:
_java_thread_list=0x000002075aa10b50, length=17, elements={
0x000002073a001000, 0x0000020759bbc000, 0x0000020759bc5800, 0x000002075a486000,
0x000002075a48a000, 0x000002075a48c800, 0x000002075a48d800, 0x000002075a48f000,
0x000002075a4dc800, 0x000002075a65a000, 0x000002075a66b800, 0x000002075a653800,
0x000002075a652000, 0x000002075a654000, 0x000002075a6b7000, 0x000002075acf2000,
0x000002075abf9800
}

Java Threads: ( => current thread )
  0x000002073a001000 JavaThread "main" [_thread_in_vm, id=33272, stack(0x00000071cf400000,0x00000071cf500000)]
  0x0000020759bbc000 JavaThread "Reference Handler" daemon [_thread_blocked, id=21852, stack(0x00000071cfb00000,0x00000071cfc00000)]
  0x0000020759bc5800 JavaThread "Finalizer" daemon [_thread_blocked, id=23172, stack(0x00000071cfc00000,0x00000071cfd00000)]
  0x000002075a486000 JavaThread "Signal Dispatcher" daemon [_thread_blocked, id=12328, stack(0x00000071cfd00000,0x00000071cfe00000)]
  0x000002075a48a000 JavaThread "Attach Listener" daemon [_thread_blocked, id=11840, stack(0x00000071cfe00000,0x00000071cff00000)]
  0x000002075a48c800 JavaThread "Service Thread" daemon [_thread_blocked, id=30516, stack(0x00000071cff00000,0x00000071d0000000)]
  0x000002075a48d800 JavaThread "C2 CompilerThread0" daemon [_thread_in_native, id=25916, stack(0x00000071d0000000,0x00000071d0100000)]
  0x000002075a48f000 JavaThread "C1 CompilerThread0" daemon [_thread_blocked, id=36536, stack(0x00000071d0100000,0x00000071d0200000)]
  0x000002075a4dc800 JavaThread "Sweeper thread" daemon [_thread_blocked, id=35348, stack(0x00000071d0200000,0x00000071d0300000)]
  0x000002075a65a000 JavaThread "Common-Cleaner" daemon [_thread_blocked, id=39184, stack(0x00000071d0400000,0x00000071d0500000)]
  0x000002075a66b800 JavaThread "C1 CompilerThread1" daemon [_thread_blocked, id=21400, stack(0x00000071d0500000,0x00000071d0600000)]
  0x000002075a653800 JavaThread "C2 CompilerThread1" daemon [_thread_blocked, id=6248, stack(0x00000071d0600000,0x00000071d0700000)]
  0x000002075a652000 JavaThread "C2 CompilerThread2" daemon [_thread_in_vm, id=24604, stack(0x00000071d0700000,0x00000071d0800000)]
=>0x000002075a654000 JavaThread "C2 CompilerThread3" daemon [_thread_in_native, id=21500, stack(0x00000071d0800000,0x00000071d0900000)]
  0x000002075a6b7000 JavaThread "C2 CompilerThread4" daemon [_thread_blocked, id=25740, stack(0x00000071d0900000,0x00000071d0a00000)]
  0x000002075acf2000 JavaThread "C1 CompilerThread2" daemon [_thread_blocked, id=25688, stack(0x00000071d0a00000,0x00000071d0b00000)]
  0x000002075abf9800 JavaThread "C1 CompilerThread3" daemon [_thread_blocked, id=25212, stack(0x00000071d0b00000,0x00000071d0c00000)]

Other Threads:
  0x000002075a478800 VMThread "VM Thread" [stack: 0x00000071cfa00000,0x00000071cfb00000] [id=24272]
  0x000002075a65c000 WatcherThread [stack: 0x00000071d0300000,0x00000071d0400000] [id=23776]
  0x000002073a019800 GCTaskThread "GC Thread#0" [stack: 0x00000071cf500000,0x00000071cf600000] [id=8276]
  0x000002075ad81800 GCTaskThread "GC Thread#1" [stack: 0x00000071d0c00000,0x00000071d0d00000] [id=19908]
  0x000002075ae2e800 GCTaskThread "GC Thread#2" [stack: 0x00000071d0d00000,0x00000071d0e00000] [id=35824]
  0x000002075ab87000 GCTaskThread "GC Thread#3" [stack: 0x00000071d0e00000,0x00000071d0f00000] [id=42068]
  0x000002075acb9000 GCTaskThread "GC Thread#4" [stack: 0x00000071d0f00000,0x00000071d1000000] [id=40380]
  0x000002075acba000 GCTaskThread "GC Thread#5" [stack: 0x00000071d1000000,0x00000071d1100000] [id=34288]
  0x000002073a077800 ConcurrentGCThread "G1 Main Marker" [stack: 0x00000071cf600000,0x00000071cf700000] [id=38180]
  0x000002073a07a000 ConcurrentGCThread "G1 Conc#0" [stack: 0x00000071cf700000,0x00000071cf800000] [id=18848]
  0x000002075b8d1000 ConcurrentGCThread "G1 Conc#1" [stack: 0x00000071d1100000,0x00000071d1200000] [id=25324]
  0x000002075bee7800 ConcurrentGCThread "G1 Conc#2" [stack: 0x00000071d1200000,0x00000071d1300000] [id=27840]
  0x0000020759aa2800 ConcurrentGCThread "G1 Refine#0" [stack: 0x00000071cf800000,0x00000071cf900000] [id=24732]
  0x0000020759aa3800 ConcurrentGCThread "G1 Young RemSet Sampling" [stack: 0x00000071cf900000,0x00000071cfa00000] [id=28456]

Threads with active compile tasks:
C2 CompilerThread0     3585 7547       4       org.jetbrains.kotlin.util.slicedMap.OpenAddressLinearProbingHashTable::put (58 bytes)
C2 CompilerThread2     3585 7544       4       org.jetbrains.kotlin.util.slicedMap.SlicedMapImpl::put (187 bytes)
C2 CompilerThread3     3585 7446       4       jdk.internal.loader.BuiltinClassLoader::loadClassOrNull (7 bytes)

VM state:not at safepoint (normal execution)

VM Mutex/Monitor currently owned by a thread: None

Heap address: 0x0000000702800000, size: 4056 MB, Compressed Oops mode: Zero based, Oop shift amount: 3
Narrow klass base: 0x0000000800000000, Narrow klass shift: 0
Compressed class space size: 1073741824 Address: 0x0000000800000000

Heap:
 garbage-first heap   total 312320K, used 55358K [0x0000000702800000, 0x0000000800000000)
  region size 1024K, 24 young (24576K), 9 survivors (9216K)
 Metaspace       used 61914K, capacity 62659K, committed 62848K, reserved 1105920K
  class space    used 6980K, capacity 7285K, committed 7296K, reserved 1048576K
Heap Regions: E=young(eden), S=young(survivor), O=old, HS=humongous(starts), HC=humongous(continues), CS=collection set, F=free, A=archive, TAMS=top-at-mark-start (previous, next)
|   0|0x0000000702800000, 0x0000000702900000, 0x0000000702900000|100%|HS|  |TAMS 0x0000000702900000, 0x0000000702800000| Complete 
|   1|0x0000000702900000, 0x0000000702a00000, 0x0000000702a00000|100%|HC|  |TAMS 0x0000000702a00000, 0x0000000702900000| Complete 
|   2|0x0000000702a00000, 0x0000000702b00000, 0x0000000702b00000|100%|HC|  |TAMS 0x0000000702b00000, 0x0000000702a00000| Complete 
|   3|0x0000000702b00000, 0x0000000702c00000, 0x0000000702c00000|100%|HC|  |TAMS 0x0000000702c00000, 0x0000000702b00000| Complete 
|   4|0x0000000702c00000, 0x0000000702d00000, 0x0000000702d00000|100%|HS|  |TAMS 0x0000000702d00000, 0x0000000702c00000| Complete 
|   5|0x0000000702d00000, 0x0000000702e00000, 0x0000000702e00000|100%|HC|  |TAMS 0x0000000702e00000, 0x0000000702d00000| Complete 
|   6|0x0000000702e00000, 0x0000000702f00000, 0x0000000702f00000|100%|HC|  |TAMS 0x0000000702f00000, 0x0000000702e00000| Complete 
|   7|0x0000000702f00000, 0x0000000703000000, 0x0000000703000000|100%|HC|  |TAMS 0x0000000703000000, 0x0000000702f00000| Complete 
|   8|0x0000000703000000, 0x0000000703100000, 0x0000000703100000|100%| O|  |TAMS 0x0000000703100000, 0x0000000703000000| Untracked 
|   9|0x0000000703100000, 0x0000000703200000, 0x0000000703200000|100%| O|  |TAMS 0x0000000703200000, 0x0000000703100000| Untracked 
|  10|0x0000000703200000, 0x0000000703300000, 0x0000000703300000|100%| O|  |TAMS 0x0000000703300000, 0x0000000703200000| Untracked 
|  11|0x0000000703300000, 0x0000000703400000, 0x0000000703400000|100%| O|  |TAMS 0x0000000703400000, 0x0000000703300000| Untracked 
|  12|0x0000000703400000, 0x0000000703500000, 0x0000000703500000|100%| O|  |TAMS 0x0000000703500000, 0x0000000703400000| Untracked 
|  13|0x0000000703500000, 0x0000000703600000, 0x0000000703600000|100%| O|  |TAMS 0x0000000703600000, 0x0000000703500000| Untracked 
|  14|0x0000000703600000, 0x0000000703700000, 0x0000000703700000|100%| O|  |TAMS 0x0000000703700000, 0x0000000703600000| Untracked 
|  15|0x0000000703700000, 0x0000000703800000, 0x0000000703800000|100%| O|  |TAMS 0x0000000703800000, 0x0000000703700000| Untracked 
|  16|0x0000000703800000, 0x0000000703900000, 0x0000000703900000|100%| O|  |TAMS 0x0000000703900000, 0x0000000703800000| Untracked 
|  17|0x0000000703900000, 0x0000000703a00000, 0x0000000703a00000|100%| O|  |TAMS 0x0000000703a00000, 0x0000000703900000| Untracked 
|  18|0x0000000703a00000, 0x0000000703b00000, 0x0000000703b00000|100%| O|  |TAMS 0x0000000703b00000, 0x0000000703a00000| Untracked 
|  19|0x0000000703b00000, 0x0000000703c00000, 0x0000000703c00000|100%| O|  |TAMS 0x0000000703c00000, 0x0000000703b00000| Untracked 
|  20|0x0000000703c00000, 0x0000000703d00000, 0x0000000703d00000|100%| O|  |TAMS 0x0000000703d00000, 0x0000000703c00000| Untracked 
|  21|0x0000000703d00000, 0x0000000703e00000, 0x0000000703e00000|100%| O|  |TAMS 0x0000000703e00000, 0x0000000703d00000| Untracked 
|  22|0x0000000703e00000, 0x0000000703f00000, 0x0000000703f00000|100%| O|  |TAMS 0x0000000703f00000, 0x0000000703e00000| Untracked 
|  23|0x0000000703f00000, 0x0000000704000000, 0x0000000704000000|100%| O|  |TAMS 0x0000000704000000, 0x0000000703f00000| Untracked 
|  24|0x0000000704000000, 0x0000000704100000, 0x0000000704100000|100%|HS|  |TAMS 0x0000000704100000, 0x0000000704000000| Complete 
|  25|0x0000000704100000, 0x0000000704200000, 0x0000000704200000|100%|HC|  |TAMS 0x0000000704200000, 0x0000000704100000| Complete 
|  26|0x0000000704200000, 0x0000000704300000, 0x0000000704300000|100%| O|  |TAMS 0x0000000704300000, 0x0000000704200000| Untracked 
|  27|0x0000000704300000, 0x0000000704400000, 0x0000000704400000|100%| O|  |TAMS 0x0000000704400000, 0x0000000704300000| Untracked 
|  28|0x0000000704400000, 0x0000000704500000, 0x0000000704500000|100%| O|  |TAMS 0x0000000704500000, 0x0000000704400000| Untracked 
|  29|0x0000000704500000, 0x0000000704600000, 0x0000000704600000|100%| O|  |TAMS 0x0000000704600000, 0x0000000704500000| Untracked 
|  30|0x0000000704600000, 0x0000000704700000, 0x0000000704700000|100%| O|  |TAMS 0x0000000704700000, 0x0000000704600000| Untracked 
|  31|0x0000000704700000, 0x0000000704794c00, 0x0000000704800000| 58%| O|  |TAMS 0x0000000704794c00, 0x0000000704700000| Untracked 
|  32|0x0000000704800000, 0x0000000704800000, 0x0000000704900000|  0%| F|  |TAMS 0x0000000704800000, 0x0000000704800000| Untracked 
|  33|0x0000000704900000, 0x0000000704900000, 0x0000000704a00000|  0%| F|  |TAMS 0x0000000704900000, 0x0000000704900000| Untracked 
|  34|0x0000000704a00000, 0x0000000704a00000, 0x0000000704b00000|  0%| F|  |TAMS 0x0000000704a00000, 0x0000000704a00000| Untracked 
|  35|0x0000000704b00000, 0x0000000704b00000, 0x0000000704c00000|  0%| F|  |TAMS 0x0000000704b00000, 0x0000000704b00000| Untracked 
|  36|0x0000000704c00000, 0x0000000704c00000, 0x0000000704d00000|  0%| F|  |TAMS 0x0000000704c00000, 0x0000000704c00000| Untracked 
|  37|0x0000000704d00000, 0x0000000704d00000, 0x0000000704e00000|  0%| F|  |TAMS 0x0000000704d00000, 0x0000000704d00000| Untracked 
|  38|0x0000000704e00000, 0x0000000704e00000, 0x0000000704f00000|  0%| F|  |TAMS 0x0000000704e00000, 0x0000000704e00000| Untracked 
|  39|0x0000000704f00000, 0x0000000704f00000, 0x0000000705000000|  0%| F|  |TAMS 0x0000000704f00000, 0x0000000704f00000| Untracked 
|  40|0x0000000705000000, 0x0000000705000000, 0x0000000705100000|  0%| F|  |TAMS 0x0000000705000000, 0x0000000705000000| Untracked 
|  41|0x0000000705100000, 0x0000000705100000, 0x0000000705200000|  0%| F|  |TAMS 0x0000000705100000, 0x0000000705100000| Untracked 
|  42|0x0000000705200000, 0x0000000705200000, 0x0000000705300000|  0%| F|  |TAMS 0x0000000705200000, 0x0000000705200000| Untracked 
|  43|0x0000000705300000, 0x0000000705300000, 0x0000000705400000|  0%| F|  |TAMS 0x0000000705300000, 0x0000000705300000| Untracked 
|  44|0x0000000705400000, 0x0000000705400000, 0x0000000705500000|  0%| F|  |TAMS 0x0000000705400000, 0x0000000705400000| Untracked 
|  45|0x0000000705500000, 0x0000000705500000, 0x0000000705600000|  0%| F|  |TAMS 0x0000000705500000, 0x0000000705500000| Untracked 
|  46|0x0000000705600000, 0x0000000705600000, 0x0000000705700000|  0%| F|  |TAMS 0x0000000705600000, 0x0000000705600000| Untracked 
|  47|0x0000000705700000, 0x0000000705700000, 0x0000000705800000|  0%| F|  |TAMS 0x0000000705700000, 0x0000000705700000| Untracked 
|  48|0x0000000705800000, 0x0000000705800000, 0x0000000705900000|  0%| F|  |TAMS 0x0000000705800000, 0x0000000705800000| Untracked 
|  49|0x0000000705900000, 0x0000000705900000, 0x0000000705a00000|  0%| F|  |TAMS 0x0000000705900000, 0x0000000705900000| Untracked 
|  50|0x0000000705a00000, 0x0000000705a00000, 0x0000000705b00000|  0%| F|  |TAMS 0x0000000705a00000, 0x0000000705a00000| Untracked 
|  51|0x0000000705b00000, 0x0000000705b00000, 0x0000000705c00000|  0%| F|  |TAMS 0x0000000705b00000, 0x0000000705b00000| Untracked 
|  52|0x0000000705c00000, 0x0000000705c00000, 0x0000000705d00000|  0%| F|  |TAMS 0x0000000705c00000, 0x0000000705c00000| Untracked 
|  53|0x0000000705d00000, 0x0000000705d00000, 0x0000000705e00000|  0%| F|  |TAMS 0x0000000705d00000, 0x0000000705d00000| Untracked 
|  54|0x0000000705e00000, 0x0000000705e00000, 0x0000000705f00000|  0%| F|  |TAMS 0x0000000705e00000, 0x0000000705e00000| Untracked 
|  55|0x0000000705f00000, 0x0000000705f00000, 0x0000000706000000|  0%| F|  |TAMS 0x0000000705f00000, 0x0000000705f00000| Untracked 
|  56|0x0000000706000000, 0x0000000706000000, 0x0000000706100000|  0%| F|  |TAMS 0x0000000706000000, 0x0000000706000000| Untracked 
|  57|0x0000000706100000, 0x0000000706100000, 0x0000000706200000|  0%| F|  |TAMS 0x0000000706100000, 0x0000000706100000| Untracked 
|  58|0x0000000706200000, 0x0000000706200000, 0x0000000706300000|  0%| F|  |TAMS 0x0000000706200000, 0x0000000706200000| Untracked 
|  59|0x0000000706300000, 0x0000000706300000, 0x0000000706400000|  0%| F|  |TAMS 0x0000000706300000, 0x0000000706300000| Untracked 
|  60|0x0000000706400000, 0x0000000706400000, 0x0000000706500000|  0%| F|  |TAMS 0x0000000706400000, 0x0000000706400000| Untracked 
|  61|0x0000000706500000, 0x0000000706500000, 0x0000000706600000|  0%| F|  |TAMS 0x0000000706500000, 0x0000000706500000| Untracked 
|  62|0x0000000706600000, 0x0000000706600000, 0x0000000706700000|  0%| F|  |TAMS 0x0000000706600000, 0x0000000706600000| Untracked 
|  63|0x0000000706700000, 0x0000000706700000, 0x0000000706800000|  0%| F|  |TAMS 0x0000000706700000, 0x0000000706700000| Untracked 
|  64|0x0000000706800000, 0x0000000706800000, 0x0000000706900000|  0%| F|  |TAMS 0x0000000706800000, 0x0000000706800000| Untracked 
|  65|0x0000000706900000, 0x0000000706900000, 0x0000000706a00000|  0%| F|  |TAMS 0x0000000706900000, 0x0000000706900000| Untracked 
|  66|0x0000000706a00000, 0x0000000706a00000, 0x0000000706b00000|  0%| F|  |TAMS 0x0000000706a00000, 0x0000000706a00000| Untracked 
|  67|0x0000000706b00000, 0x0000000706b00000, 0x0000000706c00000|  0%| F|  |TAMS 0x0000000706b00000, 0x0000000706b00000| Untracked 
|  68|0x0000000706c00000, 0x0000000706c00000, 0x0000000706d00000|  0%| F|  |TAMS 0x0000000706c00000, 0x0000000706c00000| Untracked 
|  69|0x0000000706d00000, 0x0000000706d00000, 0x0000000706e00000|  0%| F|  |TAMS 0x0000000706d00000, 0x0000000706d00000| Untracked 
|  70|0x0000000706e00000, 0x0000000706e00000, 0x0000000706f00000|  0%| F|  |TAMS 0x0000000706e00000, 0x0000000706e00000| Untracked 
|  71|0x0000000706f00000, 0x0000000706f00000, 0x0000000707000000|  0%| F|  |TAMS 0x0000000706f00000, 0x0000000706f00000| Untracked 
|  72|0x0000000707000000, 0x0000000707000000, 0x0000000707100000|  0%| F|  |TAMS 0x0000000707000000, 0x0000000707000000| Untracked 
|  73|0x0000000707100000, 0x0000000707100000, 0x0000000707200000|  0%| F|  |TAMS 0x0000000707100000, 0x0000000707100000| Untracked 
|  74|0x0000000707200000, 0x0000000707200000, 0x0000000707300000|  0%| F|  |TAMS 0x0000000707200000, 0x0000000707200000| Untracked 
|  75|0x0000000707300000, 0x0000000707300000, 0x0000000707400000|  0%| F|  |TAMS 0x0000000707300000, 0x0000000707300000| Untracked 
|  76|0x0000000707400000, 0x0000000707400000, 0x0000000707500000|  0%| F|  |TAMS 0x0000000707400000, 0x0000000707400000| Untracked 
|  77|0x0000000707500000, 0x0000000707500000, 0x0000000707600000|  0%| F|  |TAMS 0x0000000707500000, 0x0000000707500000| Untracked 
|  78|0x0000000707600000, 0x0000000707600000, 0x0000000707700000|  0%| F|  |TAMS 0x0000000707600000, 0x0000000707600000| Untracked 
|  79|0x0000000707700000, 0x0000000707700000, 0x0000000707800000|  0%| F|  |TAMS 0x0000000707700000, 0x0000000707700000| Untracked 
|  80|0x0000000707800000, 0x0000000707800000, 0x0000000707900000|  0%| F|  |TAMS 0x0000000707800000, 0x0000000707800000| Untracked 
|  81|0x0000000707900000, 0x0000000707900000, 0x0000000707a00000|  0%| F|  |TAMS 0x0000000707900000, 0x0000000707900000| Untracked 
|  82|0x0000000707a00000, 0x0000000707a00000, 0x0000000707b00000|  0%| F|  |TAMS 0x0000000707a00000, 0x0000000707a00000| Untracked 
|  83|0x0000000707b00000, 0x0000000707b00000, 0x0000000707c00000|  0%| F|  |TAMS 0x0000000707b00000, 0x0000000707b00000| Untracked 
|  84|0x0000000707c00000, 0x0000000707c00000, 0x0000000707d00000|  0%| F|  |TAMS 0x0000000707c00000, 0x0000000707c00000| Untracked 
|  85|0x0000000707d00000, 0x0000000707d00000, 0x0000000707e00000|  0%| F|  |TAMS 0x0000000707d00000, 0x0000000707d00000| Untracked 
|  86|0x0000000707e00000, 0x0000000707e00000, 0x0000000707f00000|  0%| F|  |TAMS 0x0000000707e00000, 0x0000000707e00000| Untracked 
|  87|0x0000000707f00000, 0x0000000707f00000, 0x0000000708000000|  0%| F|  |TAMS 0x0000000707f00000, 0x0000000707f00000| Untracked 
|  88|0x0000000708000000, 0x0000000708000000, 0x0000000708100000|  0%| F|  |TAMS 0x0000000708000000, 0x0000000708000000| Untracked 
|  89|0x0000000708100000, 0x0000000708100000, 0x0000000708200000|  0%| F|  |TAMS 0x0000000708100000, 0x0000000708100000| Untracked 
|  90|0x0000000708200000, 0x0000000708200000, 0x0000000708300000|  0%| F|  |TAMS 0x0000000708200000, 0x0000000708200000| Untracked 
|  91|0x0000000708300000, 0x0000000708300000, 0x0000000708400000|  0%| F|  |TAMS 0x0000000708300000, 0x0000000708300000| Untracked 
|  92|0x0000000708400000, 0x0000000708400000, 0x0000000708500000|  0%| F|  |TAMS 0x0000000708400000, 0x0000000708400000| Untracked 
|  93|0x0000000708500000, 0x0000000708500000, 0x0000000708600000|  0%| F|  |TAMS 0x0000000708500000, 0x0000000708500000| Untracked 
|  94|0x0000000708600000, 0x0000000708600000, 0x0000000708700000|  0%| F|  |TAMS 0x0000000708600000, 0x0000000708600000| Untracked 
|  95|0x0000000708700000, 0x0000000708700000, 0x0000000708800000|  0%| F|  |TAMS 0x0000000708700000, 0x0000000708700000| Untracked 
|  96|0x0000000708800000, 0x0000000708800000, 0x0000000708900000|  0%| F|  |TAMS 0x0000000708800000, 0x0000000708800000| Untracked 
|  97|0x0000000708900000, 0x0000000708900000, 0x0000000708a00000|  0%| F|  |TAMS 0x0000000708900000, 0x0000000708900000| Untracked 
|  98|0x0000000708a00000, 0x0000000708a00000, 0x0000000708b00000|  0%| F|  |TAMS 0x0000000708a00000, 0x0000000708a00000| Untracked 
|  99|0x0000000708b00000, 0x0000000708b00000, 0x0000000708c00000|  0%| F|  |TAMS 0x0000000708b00000, 0x0000000708b00000| Untracked 
| 100|0x0000000708c00000, 0x0000000708c00000, 0x0000000708d00000|  0%| F|  |TAMS 0x0000000708c00000, 0x0000000708c00000| Untracked 
| 101|0x0000000708d00000, 0x0000000708d00000, 0x0000000708e00000|  0%| F|  |TAMS 0x0000000708d00000, 0x0000000708d00000| Untracked 
| 102|0x0000000708e00000, 0x0000000708e00000, 0x0000000708f00000|  0%| F|  |TAMS 0x0000000708e00000, 0x0000000708e00000| Untracked 
| 103|0x0000000708f00000, 0x0000000708f00000, 0x0000000709000000|  0%| F|  |TAMS 0x0000000708f00000, 0x0000000708f00000| Untracked 
| 104|0x0000000709000000, 0x0000000709000000, 0x0000000709100000|  0%| F|  |TAMS 0x0000000709000000, 0x0000000709000000| Untracked 
| 105|0x0000000709100000, 0x0000000709100000, 0x0000000709200000|  0%| F|  |TAMS 0x0000000709100000, 0x0000000709100000| Untracked 
| 106|0x0000000709200000, 0x0000000709200000, 0x0000000709300000|  0%| F|  |TAMS 0x0000000709200000, 0x0000000709200000| Untracked 
| 107|0x0000000709300000, 0x0000000709300000, 0x0000000709400000|  0%| F|  |TAMS 0x0000000709300000, 0x0000000709300000| Untracked 
| 108|0x0000000709400000, 0x0000000709400000, 0x0000000709500000|  0%| F|  |TAMS 0x0000000709400000, 0x0000000709400000| Untracked 
| 109|0x0000000709500000, 0x0000000709500000, 0x0000000709600000|  0%| F|  |TAMS 0x0000000709500000, 0x0000000709500000| Untracked 
| 110|0x0000000709600000, 0x0000000709600000, 0x0000000709700000|  0%| F|  |TAMS 0x0000000709600000, 0x0000000709600000| Untracked 
| 111|0x0000000709700000, 0x0000000709700000, 0x0000000709800000|  0%| F|  |TAMS 0x0000000709700000, 0x0000000709700000| Untracked 
| 112|0x0000000709800000, 0x0000000709800000, 0x0000000709900000|  0%| F|  |TAMS 0x0000000709800000, 0x0000000709800000| Untracked 
| 113|0x0000000709900000, 0x0000000709900000, 0x0000000709a00000|  0%| F|  |TAMS 0x0000000709900000, 0x0000000709900000| Untracked 
| 114|0x0000000709a00000, 0x0000000709a00000, 0x0000000709b00000|  0%| F|  |TAMS 0x0000000709a00000, 0x0000000709a00000| Untracked 
| 115|0x0000000709b00000, 0x0000000709b00000, 0x0000000709c00000|  0%| F|  |TAMS 0x0000000709b00000, 0x0000000709b00000| Untracked 
| 116|0x0000000709c00000, 0x0000000709c00000, 0x0000000709d00000|  0%| F|  |TAMS 0x0000000709c00000, 0x0000000709c00000| Untracked 
| 117|0x0000000709d00000, 0x0000000709d00000, 0x0000000709e00000|  0%| F|  |TAMS 0x0000000709d00000, 0x0000000709d00000| Untracked 
| 118|0x0000000709e00000, 0x0000000709e00000, 0x0000000709f00000|  0%| F|  |TAMS 0x0000000709e00000, 0x0000000709e00000| Untracked 
| 119|0x0000000709f00000, 0x0000000709f00000, 0x000000070a000000|  0%| F|  |TAMS 0x0000000709f00000, 0x0000000709f00000| Untracked 
| 120|0x000000070a000000, 0x000000070a000000, 0x000000070a100000|  0%| F|  |TAMS 0x000000070a000000, 0x000000070a000000| Untracked 
| 121|0x000000070a100000, 0x000000070a100000, 0x000000070a200000|  0%| F|  |TAMS 0x000000070a100000, 0x000000070a100000| Untracked 
| 122|0x000000070a200000, 0x000000070a200000, 0x000000070a300000|  0%| F|  |TAMS 0x000000070a200000, 0x000000070a200000| Untracked 
| 123|0x000000070a300000, 0x000000070a300000, 0x000000070a400000|  0%| F|  |TAMS 0x000000070a300000, 0x000000070a300000| Untracked 
| 124|0x000000070a400000, 0x000000070a400000, 0x000000070a500000|  0%| F|  |TAMS 0x000000070a400000, 0x000000070a400000| Untracked 
| 125|0x000000070a500000, 0x000000070a500000, 0x000000070a600000|  0%| F|  |TAMS 0x000000070a500000, 0x000000070a500000| Untracked 
| 126|0x000000070a600000, 0x000000070a600000, 0x000000070a700000|  0%| F|  |TAMS 0x000000070a600000, 0x000000070a600000| Untracked 
| 127|0x000000070a700000, 0x000000070a700000, 0x000000070a800000|  0%| F|  |TAMS 0x000000070a700000, 0x000000070a700000| Untracked 
| 128|0x000000070a800000, 0x000000070a800000, 0x000000070a900000|  0%| F|  |TAMS 0x000000070a800000, 0x000000070a800000| Untracked 
| 129|0x000000070a900000, 0x000000070a900000, 0x000000070aa00000|  0%| F|  |TAMS 0x000000070a900000, 0x000000070a900000| Untracked 
| 130|0x000000070aa00000, 0x000000070aa00000, 0x000000070ab00000|  0%| F|  |TAMS 0x000000070aa00000, 0x000000070aa00000| Untracked 
| 131|0x000000070ab00000, 0x000000070ab00000, 0x000000070ac00000|  0%| F|  |TAMS 0x000000070ab00000, 0x000000070ab00000| Untracked 
| 132|0x000000070ac00000, 0x000000070ac00000, 0x000000070ad00000|  0%| F|  |TAMS 0x000000070ac00000, 0x000000070ac00000| Untracked 
| 133|0x000000070ad00000, 0x000000070ad00000, 0x000000070ae00000|  0%| F|  |TAMS 0x000000070ad00000, 0x000000070ad00000| Untracked 
| 134|0x000000070ae00000, 0x000000070ae00000, 0x000000070af00000|  0%| F|  |TAMS 0x000000070ae00000, 0x000000070ae00000| Untracked 
| 135|0x000000070af00000, 0x000000070af00000, 0x000000070b000000|  0%| F|  |TAMS 0x000000070af00000, 0x000000070af00000| Untracked 
| 136|0x000000070b000000, 0x000000070b000000, 0x000000070b100000|  0%| F|  |TAMS 0x000000070b000000, 0x000000070b000000| Untracked 
| 137|0x000000070b100000, 0x000000070b100000, 0x000000070b200000|  0%| F|  |TAMS 0x000000070b100000, 0x000000070b100000| Untracked 
| 138|0x000000070b200000, 0x000000070b200000, 0x000000070b300000|  0%| F|  |TAMS 0x000000070b200000, 0x000000070b200000| Untracked 
| 139|0x000000070b300000, 0x000000070b300000, 0x000000070b400000|  0%| F|  |TAMS 0x000000070b300000, 0x000000070b300000| Untracked 
| 140|0x000000070b400000, 0x000000070b400000, 0x000000070b500000|  0%| F|  |TAMS 0x000000070b400000, 0x000000070b400000| Untracked 
| 141|0x000000070b500000, 0x000000070b500000, 0x000000070b600000|  0%| F|  |TAMS 0x000000070b500000, 0x000000070b500000| Untracked 
| 142|0x000000070b600000, 0x000000070b600000, 0x000000070b700000|  0%| F|  |TAMS 0x000000070b600000, 0x000000070b600000| Untracked 
| 143|0x000000070b700000, 0x000000070b700000, 0x000000070b800000|  0%| F|  |TAMS 0x000000070b700000, 0x000000070b700000| Untracked 
| 144|0x000000070b800000, 0x000000070b800000, 0x000000070b900000|  0%| F|  |TAMS 0x000000070b800000, 0x000000070b800000| Untracked 
| 145|0x000000070b900000, 0x000000070b900000, 0x000000070ba00000|  0%| F|  |TAMS 0x000000070b900000, 0x000000070b900000| Untracked 
| 146|0x000000070ba00000, 0x000000070ba00000, 0x000000070bb00000|  0%| F|  |TAMS 0x000000070ba00000, 0x000000070ba00000| Untracked 
| 147|0x000000070bb00000, 0x000000070bb00000, 0x000000070bc00000|  0%| F|  |TAMS 0x000000070bb00000, 0x000000070bb00000| Untracked 
| 148|0x000000070bc00000, 0x000000070bc00000, 0x000000070bd00000|  0%| F|  |TAMS 0x000000070bc00000, 0x000000070bc00000| Untracked 
| 149|0x000000070bd00000, 0x000000070bd00000, 0x000000070be00000|  0%| F|  |TAMS 0x000000070bd00000, 0x000000070bd00000| Untracked 
| 150|0x000000070be00000, 0x000000070be00000, 0x000000070bf00000|  0%| F|  |TAMS 0x000000070be00000, 0x000000070be00000| Untracked 
| 151|0x000000070bf00000, 0x000000070bf00000, 0x000000070c000000|  0%| F|  |TAMS 0x000000070bf00000, 0x000000070bf00000| Untracked 
| 152|0x000000070c000000, 0x000000070c000000, 0x000000070c100000|  0%| F|  |TAMS 0x000000070c000000, 0x000000070c000000| Untracked 
| 153|0x000000070c100000, 0x000000070c100000, 0x000000070c200000|  0%| F|  |TAMS 0x000000070c100000, 0x000000070c100000| Untracked 
| 154|0x000000070c200000, 0x000000070c200000, 0x000000070c300000|  0%| F|  |TAMS 0x000000070c200000, 0x000000070c200000| Untracked 
| 155|0x000000070c300000, 0x000000070c300000, 0x000000070c400000|  0%| F|  |TAMS 0x000000070c300000, 0x000000070c300000| Untracked 
| 156|0x000000070c400000, 0x000000070c400000, 0x000000070c500000|  0%| F|  |TAMS 0x000000070c400000, 0x000000070c400000| Untracked 
| 157|0x000000070c500000, 0x000000070c57ac58, 0x000000070c600000| 47%| S|CS|TAMS 0x000000070c500000, 0x000000070c500000| Complete 
| 158|0x000000070c600000, 0x000000070c700000, 0x000000070c700000|100%| S|CS|TAMS 0x000000070c600000, 0x000000070c600000| Complete 
| 159|0x000000070c700000, 0x000000070c800000, 0x000000070c800000|100%| S|CS|TAMS 0x000000070c700000, 0x000000070c700000| Complete 
| 160|0x000000070c800000, 0x000000070c900000, 0x000000070c900000|100%| S|CS|TAMS 0x000000070c800000, 0x000000070c800000| Complete 
| 161|0x000000070c900000, 0x000000070ca00000, 0x000000070ca00000|100%| S|CS|TAMS 0x000000070c900000, 0x000000070c900000| Complete 
| 162|0x000000070ca00000, 0x000000070cb00000, 0x000000070cb00000|100%| S|CS|TAMS 0x000000070ca00000, 0x000000070ca00000| Complete 
| 163|0x000000070cb00000, 0x000000070cc00000, 0x000000070cc00000|100%| S|CS|TAMS 0x000000070cb00000, 0x000000070cb00000| Complete 
| 164|0x000000070cc00000, 0x000000070cd00000, 0x000000070cd00000|100%| S|CS|TAMS 0x000000070cc00000, 0x000000070cc00000| Complete 
| 165|0x000000070cd00000, 0x000000070ce00000, 0x000000070ce00000|100%| S|CS|TAMS 0x000000070cd00000, 0x000000070cd00000| Complete 
| 166|0x000000070ce00000, 0x000000070ce00000, 0x000000070cf00000|  0%| F|  |TAMS 0x000000070ce00000, 0x000000070ce00000| Untracked 
| 167|0x000000070cf00000, 0x000000070cf00000, 0x000000070d000000|  0%| F|  |TAMS 0x000000070cf00000, 0x000000070cf00000| Untracked 
| 168|0x000000070d000000, 0x000000070d000000, 0x000000070d100000|  0%| F|  |TAMS 0x000000070d000000, 0x000000070d000000| Untracked 
| 169|0x000000070d100000, 0x000000070d100000, 0x000000070d200000|  0%| F|  |TAMS 0x000000070d100000, 0x000000070d100000| Untracked 
| 170|0x000000070d200000, 0x000000070d200000, 0x000000070d300000|  0%| F|  |TAMS 0x000000070d200000, 0x000000070d200000| Untracked 
| 171|0x000000070d300000, 0x000000070d300000, 0x000000070d400000|  0%| F|  |TAMS 0x000000070d300000, 0x000000070d300000| Untracked 
| 172|0x000000070d400000, 0x000000070d400000, 0x000000070d500000|  0%| F|  |TAMS 0x000000070d400000, 0x000000070d400000| Untracked 
| 173|0x000000070d500000, 0x000000070d500000, 0x000000070d600000|  0%| F|  |TAMS 0x000000070d500000, 0x000000070d500000| Untracked 
| 174|0x000000070d600000, 0x000000070d600000, 0x000000070d700000|  0%| F|  |TAMS 0x000000070d600000, 0x000000070d600000| Untracked 
| 175|0x000000070d700000, 0x000000070d700000, 0x000000070d800000|  0%| F|  |TAMS 0x000000070d700000, 0x000000070d700000| Untracked 
| 176|0x000000070d800000, 0x000000070d800000, 0x000000070d900000|  0%| F|  |TAMS 0x000000070d800000, 0x000000070d800000| Untracked 
| 177|0x000000070d900000, 0x000000070d900000, 0x000000070da00000|  0%| F|  |TAMS 0x000000070d900000, 0x000000070d900000| Untracked 
| 178|0x000000070da00000, 0x000000070da00000, 0x000000070db00000|  0%| F|  |TAMS 0x000000070da00000, 0x000000070da00000| Untracked 
| 179|0x000000070db00000, 0x000000070db00000, 0x000000070dc00000|  0%| F|  |TAMS 0x000000070db00000, 0x000000070db00000| Untracked 
| 180|0x000000070dc00000, 0x000000070dc00000, 0x000000070dd00000|  0%| F|  |TAMS 0x000000070dc00000, 0x000000070dc00000| Untracked 
| 181|0x000000070dd00000, 0x000000070dd00000, 0x000000070de00000|  0%| F|  |TAMS 0x000000070dd00000, 0x000000070dd00000| Untracked 
| 182|0x000000070de00000, 0x000000070de00000, 0x000000070df00000|  0%| F|  |TAMS 0x000000070de00000, 0x000000070de00000| Untracked 
| 183|0x000000070df00000, 0x000000070df00000, 0x000000070e000000|  0%| F|  |TAMS 0x000000070df00000, 0x000000070df00000| Untracked 
| 184|0x000000070e000000, 0x000000070e000000, 0x000000070e100000|  0%| F|  |TAMS 0x000000070e000000, 0x000000070e000000| Untracked 
| 185|0x000000070e100000, 0x000000070e100000, 0x000000070e200000|  0%| F|  |TAMS 0x000000070e100000, 0x000000070e100000| Untracked 
| 186|0x000000070e200000, 0x000000070e200000, 0x000000070e300000|  0%| F|  |TAMS 0x000000070e200000, 0x000000070e200000| Untracked 
| 187|0x000000070e300000, 0x000000070e300000, 0x000000070e400000|  0%| F|  |TAMS 0x000000070e300000, 0x000000070e300000| Untracked 
| 188|0x000000070e400000, 0x000000070e400000, 0x000000070e500000|  0%| F|  |TAMS 0x000000070e400000, 0x000000070e400000| Untracked 
| 189|0x000000070e500000, 0x000000070e500000, 0x000000070e600000|  0%| F|  |TAMS 0x000000070e500000, 0x000000070e500000| Untracked 
| 190|0x000000070e600000, 0x000000070e600000, 0x000000070e700000|  0%| F|  |TAMS 0x000000070e600000, 0x000000070e600000| Untracked 
| 191|0x000000070e700000, 0x000000070e700000, 0x000000070e800000|  0%| F|  |TAMS 0x000000070e700000, 0x000000070e700000| Untracked 
| 192|0x000000070e800000, 0x000000070e800000, 0x000000070e900000|  0%| F|  |TAMS 0x000000070e800000, 0x000000070e800000| Untracked 
| 193|0x000000070e900000, 0x000000070e900000, 0x000000070ea00000|  0%| F|  |TAMS 0x000000070e900000, 0x000000070e900000| Untracked 
| 194|0x000000070ea00000, 0x000000070ea00000, 0x000000070eb00000|  0%| F|  |TAMS 0x000000070ea00000, 0x000000070ea00000| Untracked 
| 195|0x000000070eb00000, 0x000000070eb00000, 0x000000070ec00000|  0%| F|  |TAMS 0x000000070eb00000, 0x000000070eb00000| Untracked 
| 196|0x000000070ec00000, 0x000000070ec00000, 0x000000070ed00000|  0%| F|  |TAMS 0x000000070ec00000, 0x000000070ec00000| Untracked 
| 197|0x000000070ed00000, 0x000000070ed00000, 0x000000070ee00000|  0%| F|  |TAMS 0x000000070ed00000, 0x000000070ed00000| Untracked 
| 198|0x000000070ee00000, 0x000000070ee00000, 0x000000070ef00000|  0%| F|  |TAMS 0x000000070ee00000, 0x000000070ee00000| Untracked 
| 199|0x000000070ef00000, 0x000000070ef00000, 0x000000070f000000|  0%| F|  |TAMS 0x000000070ef00000, 0x000000070ef00000| Untracked 
| 200|0x000000070f000000, 0x000000070f000000, 0x000000070f100000|  0%| F|  |TAMS 0x000000070f000000, 0x000000070f000000| Untracked 
| 201|0x000000070f100000, 0x000000070f100000, 0x000000070f200000|  0%| F|  |TAMS 0x000000070f100000, 0x000000070f100000| Untracked 
| 202|0x000000070f200000, 0x000000070f200000, 0x000000070f300000|  0%| F|  |TAMS 0x000000070f200000, 0x000000070f200000| Untracked 
| 203|0x000000070f300000, 0x000000070f300000, 0x000000070f400000|  0%| F|  |TAMS 0x000000070f300000, 0x000000070f300000| Untracked 
| 204|0x000000070f400000, 0x000000070f400000, 0x000000070f500000|  0%| F|  |TAMS 0x000000070f400000, 0x000000070f400000| Untracked 
| 205|0x000000070f500000, 0x000000070f500000, 0x000000070f600000|  0%| F|  |TAMS 0x000000070f500000, 0x000000070f500000| Untracked 
| 206|0x000000070f600000, 0x000000070f600000, 0x000000070f700000|  0%| F|  |TAMS 0x000000070f600000, 0x000000070f600000| Untracked 
| 207|0x000000070f700000, 0x000000070f700000, 0x000000070f800000|  0%| F|  |TAMS 0x000000070f700000, 0x000000070f700000| Untracked 
| 208|0x000000070f800000, 0x000000070f800000, 0x000000070f900000|  0%| F|  |TAMS 0x000000070f800000, 0x000000070f800000| Untracked 
| 209|0x000000070f900000, 0x000000070f900000, 0x000000070fa00000|  0%| F|  |TAMS 0x000000070f900000, 0x000000070f900000| Untracked 
| 210|0x000000070fa00000, 0x000000070fa00000, 0x000000070fb00000|  0%| F|  |TAMS 0x000000070fa00000, 0x000000070fa00000| Untracked 
| 211|0x000000070fb00000, 0x000000070fb00000, 0x000000070fc00000|  0%| F|  |TAMS 0x000000070fb00000, 0x000000070fb00000| Untracked 
| 212|0x000000070fc00000, 0x000000070fc00000, 0x000000070fd00000|  0%| F|  |TAMS 0x000000070fc00000, 0x000000070fc00000| Untracked 
| 213|0x000000070fd00000, 0x000000070fd00000, 0x000000070fe00000|  0%| F|  |TAMS 0x000000070fd00000, 0x000000070fd00000| Untracked 
| 214|0x000000070fe00000, 0x000000070fe00000, 0x000000070ff00000|  0%| F|  |TAMS 0x000000070fe00000, 0x000000070fe00000| Untracked 
| 215|0x000000070ff00000, 0x000000070ff00000, 0x0000000710000000|  0%| F|  |TAMS 0x000000070ff00000, 0x000000070ff00000| Untracked 
| 216|0x0000000710000000, 0x0000000710000000, 0x0000000710100000|  0%| F|  |TAMS 0x0000000710000000, 0x0000000710000000| Untracked 
| 217|0x0000000710100000, 0x0000000710100000, 0x0000000710200000|  0%| F|  |TAMS 0x0000000710100000, 0x0000000710100000| Untracked 
| 218|0x0000000710200000, 0x0000000710200000, 0x0000000710300000|  0%| F|  |TAMS 0x0000000710200000, 0x0000000710200000| Untracked 
| 219|0x0000000710300000, 0x0000000710300000, 0x0000000710400000|  0%| F|  |TAMS 0x0000000710300000, 0x0000000710300000| Untracked 
| 220|0x0000000710400000, 0x0000000710400000, 0x0000000710500000|  0%| F|  |TAMS 0x0000000710400000, 0x0000000710400000| Untracked 
| 221|0x0000000710500000, 0x0000000710500000, 0x0000000710600000|  0%| F|  |TAMS 0x0000000710500000, 0x0000000710500000| Untracked 
| 222|0x0000000710600000, 0x0000000710600000, 0x0000000710700000|  0%| F|  |TAMS 0x0000000710600000, 0x0000000710600000| Untracked 
| 223|0x0000000710700000, 0x0000000710700000, 0x0000000710800000|  0%| F|  |TAMS 0x0000000710700000, 0x0000000710700000| Untracked 
| 224|0x0000000710800000, 0x0000000710800000, 0x0000000710900000|  0%| F|  |TAMS 0x0000000710800000, 0x0000000710800000| Untracked 
| 225|0x0000000710900000, 0x0000000710900000, 0x0000000710a00000|  0%| F|  |TAMS 0x0000000710900000, 0x0000000710900000| Untracked 
| 226|0x0000000710a00000, 0x0000000710a00000, 0x0000000710b00000|  0%| F|  |TAMS 0x0000000710a00000, 0x0000000710a00000| Untracked 
| 227|0x0000000710b00000, 0x0000000710b00000, 0x0000000710c00000|  0%| F|  |TAMS 0x0000000710b00000, 0x0000000710b00000| Untracked 
| 228|0x0000000710c00000, 0x0000000710c00000, 0x0000000710d00000|  0%| F|  |TAMS 0x0000000710c00000, 0x0000000710c00000| Untracked 
| 229|0x0000000710d00000, 0x0000000710d00000, 0x0000000710e00000|  0%| F|  |TAMS 0x0000000710d00000, 0x0000000710d00000| Untracked 
| 230|0x0000000710e00000, 0x0000000710e00000, 0x0000000710f00000|  0%| F|  |TAMS 0x0000000710e00000, 0x0000000710e00000| Untracked 
| 231|0x0000000710f00000, 0x0000000710f00000, 0x0000000711000000|  0%| F|  |TAMS 0x0000000710f00000, 0x0000000710f00000| Untracked 
| 232|0x0000000711000000, 0x0000000711000000, 0x0000000711100000|  0%| F|  |TAMS 0x0000000711000000, 0x0000000711000000| Untracked 
| 233|0x0000000711100000, 0x0000000711100000, 0x0000000711200000|  0%| F|  |TAMS 0x0000000711100000, 0x0000000711100000| Untracked 
| 234|0x0000000711200000, 0x0000000711200000, 0x0000000711300000|  0%| F|  |TAMS 0x0000000711200000, 0x0000000711200000| Untracked 
| 235|0x0000000711300000, 0x0000000711300000, 0x0000000711400000|  0%| F|  |TAMS 0x0000000711300000, 0x0000000711300000| Untracked 
| 236|0x0000000711400000, 0x0000000711400000, 0x0000000711500000|  0%| F|  |TAMS 0x0000000711400000, 0x0000000711400000| Untracked 
| 237|0x0000000711500000, 0x0000000711500000, 0x0000000711600000|  0%| F|  |TAMS 0x0000000711500000, 0x0000000711500000| Untracked 
| 238|0x0000000711600000, 0x0000000711600000, 0x0000000711700000|  0%| F|  |TAMS 0x0000000711600000, 0x0000000711600000| Untracked 
| 239|0x0000000711700000, 0x0000000711700000, 0x0000000711800000|  0%| F|  |TAMS 0x0000000711700000, 0x0000000711700000| Untracked 
| 240|0x0000000711800000, 0x0000000711800000, 0x0000000711900000|  0%| F|  |TAMS 0x0000000711800000, 0x0000000711800000| Untracked 
| 241|0x0000000711900000, 0x0000000711900000, 0x0000000711a00000|  0%| F|  |TAMS 0x0000000711900000, 0x0000000711900000| Untracked 
| 242|0x0000000711a00000, 0x0000000711a00000, 0x0000000711b00000|  0%| F|  |TAMS 0x0000000711a00000, 0x0000000711a00000| Untracked 
| 243|0x0000000711b00000, 0x0000000711b00000, 0x0000000711c00000|  0%| F|  |TAMS 0x0000000711b00000, 0x0000000711b00000| Untracked 
| 244|0x0000000711c00000, 0x0000000711c00000, 0x0000000711d00000|  0%| F|  |TAMS 0x0000000711c00000, 0x0000000711c00000| Untracked 
| 245|0x0000000711d00000, 0x0000000711d00000, 0x0000000711e00000|  0%| F|  |TAMS 0x0000000711d00000, 0x0000000711d00000| Untracked 
| 246|0x0000000711e00000, 0x0000000711e00000, 0x0000000711f00000|  0%| F|  |TAMS 0x0000000711e00000, 0x0000000711e00000| Untracked 
| 247|0x0000000711f00000, 0x0000000711f00000, 0x0000000712000000|  0%| F|  |TAMS 0x0000000711f00000, 0x0000000711f00000| Untracked 
| 248|0x0000000712000000, 0x0000000712000000, 0x0000000712100000|  0%| F|  |TAMS 0x0000000712000000, 0x0000000712000000| Untracked 
| 249|0x0000000712100000, 0x0000000712100000, 0x0000000712200000|  0%| F|  |TAMS 0x0000000712100000, 0x0000000712100000| Untracked 
| 250|0x0000000712200000, 0x0000000712200000, 0x0000000712300000|  0%| F|  |TAMS 0x0000000712200000, 0x0000000712200000| Untracked 
| 251|0x0000000712300000, 0x0000000712300000, 0x0000000712400000|  0%| F|  |TAMS 0x0000000712300000, 0x0000000712300000| Untracked 
| 252|0x0000000712400000, 0x0000000712400000, 0x0000000712500000|  0%| F|  |TAMS 0x0000000712400000, 0x0000000712400000| Untracked 
| 253|0x0000000712500000, 0x0000000712500000, 0x0000000712600000|  0%| F|  |TAMS 0x0000000712500000, 0x0000000712500000| Untracked 
| 254|0x0000000712600000, 0x0000000712600000, 0x0000000712700000|  0%| F|  |TAMS 0x0000000712600000, 0x0000000712600000| Untracked 
| 255|0x0000000712700000, 0x0000000712700000, 0x0000000712800000|  0%| F|  |TAMS 0x0000000712700000, 0x0000000712700000| Untracked 
| 256|0x0000000712800000, 0x0000000712800000, 0x0000000712900000|  0%| F|  |TAMS 0x0000000712800000, 0x0000000712800000| Untracked 
| 257|0x0000000712900000, 0x0000000712900000, 0x0000000712a00000|  0%| F|  |TAMS 0x0000000712900000, 0x0000000712900000| Untracked 
| 258|0x0000000712a00000, 0x0000000712a00000, 0x0000000712b00000|  0%| F|  |TAMS 0x0000000712a00000, 0x0000000712a00000| Untracked 
| 259|0x0000000712b00000, 0x0000000712b00000, 0x0000000712c00000|  0%| F|  |TAMS 0x0000000712b00000, 0x0000000712b00000| Untracked 
| 260|0x0000000712c00000, 0x0000000712c00000, 0x0000000712d00000|  0%| F|  |TAMS 0x0000000712c00000, 0x0000000712c00000| Untracked 
| 261|0x0000000712d00000, 0x0000000712d00000, 0x0000000712e00000|  0%| F|  |TAMS 0x0000000712d00000, 0x0000000712d00000| Untracked 
| 262|0x0000000712e00000, 0x0000000712e00000, 0x0000000712f00000|  0%| F|  |TAMS 0x0000000712e00000, 0x0000000712e00000| Untracked 
| 263|0x0000000712f00000, 0x0000000712f00000, 0x0000000713000000|  0%| F|  |TAMS 0x0000000712f00000, 0x0000000712f00000| Untracked 
| 264|0x0000000713000000, 0x0000000713000000, 0x0000000713100000|  0%| F|  |TAMS 0x0000000713000000, 0x0000000713000000| Untracked 
| 265|0x0000000713100000, 0x0000000713100000, 0x0000000713200000|  0%| F|  |TAMS 0x0000000713100000, 0x0000000713100000| Untracked 
| 266|0x0000000713200000, 0x0000000713200000, 0x0000000713300000|  0%| F|  |TAMS 0x0000000713200000, 0x0000000713200000| Untracked 
| 267|0x0000000713300000, 0x0000000713300000, 0x0000000713400000|  0%| F|  |TAMS 0x0000000713300000, 0x0000000713300000| Untracked 
| 268|0x0000000713400000, 0x0000000713400000, 0x0000000713500000|  0%| F|  |TAMS 0x0000000713400000, 0x0000000713400000| Untracked 
| 269|0x0000000713500000, 0x0000000713500000, 0x0000000713600000|  0%| F|  |TAMS 0x0000000713500000, 0x0000000713500000| Untracked 
| 270|0x0000000713600000, 0x0000000713600000, 0x0000000713700000|  0%| F|  |TAMS 0x0000000713600000, 0x0000000713600000| Untracked 
| 271|0x0000000713700000, 0x0000000713700000, 0x0000000713800000|  0%| F|  |TAMS 0x0000000713700000, 0x0000000713700000| Untracked 
| 272|0x0000000713800000, 0x0000000713800000, 0x0000000713900000|  0%| F|  |TAMS 0x0000000713800000, 0x0000000713800000| Untracked 
| 273|0x0000000713900000, 0x0000000713900000, 0x0000000713a00000|  0%| F|  |TAMS 0x0000000713900000, 0x0000000713900000| Untracked 
| 274|0x0000000713a00000, 0x0000000713a00000, 0x0000000713b00000|  0%| F|  |TAMS 0x0000000713a00000, 0x0000000713a00000| Untracked 
| 275|0x0000000713b00000, 0x0000000713b00000, 0x0000000713c00000|  0%| F|  |TAMS 0x0000000713b00000, 0x0000000713b00000| Untracked 
| 276|0x0000000713c00000, 0x0000000713c00000, 0x0000000713d00000|  0%| F|  |TAMS 0x0000000713c00000, 0x0000000713c00000| Untracked 
| 277|0x0000000713d00000, 0x0000000713d00000, 0x0000000713e00000|  0%| F|  |TAMS 0x0000000713d00000, 0x0000000713d00000| Untracked 
| 278|0x0000000713e00000, 0x0000000713e00000, 0x0000000713f00000|  0%| F|  |TAMS 0x0000000713e00000, 0x0000000713e00000| Untracked 
| 279|0x0000000713f00000, 0x0000000713f00000, 0x0000000714000000|  0%| F|  |TAMS 0x0000000713f00000, 0x0000000713f00000| Untracked 
| 280|0x0000000714000000, 0x0000000714000000, 0x0000000714100000|  0%| F|  |TAMS 0x0000000714000000, 0x0000000714000000| Untracked 
| 281|0x0000000714100000, 0x0000000714100000, 0x0000000714200000|  0%| F|  |TAMS 0x0000000714100000, 0x0000000714100000| Untracked 
| 282|0x0000000714200000, 0x0000000714200000, 0x0000000714300000|  0%| F|  |TAMS 0x0000000714200000, 0x0000000714200000| Untracked 
| 283|0x0000000714300000, 0x0000000714300000, 0x0000000714400000|  0%| F|  |TAMS 0x0000000714300000, 0x0000000714300000| Untracked 
| 284|0x0000000714400000, 0x0000000714400000, 0x0000000714500000|  0%| F|  |TAMS 0x0000000714400000, 0x0000000714400000| Untracked 
| 285|0x0000000714500000, 0x0000000714500000, 0x0000000714600000|  0%| F|  |TAMS 0x0000000714500000, 0x0000000714500000| Untracked 
| 286|0x0000000714600000, 0x0000000714600000, 0x0000000714700000|  0%| F|  |TAMS 0x0000000714600000, 0x0000000714600000| Untracked 
| 287|0x0000000714700000, 0x0000000714700000, 0x0000000714800000|  0%| F|  |TAMS 0x0000000714700000, 0x0000000714700000| Untracked 
| 288|0x0000000714800000, 0x0000000714800000, 0x0000000714900000|  0%| F|  |TAMS 0x0000000714800000, 0x0000000714800000| Untracked 
| 289|0x0000000714900000, 0x0000000714900000, 0x0000000714a00000|  0%| F|  |TAMS 0x0000000714900000, 0x0000000714900000| Untracked 
| 290|0x0000000714a00000, 0x0000000714a80800, 0x0000000714b00000| 50%| E|  |TAMS 0x0000000714a00000, 0x0000000714a00000| Complete 
| 291|0x0000000714b00000, 0x0000000714c00000, 0x0000000714c00000|100%| E|CS|TAMS 0x0000000714b00000, 0x0000000714b00000| Complete 
| 292|0x0000000714c00000, 0x0000000714d00000, 0x0000000714d00000|100%| E|CS|TAMS 0x0000000714c00000, 0x0000000714c00000| Complete 
| 293|0x0000000714d00000, 0x0000000714e00000, 0x0000000714e00000|100%| E|CS|TAMS 0x0000000714d00000, 0x0000000714d00000| Complete 
| 294|0x0000000714e00000, 0x0000000714f00000, 0x0000000714f00000|100%| E|CS|TAMS 0x0000000714e00000, 0x0000000714e00000| Complete 
| 295|0x0000000714f00000, 0x0000000715000000, 0x0000000715000000|100%| E|CS|TAMS 0x0000000714f00000, 0x0000000714f00000| Complete 
| 296|0x0000000715000000, 0x0000000715100000, 0x0000000715100000|100%| E|CS|TAMS 0x0000000715000000, 0x0000000715000000| Complete 
| 297|0x0000000715100000, 0x0000000715200000, 0x0000000715200000|100%| E|CS|TAMS 0x0000000715100000, 0x0000000715100000| Complete 
| 298|0x0000000715200000, 0x0000000715300000, 0x0000000715300000|100%| E|CS|TAMS 0x0000000715200000, 0x0000000715200000| Complete 
| 299|0x0000000715300000, 0x0000000715400000, 0x0000000715400000|100%| E|CS|TAMS 0x0000000715300000, 0x0000000715300000| Complete 
| 300|0x0000000715400000, 0x0000000715500000, 0x0000000715500000|100%| E|CS|TAMS 0x0000000715400000, 0x0000000715400000| Complete 
| 301|0x0000000715500000, 0x0000000715600000, 0x0000000715600000|100%| E|CS|TAMS 0x0000000715500000, 0x0000000715500000| Complete 
| 302|0x0000000715600000, 0x0000000715700000, 0x0000000715700000|100%| E|CS|TAMS 0x0000000715600000, 0x0000000715600000| Complete 
| 303|0x0000000715700000, 0x0000000715800000, 0x0000000715800000|100%| E|CS|TAMS 0x0000000715700000, 0x0000000715700000| Complete 
| 304|0x0000000715800000, 0x0000000715900000, 0x0000000715900000|100%| E|CS|TAMS 0x0000000715800000, 0x0000000715800000| Complete 

Card table byte_map: [0x000002074dbc0000,0x000002074e3b0000] _byte_map_base: 0x000002074a3ac000

Marking Bits (Prev, Next): (CMBitMap*) 0x000002073a066ad0, (CMBitMap*) 0x000002073a066a98
 Prev Bits: [0x0000020752b00000, 0x0000020756a60000)
 Next Bits: [0x000002074eba0000, 0x0000020752b00000)

Polling page: 0x00000207397e0000

Metaspace:

Usage:
  Non-class:     54.08 MB capacity,    53.68 MB (>99%) used,   307.23 KB ( <1%) free+waste,   100.75 KB ( <1%) overhead. 
      Class:      7.11 MB capacity,     6.82 MB ( 96%) used,   257.41 KB (  4%) free+waste,    44.81 KB ( <1%) overhead. 
       Both:     61.19 MB capacity,    60.50 MB ( 99%) used,   564.64 KB ( <1%) free+waste,   145.56 KB ( <1%) overhead. 

Virtual space:
  Non-class space:       56.00 MB reserved,      54.25 MB ( 97%) committed 
      Class space:        1.00 GB reserved,       7.12 MB ( <1%) committed 
             Both:        1.05 GB reserved,      61.38 MB (  6%) committed 

Chunk freelists:
   Non-Class:  50.00 KB
       Class:  11.00 KB
        Both:  61.00 KB

MaxMetaspaceSize: 17179869184.00 GB
CompressedClassSpaceSize: 1.00 GB
Initial GC threshold: 20.80 MB
Current GC threshold: 98.75 MB
CDS: off

CodeHeap 'non-profiled nmethods': size=119168Kb used=4065Kb max_used=4065Kb free=115102Kb
 bounds [0x00000207456d0000, 0x0000020745ad0000, 0x000002074cb30000]
CodeHeap 'profiled nmethods': size=119168Kb used=20583Kb max_used=20583Kb free=98584Kb
 bounds [0x000002073e270000, 0x000002073f690000, 0x00000207456d0000]
CodeHeap 'non-nmethods': size=7424Kb used=3004Kb max_used=3048Kb free=4419Kb
 bounds [0x000002073db30000, 0x000002073de40000, 0x000002073e270000]
 total_blobs=8130 nmethods=7535 adapters=503
 compilation: enabled
              stopped_count=0, restarted_count=0
 full_count=0

Compilation events (20 events):
Event: 3.572 Thread 0x000002075a48f000 7505       3       org.jetbrains.kotlin.types.DynamicTypesKt::isDynamic (14 bytes)
Event: 3.572 Thread 0x000002075acf2000 7506       3       org.jetbrains.kotlin.types.model.TypeSystemCommonSuperTypesContext::typeDepth (105 bytes)
Event: 3.572 Thread 0x000002075a48f000 nmethod 7505 0x000002073f62b890 code [0x000002073f62bac0, 0x000002073f62c208]
Event: 3.573 Thread 0x000002075abf9800 7507       1       org.jetbrains.kotlin.resolve.calls.util.CallMaker$CallImpl::getExplicitReceiver (5 bytes)
Event: 3.573 Thread 0x000002075abf9800 nmethod 7507 0x0000020745ac5290 code [0x0000020745ac5440, 0x0000020745ac54f8]
Event: 3.573 Thread 0x000002075acf2000 nmethod 7506 0x000002073f62c490 code [0x000002073f62c840, 0x000002073f62e328]
Event: 3.573 Thread 0x000002075acf2000 7508       3       org.jetbrains.kotlin.types.expressions.ExpressionTypingVisitorDispatcher::getTypeInfo (40 bytes)
Event: 3.573 Thread 0x000002075acf2000 nmethod 7508 0x000002073f62ea10 code [0x000002073f62ec00, 0x000002073f62ee98]
Event: 3.573 Thread 0x000002075a48f000 7509       3       org.jetbrains.kotlin.utils.CollectionsKt::newLinkedHashSetWithExpectedSize (12 bytes)
Event: 3.573 Thread 0x000002075abf9800 7510       3       org.jetbrains.kotlin.resolve.jvm.checkers.MissingBuiltInDeclarationChecker::diagnosticFor (131 bytes)
Event: 3.573 Thread 0x000002075a48f000 nmethod 7509 0x000002073f62f010 code [0x000002073f62f240, 0x000002073f62f7e8]
Event: 3.573 Thread 0x000002075acf2000 7511       3       org.jetbrains.kotlin.container.DslKt::useInstance (19 bytes)
Event: 3.574 Thread 0x000002075abf9800 nmethod 7510 0x000002073f62fa90 code [0x000002073f62fee0, 0x000002073f631ed8]
Event: 3.574 Thread 0x000002075a66b800 nmethod 7504 0x000002073f632710 code [0x000002073f633220, 0x000002073f6392f8]
Event: 3.574 Thread 0x000002075acf2000 nmethod 7511 0x000002073f63ca10 code [0x000002073f63cec0, 0x000002073f63ef68]
Event: 3.575 Thread 0x000002075a652000 7512       4       java.util.LinkedHashMap::afterNodeAccess (116 bytes)
Event: 3.575 Thread 0x000002075a652000 nmethod 7512 0x0000020745ac5590 code [0x0000020745ac5720, 0x0000020745ac5798]
Event: 3.575 Thread 0x000002075a48f000 7513       3       org.jetbrains.kotlin.container.MethodBinding::<init> (27 bytes)
Event: 3.575 Thread 0x000002075a48f000 nmethod 7513 0x000002073f63fa90 code [0x000002073f63fd40, 0x000002073f6408d8]
Event: 3.576 Thread 0x000002075abf9800 7514       3       org.jetbrains.kotlin.resolve.DescriptorUtils::getFqNameSafeIfPossible (62 bytes)

GC Heap History (12 events):
Event: 0.413 GC heap before
{Heap before GC invocations=0 (full 0):
 garbage-first heap   total 260096K, used 28672K [0x0000000702800000, 0x0000000800000000)
  region size 1024K, 24 young (24576K), 0 survivors (0K)
 Metaspace       used 11749K, capacity 11890K, committed 12160K, reserved 1060864K
  class space    used 1068K, capacity 1109K, committed 1152K, reserved 1048576K
}
Event: 0.415 GC heap after
{Heap after GC invocations=1 (full 0):
 garbage-first heap   total 260096K, used 6561K [0x0000000702800000, 0x0000000800000000)
  region size 1024K, 3 young (3072K), 3 survivors (3072K)
 Metaspace       used 11749K, capacity 11890K, committed 12160K, reserved 1060864K
  class space    used 1068K, capacity 1109K, committed 1152K, reserved 1048576K
}
Event: 0.925 GC heap before
{Heap before GC invocations=1 (full 0):
 garbage-first heap   total 260096K, used 48545K [0x0000000702800000, 0x0000000800000000)
  region size 1024K, 45 young (46080K), 3 survivors (3072K)
 Metaspace       used 20951K, capacity 21168K, committed 21248K, reserved 1069056K
  class space    used 2187K, capacity 2274K, committed 2304K, reserved 1048576K
}
Event: 0.934 GC heap after
{Heap after GC invocations=2 (full 0):
 garbage-first heap   total 260096K, used 10435K [0x0000000702800000, 0x0000000800000000)
  region size 1024K, 7 young (7168K), 7 survivors (7168K)
 Metaspace       used 20951K, capacity 21168K, committed 21248K, reserved 1069056K
  class space    used 2187K, capacity 2274K, committed 2304K, reserved 1048576K
}
Event: 1.530 GC heap before
{Heap before GC invocations=3 (full 0):
 garbage-first heap   total 260096K, used 76995K [0x0000000702800000, 0x0000000800000000)
  region size 1024K, 67 young (68608K), 7 survivors (7168K)
 Metaspace       used 35280K, capacity 35693K, committed 35840K, reserved 1081344K
  class space    used 4322K, capacity 4509K, committed 4608K, reserved 1048576K
}
Event: 1.544 GC heap after
{Heap after GC invocations=4 (full 0):
 garbage-first heap   total 260096K, used 23456K [0x0000000702800000, 0x0000000800000000)
  region size 1024K, 9 young (9216K), 9 survivors (9216K)
 Metaspace       used 35280K, capacity 35693K, committed 35840K, reserved 1081344K
  class space    used 4322K, capacity 4509K, committed 4608K, reserved 1048576K
}
Event: 1.608 GC heap before
{Heap before GC invocations=5 (full 0):
 garbage-first heap   total 260096K, used 29600K [0x0000000702800000, 0x0000000800000000)
  region size 1024K, 15 young (15360K), 9 survivors (9216K)
 Metaspace       used 36546K, capacity 37037K, committed 37248K, reserved 1081344K
  class space    used 4461K, capacity 4637K, committed 4736K, reserved 1048576K
}
Event: 1.613 GC heap after
{Heap after GC invocations=6 (full 0):
 garbage-first heap   total 260096K, used 25666K [0x0000000702800000, 0x0000000800000000)
  region size 1024K, 2 young (2048K), 2 survivors (2048K)
 Metaspace       used 36546K, capacity 37037K, committed 37248K, reserved 1081344K
  class space    used 4461K, capacity 4637K, committed 4736K, reserved 1048576K
}
Event: 2.338 GC heap before
{Heap before GC invocations=6 (full 0):
 garbage-first heap   total 260096K, used 100418K [0x0000000702800000, 0x0000000800000000)
  region size 1024K, 72 young (73728K), 2 survivors (2048K)
 Metaspace       used 50476K, capacity 51005K, committed 51200K, reserved 1093632K
  class space    used 5837K, capacity 6065K, committed 6144K, reserved 1048576K
}
Event: 2.343 GC heap after
{Heap after GC invocations=7 (full 0):
 garbage-first heap   total 260096K, used 32579K [0x0000000702800000, 0x0000000800000000)
  region size 1024K, 9 young (9216K), 9 survivors (9216K)
 Metaspace       used 50476K, capacity 51005K, committed 51200K, reserved 1093632K
  class space    used 5837K, capacity 6065K, committed 6144K, reserved 1048576K
}
Event: 3.340 GC heap before
{Heap before GC invocations=7 (full 0):
 garbage-first heap   total 260096K, used 112451K [0x0000000702800000, 0x0000000800000000)
  region size 1024K, 88 young (90112K), 9 survivors (9216K)
 Metaspace       used 59456K, capacity 60122K, committed 60160K, reserved 1101824K
  class space    used 6729K, capacity 7036K, committed 7040K, reserved 1048576K
}
Event: 3.364 GC heap after
{Heap after GC invocations=8 (full 0):
 garbage-first heap   total 312320K, used 41022K [0x0000000702800000, 0x0000000800000000)
  region size 1024K, 9 young (9216K), 9 survivors (9216K)
 Metaspace       used 59456K, capacity 60122K, committed 60160K, reserved 1101824K
  class space    used 6729K, capacity 7036K, committed 7040K, reserved 1048576K
}

Deoptimization events (20 events):
Event: 3.566 Thread 0x000002073a001000 Uncommon trap: trap_request=0xffffffc6 fr.pc=0x0000020745ab9298 relative=0x00000000000000d8
Event: 3.566 Thread 0x000002073a001000 Uncommon trap: reason=bimorphic_or_optimized_type_check action=maybe_recompile pc=0x0000020745ab9298 method=org.jetbrains.kotlin.types.DelegatingSimpleType.getConstructor()Lorg/jetbrains/kotlin/types/TypeConstructor; @ 4 c2
Event: 3.566 Thread 0x000002073a001000 DEOPT PACKING pc=0x0000020745ab9298 sp=0x00000071cf4fbb40
Event: 3.566 Thread 0x000002073a001000 DEOPT UNPACKING pc=0x000002073db385af sp=0x00000071cf4fbac8 mode 2
Event: 3.566 Thread 0x000002073a001000 Uncommon trap: trap_request=0xffffffc6 fr.pc=0x0000020745ab9298 relative=0x00000000000000d8
Event: 3.566 Thread 0x000002073a001000 Uncommon trap: reason=bimorphic_or_optimized_type_check action=maybe_recompile pc=0x0000020745ab9298 method=org.jetbrains.kotlin.types.DelegatingSimpleType.getConstructor()Lorg/jetbrains/kotlin/types/TypeConstructor; @ 4 c2
Event: 3.566 Thread 0x000002073a001000 DEOPT PACKING pc=0x0000020745ab9298 sp=0x00000071cf4fbb50
Event: 3.566 Thread 0x000002073a001000 DEOPT UNPACKING pc=0x000002073db385af sp=0x00000071cf4fbad8 mode 2
Event: 3.566 Thread 0x000002073a001000 Uncommon trap: trap_request=0xffffffc6 fr.pc=0x0000020745ab9298 relative=0x00000000000000d8
Event: 3.566 Thread 0x000002073a001000 Uncommon trap: reason=bimorphic_or_optimized_type_check action=maybe_recompile pc=0x0000020745ab9298 method=org.jetbrains.kotlin.types.DelegatingSimpleType.getConstructor()Lorg/jetbrains/kotlin/types/TypeConstructor; @ 4 c2
Event: 3.566 Thread 0x000002073a001000 DEOPT PACKING pc=0x0000020745ab9298 sp=0x00000071cf4fbb40
Event: 3.566 Thread 0x000002073a001000 DEOPT UNPACKING pc=0x000002073db385af sp=0x00000071cf4fbac8 mode 2
Event: 3.566 Thread 0x000002073a001000 Uncommon trap: trap_request=0xffffffc6 fr.pc=0x0000020745ab9298 relative=0x00000000000000d8
Event: 3.566 Thread 0x000002073a001000 Uncommon trap: reason=bimorphic_or_optimized_type_check action=maybe_recompile pc=0x0000020745ab9298 method=org.jetbrains.kotlin.types.DelegatingSimpleType.getConstructor()Lorg/jetbrains/kotlin/types/TypeConstructor; @ 4 c2
Event: 3.566 Thread 0x000002073a001000 DEOPT PACKING pc=0x0000020745ab9298 sp=0x00000071cf4fbab0
Event: 3.566 Thread 0x000002073a001000 DEOPT UNPACKING pc=0x000002073db385af sp=0x00000071cf4fba38 mode 2
Event: 3.567 Thread 0x000002073a001000 Uncommon trap: trap_request=0xffffff4d fr.pc=0x0000020745a326c0 relative=0x0000000000000180
Event: 3.567 Thread 0x000002073a001000 Uncommon trap: reason=unstable_if action=reinterpret pc=0x0000020745a326c0 method=org.jetbrains.kotlin.resolve.DescriptorUtils.getFqNameSafeIfPossible(Lorg/jetbrains/kotlin/descriptors/DeclarationDescriptor;)Lorg/jetbrains/kotlin/name/FqName; @ 12 c2
Event: 3.567 Thread 0x000002073a001000 DEOPT PACKING pc=0x0000020745a326c0 sp=0x00000071cf4fb8a0
Event: 3.567 Thread 0x000002073a001000 DEOPT UNPACKING pc=0x000002073db385af sp=0x00000071cf4fb840 mode 2

Classes redefined (0 events):
No events

Internal exceptions (20 events):
Event: 2.819 Thread 0x000002073a001000 Implicit null exception at 0x00000207458d6233 to 0x00000207458d6604
Event: 2.823 Thread 0x000002073a001000 Implicit null exception at 0x000002074585254c to 0x0000020745852634
Event: 2.844 Thread 0x000002073a001000 Implicit null exception at 0x00000207459144d5 to 0x0000020745914c84
Event: 2.844 Thread 0x000002073a001000 Implicit null exception at 0x00000207459127af to 0x00000207459127dc
Event: 2.851 Thread 0x000002073a001000 Implicit null exception at 0x00000207457821f5 to 0x00000207457823e0
Event: 3.042 Thread 0x000002073a001000 Exception <a 'java/lang/NoSuchMethodError'{0x000000070e8f6440}: 'java.lang.Object java.lang.invoke.DirectMethodHandle$Holder.invokeSpecial(java.lang.Object, java.lang.Object, java.lang.Object, java.lang.Object, java.lang.Object, java.lang.Object, int)'> (0x000000070e8f6440) thrown at [src/hotspot/share/interpreter/linkResolver.cpp, line 773]
Event: 3.061 Thread 0x000002073a001000 Exception <a 'java/lang/NoSuchMethodError'{0x000000070e7a8bd0}: 'int java.lang.invoke.DirectMethodHandle$Holder.invokeStaticInit(java.lang.Object, int)'> (0x000000070e7a8bd0) thrown at [src/hotspot/share/interpreter/linkResolver.cpp, line 773]
Event: 3.131 Thread 0x000002073a001000 Exception <a 'java/lang/NoSuchMethodError'{0x000000070e4606b0}: 'java.lang.Object java.lang.invoke.DirectMethodHandle$Holder.invokeStatic(java.lang.Object, int, java.lang.Object, java.lang.Object)'> (0x000000070e4606b0) thrown at [src/hotspot/share/interpreter/linkResolver.cpp, line 773]
Event: 3.131 Thread 0x000002073a001000 Exception <a 'java/lang/NoSuchMethodError'{0x000000070e464778}: 'java.lang.Object java.lang.invoke.DirectMethodHandle$Holder.invokeSpecial(java.lang.Object, java.lang.Object, int, java.lang.Object, java.lang.Object)'> (0x000000070e464778) thrown at [src/hotspot/share/interpreter/linkResolver.cpp, line 773]
Event: 3.275 Thread 0x000002073a001000 Exception <a 'java/lang/NoSuchMethodError'{0x000000070d2a6e18}: 'java.lang.Object java.lang.invoke.DirectMethodHandle$Holder.invokeSpecial(java.lang.Object, java.lang.Object, java.lang.Object, java.lang.Object, java.lang.Object, int)'> (0x000000070d2a6e18) thrown at [src/hotspot/share/interpreter/linkResolver.cpp, line 773]
Event: 3.275 Thread 0x000002073a001000 Exception <a 'java/lang/NoSuchMethodError'{0x000000070d2aa9b8}: 'java.lang.Object java.lang.invoke.Invokers$Holder.linkToTargetMethod(java.lang.Object, java.lang.Object, java.lang.Object, int, java.lang.Object)'> (0x000000070d2aa9b8) thrown at [src/hotspot/share/interpreter/linkResolver.cpp, line 773]
Event: 3.471 Thread 0x000002073a001000 Exception <a 'java/lang/NoSuchMethodError'{0x000000071513dee0}: 'java.lang.Object java.lang.invoke.Invokers$Holder.linkToTargetMethod(java.lang.Object, java.lang.Object, java.lang.Object, java.lang.Object, java.lang.Object, java.lang.Object, java.lang.Object)'> (0x000000071513dee0) thrown at [src/hotspot/share/interpreter/linkResolver.cpp, line 773]
Event: 3.472 Thread 0x000002073a001000 Implicit null exception at 0x0000020745785d43 to 0x0000020745785ec8
Event: 3.473 Thread 0x000002073a001000 Implicit null exception at 0x000002074572f378 to 0x000002074572f40a
Event: 3.475 Thread 0x000002073a001000 Implicit null exception at 0x00000207456fc82f to 0x00000207456fc8a9
Event: 3.499 Thread 0x000002073a001000 Exception <a 'java/lang/NoSuchMethodError'{0x0000000714f038f8}: 'java.lang.Object java.lang.invoke.DirectMethodHandle$Holder.invokeStaticInit(java.lang.Object, java.lang.Object, java.lang.Object)'> (0x0000000714f038f8) thrown at [src/hotspot/share/interpreter/linkResolver.cpp, line 773]
Event: 3.502 Thread 0x000002073a001000 Exception <a 'java/lang/NoSuchMethodError'{0x0000000714f3ca70}: 'java.lang.Object java.lang.invoke.DirectMethodHandle$Holder.invokeStatic(java.lang.Object, int, java.lang.Object)'> (0x0000000714f3ca70) thrown at [src/hotspot/share/interpreter/linkResolver.cpp, line 773]
Event: 3.502 Thread 0x000002073a001000 Exception <a 'java/lang/NoSuchMethodError'{0x0000000714f43078}: 'int java.lang.invoke.DirectMethodHandle$Holder.invokeInterface(java.lang.Object, java.lang.Object)'> (0x0000000714f43078) thrown at [src/hotspot/share/interpreter/linkResolver.cpp, line 773]
Event: 3.569 Thread 0x000002073a001000 Exception <a 'java/lang/NoSuchMethodError'{0x0000000714b961e8}: 'java.lang.Object java.lang.invoke.DirectMethodHandle$Holder.invokeInterface(java.lang.Object, java.lang.Object, java.lang.Object)'> (0x0000000714b961e8) thrown at [src/hotspot/share/interpreter/linkResolver.cpp, line 773]
Event: 3.570 Thread 0x000002073a001000 Exception <a 'java/lang/IncompatibleClassChangeError'{0x0000000714b99418}: Found class java.lang.Object, but interface was expected> (0x0000000714b99418) thrown at [src/hotspot/share/interpreter/linkResolver.cpp, line 839]

Events (20 events):
Event: 3.565 loading class org/jetbrains/kotlin/types/DefinitelyNotNullType$Companion
Event: 3.565 loading class org/jetbrains/kotlin/types/DefinitelyNotNullType$Companion done
Event: 3.566 loading class org/jetbrains/kotlin/resolve/KtDescriptorUtilKt$isFunctionForExpectTypeFromCastFeature$isBadType$1
Event: 3.566 loading class org/jetbrains/kotlin/resolve/KtDescriptorUtilKt$isFunctionForExpectTypeFromCastFeature$isBadType$1 done
Event: 3.568 loading class org/jetbrains/kotlin/resolve/calls/checkers/UselessElvisCallChecker$check$1
Event: 3.568 loading class org/jetbrains/kotlin/resolve/calls/checkers/UselessElvisCallChecker$check$1 done
Event: 3.568 loading class org/jetbrains/kotlin/resolve/calls/smartcasts/DataFlowInfoImpl$Companion$create$3
Event: 3.568 loading class org/jetbrains/kotlin/resolve/calls/smartcasts/DataFlowInfoImpl$Companion$create$3 done
Event: 3.569 loading class org/jetbrains/kotlin/resolve/calls/smartcasts/DataFlowInfoImplKt
Event: 3.569 loading class org/jetbrains/kotlin/resolve/calls/smartcasts/DataFlowInfoImplKt done
Event: 3.569 loading class javaslang/collection/List$Cons
Event: 3.569 loading class javaslang/collection/List$Cons done
Event: 3.569 loading class javaslang/collection/List
Event: 3.569 loading class javaslang/collection/List done
Event: 3.570 loading class javaslang/collection/List
Event: 3.570 loading class javaslang/collection/List done
Event: 3.570 loading class org/jetbrains/kotlin/resolve/calls/smartcasts/Nullability$1
Event: 3.570 loading class org/jetbrains/kotlin/resolve/calls/smartcasts/Nullability$1 done
Event: 3.570 loading class org/jetbrains/kotlin/resolve/calls/smartcasts/IdentifierInfo$SafeCast
Event: 3.570 loading class org/jetbrains/kotlin/resolve/calls/smartcasts/IdentifierInfo$SafeCast done


Dynamic libraries:
0x00007ff631a50000 - 0x00007ff631a5a000 	C:\Program Files\Android\Android Studio\jbr\bin\java.exe
0x00007ffbdf030000 - 0x00007ffbdf228000 	C:\Windows\SYSTEM32\ntdll.dll
0x00007ffbdec10000 - 0x00007ffbdeccf000 	C:\Windows\System32\KERNEL32.DLL
0x00007ffbdcd20000 - 0x00007ffbdd016000 	C:\Windows\System32\KERNELBASE.dll
0x00007ffbdcb90000 - 0x00007ffbdcc90000 	C:\Windows\System32\ucrtbase.dll
0x00007ffbd3f90000 - 0x00007ffbd3fa7000 	C:\Program Files\Android\Android Studio\jbr\bin\jli.dll
0x00007ffbd3f70000 - 0x00007ffbd3f8b000 	C:\Program Files\Android\Android Studio\jbr\bin\VCRUNTIME140.dll
0x00007ffbdd170000 - 0x00007ffbdd30d000 	C:\Windows\System32\USER32.dll
0x00007ffbdcb30000 - 0x00007ffbdcb52000 	C:\Windows\System32\win32u.dll
0x00007ffbc9a00000 - 0x00007ffbc9c9a000 	C:\Windows\WinSxS\amd64_microsoft.windows.common-controls_6595b64144ccf1df_6.0.19041.1110_none_60b5254171f9507e\COMCTL32.dll
0x00007ffbdd590000 - 0x00007ffbdd5bc000 	C:\Windows\System32\GDI32.dll
0x00007ffbdeac0000 - 0x00007ffbdeb5e000 	C:\Windows\System32\msvcrt.dll
0x00007ffbdc760000 - 0x00007ffbdc875000 	C:\Windows\System32\gdi32full.dll
0x00007ffbdc880000 - 0x00007ffbdc91d000 	C:\Windows\System32\msvcp_win.dll
0x00007ffbde190000 - 0x00007ffbde1c0000 	C:\Windows\System32\IMM32.DLL
0x00007ffb99770000 - 0x00007ffb997fd000 	C:\Program Files\Android\Android Studio\jbr\bin\msvcp140.dll
0x00007ffb5dab0000 - 0x00007ffb5dabc000 	C:\Windows\SYSTEM32\VCRUNTIME140_1.dll
0x00007ffb4d0f0000 - 0x00007ffb4dcac000 	C:\Program Files\Android\Android Studio\jbr\bin\server\jvm.dll
0x00007ffbdef40000 - 0x00007ffbdefef000 	C:\Windows\System32\ADVAPI32.dll
0x00007ffbddfc0000 - 0x00007ffbde05c000 	C:\Windows\System32\sechost.dll
0x00007ffbddab0000 - 0x00007ffbddbd6000 	C:\Windows\System32\RPCRT4.dll
0x00007ffbde1c0000 - 0x00007ffbde1c8000 	C:\Windows\System32\PSAPI.DLL
0x00007ffbd8800000 - 0x00007ffbd8809000 	C:\Windows\SYSTEM32\WSOCK32.dll
0x00007ffbd5bf0000 - 0x00007ffbd5bfa000 	C:\Windows\SYSTEM32\VERSION.dll
0x00007ffbde1d0000 - 0x00007ffbde23b000 	C:\Windows\System32\WS2_32.dll
0x00007ffbcdc80000 - 0x00007ffbcdca7000 	C:\Windows\SYSTEM32\WINMM.dll
0x00007ffbdaf60000 - 0x00007ffbdaf72000 	C:\Windows\SYSTEM32\kernel.appcore.dll
0x00007ffbc3cd0000 - 0x00007ffbc3ce0000 	C:\Program Files\Android\Android Studio\jbr\bin\verify.dll
0x00007ffbdac60000 - 0x00007ffbdae44000 	C:\Windows\SYSTEM32\DBGHELP.DLL
0x00007ffbc4ec0000 - 0x00007ffbc4ef4000 	C:\Windows\SYSTEM32\dbgcore.DLL
0x00007ffbdcc90000 - 0x00007ffbdcd12000 	C:\Windows\System32\bcryptPrimitives.dll
0x00007ffbc3ca0000 - 0x00007ffbc3cc8000 	C:\Program Files\Android\Android Studio\jbr\bin\java.dll
0x00007ffbc3c90000 - 0x00007ffbc3c9a000 	C:\Program Files\Android\Android Studio\jbr\bin\jimage.dll
0x00007ffbb17a0000 - 0x00007ffbb17b8000 	C:\Program Files\Android\Android Studio\jbr\bin\zip.dll
0x00007ffbde240000 - 0x00007ffbde984000 	C:\Windows\System32\SHELL32.dll
0x00007ffbda4c0000 - 0x00007ffbdac53000 	C:\Windows\SYSTEM32\windows.storage.dll
0x00007ffbddbe0000 - 0x00007ffbddf34000 	C:\Windows\System32\combase.dll
0x00007ffbdc170000 - 0x00007ffbdc19e000 	C:\Windows\SYSTEM32\Wldp.dll
0x00007ffbdd310000 - 0x00007ffbdd3bd000 	C:\Windows\System32\SHCORE.dll
0x00007ffbdda50000 - 0x00007ffbddaa5000 	C:\Windows\System32\shlwapi.dll
0x00007ffbdc650000 - 0x00007ffbdc66f000 	C:\Windows\SYSTEM32\profapi.dll
0x00007ffbaf7d0000 - 0x00007ffbaf7e9000 	C:\Program Files\Android\Android Studio\jbr\bin\net.dll
0x00007ffbd59f0000 - 0x00007ffbd5afa000 	C:\Windows\SYSTEM32\WINHTTP.dll
0x00007ffbdbed0000 - 0x00007ffbdbf3a000 	C:\Windows\system32\mswsock.dll
0x00007ffba7d30000 - 0x00007ffba7d43000 	C:\Program Files\Android\Android Studio\jbr\bin\nio.dll

dbghelp: loaded successfully - version: 4.0.5 - missing functions: none
symbol engine: initialized successfully - sym options: 0x614 - pdb path: .;C:\Program Files\Android\Android Studio\jbr\bin;C:\Windows\SYSTEM32;C:\Windows\WinSxS\amd64_microsoft.windows.common-controls_6595b64144ccf1df_6.0.19041.1110_none_60b5254171f9507e;C:\Program Files\Android\Android Studio\jbr\bin\server

VM Arguments:
java_command: org.jetbrains.kotlin.cli.jvm.K2JVMCompiler @C:\Users\Gwyndolin\AndroidStudioProjects\Valorant\data\build\20230526_11773654042495282870.compiler.options
java_class_path (initial): C:\Users\Gwyndolin\.gradle\caches\modules-2\files-2.1\org.jetbrains.kotlin\kotlin-compiler-embeddable\1.8.21\a4a682d55fb788432e4b7bf2ab3acb7a7365fb35\kotlin-compiler-embeddable-1.8.21.jar;C:\Users\Gwyndolin\.gradle\caches\modules-2\files-2.1\org.jetbrains.kotlin\kotlin-stdlib\1.8.21\43d50ab85bc7587adfe3dda3dbe579e5f8d51265\kotlin-stdlib-1.8.21.jar;C:\Users\Gwyndolin\.gradle\caches\modules-2\files-2.1\org.jetbrains.kotlin\kotlin-script-runtime\1.8.21\bf43f76b6e29bdc09b6c8a4511a9118b0ab12b1f\kotlin-script-runtime-1.8.21.jar;C:\Users\Gwyndolin\.gradle\caches\modules-2\files-2.1\org.jetbrains.kotlin\kotlin-reflect\1.6.10\1cbe9c92c12a94eea200d23c2bbaedaf3daf5132\kotlin-reflect-1.6.10.jar;C:\Users\Gwyndolin\.gradle\caches\modules-2\files-2.1\org.jetbrains.kotlin\kotlin-daemon-embeddable\1.8.21\882003c48db58d16c8fb5a933abf08b5974a1a19\kotlin-daemon-embeddable-1.8.21.jar;C:\Users\Gwyndolin\.gradle\caches\modules-2\files-2.1\org.jetbrains.intellij.deps\trove4j\1.0.20200330\3afb14d5f9ceb459d724e907a21145e8ff394f02\trove4j-1.0.20200330.jar;C:\Users\Gwyndolin\.gradle\caches\modules-2\files-2.1\net.java.dev.jna\jna\5.6.0\330f2244e9030119ab3030fc3fededc86713d9cc\jna-5.6.0.jar;C:\Users\Gwyndolin\.gradle\caches\modules-2\files-2.1\org.jetbrains.kotlin\kotlin-stdlib-common\1.8.21\d749cd5ae25da36d06e5028785038e24f9d37976\kotlin-stdlib-common-1.8.21.jar;C:\Users\Gwyndolin\.gradle\caches\modules-2\files-2.1\org.jetbrains\annotations\13.0\919f0dfe192fb4e063e7dacadee7f8bb9a2672a9\annotations-13.0.jar
Launcher Type: SUN_STANDARD

[Global flags]
     intx CICompilerCount                          = 12                                        {product} {ergonomic}
     uint ConcGCThreads                            = 3                                         {product} {ergonomic}
     uint G1ConcRefinementThreads                  = 13                                        {product} {ergonomic}
   size_t G1HeapRegionSize                         = 1048576                                   {product} {ergonomic}
    uintx GCDrainStackTargetSize                   = 64                                        {product} {ergonomic}
   size_t InitialHeapSize                          = 266338304                                 {product} {ergonomic}
   size_t MarkStackSize                            = 4194304                                   {product} {ergonomic}
   size_t MaxHeapSize                              = 4253024256                                {product} {ergonomic}
   size_t MaxNewSize                               = 2551185408                                {product} {ergonomic}
   size_t MinHeapDeltaBytes                        = 1048576                                   {product} {ergonomic}
    uintx NonNMethodCodeHeapSize                   = 7594288                                {pd product} {ergonomic}
    uintx NonProfiledCodeHeapSize                  = 122031976                              {pd product} {ergonomic}
    uintx ProfiledCodeHeapSize                     = 122031976                              {pd product} {ergonomic}
    uintx ReservedCodeCacheSize                    = 251658240                              {pd product} {ergonomic}
     bool SegmentedCodeCache                       = true                                      {product} {ergonomic}
     bool UseCompressedClassPointers               = true                                 {lp64_product} {ergonomic}
     bool UseCompressedOops                        = true                                 {lp64_product} {ergonomic}
     bool UseG1GC                                  = true                                      {product} {ergonomic}
     bool UseLargePagesIndividualAllocation        = false                                  {pd product} {ergonomic}

Logging:
Log output configuration:
 #0: stdout all=warning uptime,level,tags
 #1: stderr all=off uptime,level,tags

Environment Variables:
PATH=C:\Windows\system32;C:\Windows;C:\Windows\System32\Wbem;C:\Windows\System32\WindowsPowerShell\v1.0\;C:\Windows\System32\OpenSSH\;C:\Program Files\NVIDIA Corporation\NVIDIA NvDLISR;C:\Program Files\Git\cmd;C:\Users\Gwyndolin\AppData\Local\Microsoft\WindowsApps;
USERNAME=Gwyndolin
OS=Windows_NT
PROCESSOR_IDENTIFIER=Intel64 Family 6 Model 141 Stepping 1, GenuineIntel



---------------  S Y S T E M  ---------------

OS: Windows 10 , 64 bit Build 19041 (10.0.19041.2913)
OS uptime: 1 days 1:25 hours

CPU:total 16 (initial active 16) (8 cores per cpu, 2 threads per core) family 6 model 141 stepping 1 microcode 0x32, cmov, cx8, fxsr, mmx, sse, sse2, sse3, ssse3, sse4.1, sse4.2, popcnt, avx, avx2, aes, clmul, erms, 3dnowpref, lzcnt, ht, tsc, tscinvbit, bmi1, bmi2, adx, evex, sha, fma

Memory: 4k page, system-wide physical 16219M (991M free)
TotalPageFile size 35314M (AvailPageFile size 4M)
current process WorkingSet (physical memory assigned to process): 344M, peak: 344M
current process commit charge ("private bytes"): 558M, peak: 559M

vm_info: OpenJDK 64-Bit Server VM (11.0.15+0-b2043.56-8887301) for windows-amd64 JRE (11.0.15+0-b2043.56-8887301), built on Jul 29 2022 23:19:47 by "builduser" with unknown MS VC++:1929

END.
