#
# There is insufficient memory for the Java Runtime Environment to continue.
# Native memory allocation (mmap) failed to map 70254592 bytes for Failed to commit area from 0x0000000715900000 to 0x0000000719c00000 of length 70254592.
# Possible reasons:
#   The system is out of physical RAM or swap space
#   The process is running with CompressedOops enabled, and the Java Heap may be blocking the growth of the native heap
# Possible solutions:
#   Reduce memory load on the system
#   Increase physical memory or swap space
#   Check if swap backing store is full
#   Decrease Java heap size (-Xmx/-Xms)
#   Decrease number of Java threads
#   Decrease Java thread stack sizes (-Xss)
#   Set larger code cache with -XX:ReservedCodeCacheSize=
#   JVM is running with Zero Based Compressed Oops mode in which the Java heap is
#     placed in the first 32GB address space. The Java Heap base address is the
#     maximum limit for the native heap growth. Please use -XX:HeapBaseMinAddress
#     to set the Java Heap base and to place the Java Heap above 32GB virtual address.
# This output file may be truncated or incomplete.
#
#  Out of Memory Error (src/hotspot/os/windows/os_windows.cpp:3627), pid=39736, tid=15548
#
# JRE version: OpenJDK Runtime Environment (11.0.15) (build 11.0.15+0-b2043.56-8887301)
# Java VM: OpenJDK 64-Bit Server VM (11.0.15+0-b2043.56-8887301, mixed mode, tiered, compressed oops, g1 gc, windows-amd64)
# No core dump will be written. Minidumps are not enabled by default on client versions of Windows
#

---------------  S U M M A R Y ------------

Command Line: org.jetbrains.kotlin.cli.jvm.K2JVMCompiler @C:\Users\Gwyndolin\AndroidStudioProjects\Valorant\data\build\20230526_6556859314652789213.compiler.options

Host: 11th Gen Intel(R) Core(TM) i7-11800H @ 2.30GHz, 16 cores, 15G,  Windows 10 , 64 bit Build 19041 (10.0.19041.2913)
Time: Fri May 26 13:27:58 2023 Egypt Daylight Time elapsed time: 7.195955 seconds (0d 0h 0m 7s)

---------------  T H R E A D  ---------------

Current thread (0x00000168f09cf800):  VMThread "VM Thread" [stack: 0x000000497b300000,0x000000497b400000] [id=15548]

Stack: [0x000000497b300000,0x000000497b400000]
[error occurred during error reporting (printing stack bounds), id 0xc0000005, EXCEPTION_ACCESS_VIOLATION (0xc0000005) at pc=0x00000168d42412e7]

Native frames: (J=compiled Java code, j=interpreted, Vv=VM code, C=native code)
V  [jvm.dll+0x64135a]
V  [jvm.dll+0x7d39f9]
V  [jvm.dll+0x7d51b9]
V  [jvm.dll+0x7d5805]
V  [jvm.dll+0x7d57bb]
V  [jvm.dll+0x640655]
V  [jvm.dll+0x640d68]
C  [ntdll.dll+0xa23df]
C  [ntdll.dll+0x514a4]
C  [ntdll.dll+0xa0f0e]
C  0x00000168d42412e7

VM_Operation (0x000000497adfcfd0): G1CollectForAllocation, mode: safepoint, requested by thread 0x00000168cee5c000


---------------  P R O C E S S  ---------------

Threads class SMR info:
_java_thread_list=0x00000168f27d4410, length=16, elements={
0x00000168cee5c000, 0x00000168f09d2800, 0x00000168f09d6000, 0x00000168f129a800,
0x00000168f129e800, 0x00000168f12a0800, 0x00000168f12a2000, 0x00000168f12e6800,
0x00000168f12f1800, 0x00000168f1423800, 0x00000168f1463000, 0x00000168f1461800,
0x00000168f1454000, 0x00000168f1492000, 0x00000168f1a19800, 0x00000168f199f000
}

Java Threads: ( => current thread )
  0x00000168cee5c000 JavaThread "main" [_thread_blocked, id=5380, stack(0x000000497ad00000,0x000000497ae00000)]
  0x00000168f09d2800 JavaThread "Reference Handler" daemon [_thread_blocked, id=42820, stack(0x000000497b400000,0x000000497b500000)]
  0x00000168f09d6000 JavaThread "Finalizer" daemon [_thread_blocked, id=40584, stack(0x000000497b500000,0x000000497b600000)]
  0x00000168f129a800 JavaThread "Signal Dispatcher" daemon [_thread_blocked, id=35264, stack(0x000000497b600000,0x000000497b700000)]
  0x00000168f129e800 JavaThread "Attach Listener" daemon [_thread_blocked, id=32780, stack(0x000000497b700000,0x000000497b800000)]
  0x00000168f12a0800 JavaThread "Service Thread" daemon [_thread_blocked, id=24332, stack(0x000000497b800000,0x000000497b900000)]
  0x00000168f12a2000 JavaThread "C2 CompilerThread0" daemon [_thread_blocked, id=12332, stack(0x000000497b900000,0x000000497ba00000)]
  0x00000168f12e6800 JavaThread "C1 CompilerThread0" daemon [_thread_blocked, id=28276, stack(0x000000497ba00000,0x000000497bb00000)]
  0x00000168f12f1800 JavaThread "Sweeper thread" daemon [_thread_blocked, id=38256, stack(0x000000497bb00000,0x000000497bc00000)]
  0x00000168f1423800 JavaThread "C1 CompilerThread1" daemon [_thread_blocked, id=23124, stack(0x000000497bc00000,0x000000497bd00000)]
  0x00000168f1463000 JavaThread "Common-Cleaner" daemon [_thread_blocked, id=12492, stack(0x000000497be00000,0x000000497bf00000)]
  0x00000168f1461800 JavaThread "C2 CompilerThread1" daemon [_thread_blocked, id=40972, stack(0x000000497bf00000,0x000000497c000000)]
  0x00000168f1454000 JavaThread "C2 CompilerThread2" daemon [_thread_blocked, id=35464, stack(0x000000497c000000,0x000000497c100000)]
  0x00000168f1492000 JavaThread "C2 CompilerThread3" daemon [_thread_blocked, id=7652, stack(0x000000497c100000,0x000000497c200000)]
  0x00000168f1a19800 JavaThread "C1 CompilerThread2" daemon [_thread_blocked, id=1984, stack(0x000000497c200000,0x000000497c300000)]
  0x00000168f199f000 JavaThread "C1 CompilerThread3" daemon [_thread_blocked, id=41612, stack(0x000000497c300000,0x000000497c400000)]

Other Threads:
=>0x00000168f09cf800 VMThread "VM Thread" [stack: 0x000000497b300000,0x000000497b400000] [id=15548]
  0x00000168f1453800 WatcherThread [stack: 0x000000497bd00000,0x000000497be00000] [id=26152]
  0x00000168cef09800 GCTaskThread "GC Thread#0" [stack: 0x000000497ae00000,0x000000497af00000] [id=28968]
  0x00000168f1bc9800 GCTaskThread "GC Thread#1" [stack: 0x000000497c400000,0x000000497c500000] [id=27552]
  0x00000168f1a04000 GCTaskThread "GC Thread#2" [stack: 0x000000497c500000,0x000000497c600000] [id=38484]
  0x00000168f17eb000 GCTaskThread "GC Thread#3" [stack: 0x000000497c600000,0x000000497c700000] [id=40016]
  0x00000168f1a7b800 GCTaskThread "GC Thread#4" [stack: 0x000000497c700000,0x000000497c800000] [id=41552]
  0x00000168f1a7c800 GCTaskThread "GC Thread#5" [stack: 0x000000497c800000,0x000000497c900000] [id=14748]
  0x00000168f6f07800 GCTaskThread "GC Thread#6" [stack: 0x000000497ce00000,0x000000497cf00000] [id=39028]
  0x00000168cef68000 ConcurrentGCThread "G1 Main Marker" [stack: 0x000000497af00000,0x000000497b000000] [id=16172]
  0x00000168cef6a000 ConcurrentGCThread "G1 Conc#0" [stack: 0x000000497b000000,0x000000497b100000] [id=29704]
  0x00000168f25f7800 ConcurrentGCThread "G1 Conc#1" [stack: 0x000000497c900000,0x000000497ca00000] [id=40720]
  0x00000168f2569000 ConcurrentGCThread "G1 Conc#2" [stack: 0x000000497ca00000,0x000000497cb00000] [id=30896]
  0x00000168f08ab800 ConcurrentGCThread "G1 Refine#0" [stack: 0x000000497b100000,0x000000497b200000] [id=29228]
  0x00000168f6b1e800 ConcurrentGCThread "G1 Refine#1" [stack: 0x000000497cc00000,0x000000497cd00000] [id=20492]
  0x00000168f605a800 ConcurrentGCThread "G1 Refine#2" [stack: 0x000000497cd00000,0x000000497ce00000] [id=24044]
  0x00000168f8dc1000 ConcurrentGCThread "G1 Refine#3" [stack: 0x000000497cf00000,0x000000497d000000] [id=8916]
  0x00000168f8dc2000 ConcurrentGCThread "G1 Refine#4" [stack: 0x000000497d000000,0x000000497d100000] [id=13636]
  0x00000168f08ad000 ConcurrentGCThread "G1 Young RemSet Sampling" [stack: 0x000000497b200000,0x000000497b300000] [id=9356]

Threads with active compile tasks:
C2 CompilerThread0     7200 18942 %     4       org.jetbrains.kotlin.codegen.optimization.temporaryVals.TemporaryValsAnalyzer::analyze @ 59 (1271 bytes)
C2 CompilerThread1     7200 19027       4       org.jetbrains.kotlin.types.AbstractTypeMapper::mapClassType (177 bytes)
C2 CompilerThread2     7200 18980       4       org.jetbrains.kotlin.backend.jvm.mapping.IrTypeMapper::classInternalName (101 bytes)
C2 CompilerThread3     7200 18637       4       org.jetbrains.kotlin.backend.jvm.codegen.PromisedValue::materializeAt (408 bytes)

VM state:at safepoint (normal execution)

VM Mutex/Monitor currently owned by a thread:  ([mutex/lock_event])
[0x00000168ceef2630] Threads_lock - owner thread: 0x00000168f09cf800
[0x00000168ceef33b0] Heap_lock - owner thread: 0x00000168cee5c000

Heap address: 0x0000000702800000, size: 4056 MB, Compressed Oops mode: Zero based, Oop shift amount: 3
Narrow klass base: 0x0000000800000000, Narrow klass shift: 0
Compressed class space size: 1073741824 Address: 0x0000000800000000

Heap:
 garbage-first heap   total 380928K, used 71159K [0x0000000702800000, 0x0000000800000000)
  region size 1024K, 17 young (17408K), 17 survivors (17408K)
 Metaspace       used 92038K, capacity 93291K, committed 93440K, reserved 1132544K
  class space    used 9248K, capacity 9697K, committed 9728K, reserved 1048576K
Heap Regions: E=young(eden), S=young(survivor), O=old, HS=humongous(starts), HC=humongous(continues), CS=collection set, F=free, A=archive, TAMS=top-at-mark-start (previous, next)
|   0|0x0000000702800000, 0x0000000702900000, 0x0000000702900000|100%|HS|  |TAMS 0x0000000702900000, 0x0000000702800000| Complete 
|   1|0x0000000702900000, 0x0000000702a00000, 0x0000000702a00000|100%|HC|  |TAMS 0x0000000702a00000, 0x0000000702900000| Complete 
|   2|0x0000000702a00000, 0x0000000702b00000, 0x0000000702b00000|100%|HC|  |TAMS 0x0000000702b00000, 0x0000000702a00000| Complete 
|   3|0x0000000702b00000, 0x0000000702c00000, 0x0000000702c00000|100%|HC|  |TAMS 0x0000000702c00000, 0x0000000702b00000| Complete 
|   4|0x0000000702c00000, 0x0000000702d00000, 0x0000000702d00000|100%|HS|  |TAMS 0x0000000702d00000, 0x0000000702c00000| Complete 
|   5|0x0000000702d00000, 0x0000000702e00000, 0x0000000702e00000|100%|HC|  |TAMS 0x0000000702e00000, 0x0000000702d00000| Complete 
|   6|0x0000000702e00000, 0x0000000702f00000, 0x0000000702f00000|100%|HC|  |TAMS 0x0000000702f00000, 0x0000000702e00000| Complete 
|   7|0x0000000702f00000, 0x0000000703000000, 0x0000000703000000|100%|HC|  |TAMS 0x0000000703000000, 0x0000000702f00000| Complete 
|   8|0x0000000703000000, 0x0000000703100000, 0x0000000703100000|100%|HS|  |TAMS 0x0000000703100000, 0x0000000703000000| Complete 
|   9|0x0000000703100000, 0x0000000703200000, 0x0000000703200000|100%|HC|  |TAMS 0x0000000703200000, 0x0000000703100000| Complete 
|  10|0x0000000703200000, 0x0000000703300000, 0x0000000703300000|100%| O|  |TAMS 0x0000000703300000, 0x0000000703200000| Untracked 
|  11|0x0000000703300000, 0x0000000703400000, 0x0000000703400000|100%| O|  |TAMS 0x0000000703400000, 0x0000000703300000| Untracked 
|  12|0x0000000703400000, 0x0000000703500000, 0x0000000703500000|100%| O|  |TAMS 0x0000000703500000, 0x0000000703400000| Untracked 
|  13|0x0000000703500000, 0x0000000703600000, 0x0000000703600000|100%| O|  |TAMS 0x0000000703600000, 0x0000000703500000| Untracked 
|  14|0x0000000703600000, 0x0000000703700000, 0x0000000703700000|100%| O|  |TAMS 0x0000000703700000, 0x0000000703600000| Untracked 
|  15|0x0000000703700000, 0x0000000703800000, 0x0000000703800000|100%| O|  |TAMS 0x0000000703800000, 0x0000000703700000| Untracked 
|  16|0x0000000703800000, 0x0000000703900000, 0x0000000703900000|100%| O|  |TAMS 0x0000000703900000, 0x0000000703800000| Untracked 
|  17|0x0000000703900000, 0x0000000703a00000, 0x0000000703a00000|100%| O|  |TAMS 0x0000000703a00000, 0x0000000703900000| Untracked 
|  18|0x0000000703a00000, 0x0000000703b00000, 0x0000000703b00000|100%| O|  |TAMS 0x0000000703b00000, 0x0000000703a00000| Untracked 
|  19|0x0000000703b00000, 0x0000000703c00000, 0x0000000703c00000|100%| O|  |TAMS 0x0000000703c00000, 0x0000000703b00000| Untracked 
|  20|0x0000000703c00000, 0x0000000703d00000, 0x0000000703d00000|100%| O|  |TAMS 0x0000000703d00000, 0x0000000703c00000| Untracked 
|  21|0x0000000703d00000, 0x0000000703e00000, 0x0000000703e00000|100%| O|  |TAMS 0x0000000703e00000, 0x0000000703d00000| Untracked 
|  22|0x0000000703e00000, 0x0000000703f00000, 0x0000000703f00000|100%| O|  |TAMS 0x0000000703f00000, 0x0000000703e00000| Untracked 
|  23|0x0000000703f00000, 0x0000000704000000, 0x0000000704000000|100%| O|  |TAMS 0x0000000704000000, 0x0000000703f00000| Untracked 
|  24|0x0000000704000000, 0x0000000704100000, 0x0000000704100000|100%| O|  |TAMS 0x0000000704100000, 0x0000000704000000| Untracked 
|  25|0x0000000704100000, 0x0000000704200000, 0x0000000704200000|100%| O|  |TAMS 0x0000000704200000, 0x0000000704100000| Untracked 
|  26|0x0000000704200000, 0x0000000704300000, 0x0000000704300000|100%| O|  |TAMS 0x0000000704300000, 0x0000000704200000| Untracked 
|  27|0x0000000704300000, 0x0000000704400000, 0x0000000704400000|100%| O|  |TAMS 0x0000000704400000, 0x0000000704300000| Untracked 
|  28|0x0000000704400000, 0x0000000704500000, 0x0000000704500000|100%| O|  |TAMS 0x000000070444b000, 0x0000000704400000| Untracked 
|  29|0x0000000704500000, 0x0000000704600000, 0x0000000704600000|100%|HS|  |TAMS 0x0000000704500000, 0x0000000704500000| Complete 
|  30|0x0000000704600000, 0x0000000704700000, 0x0000000704700000|100%|HC|  |TAMS 0x0000000704600000, 0x0000000704600000| Complete 
|  31|0x0000000704700000, 0x0000000704800000, 0x0000000704800000|100%| O|  |TAMS 0x0000000704700000, 0x0000000704700000| Untracked 
|  32|0x0000000704800000, 0x0000000704900000, 0x0000000704900000|100%| O|  |TAMS 0x0000000704800000, 0x0000000704800000| Untracked 
|  33|0x0000000704900000, 0x0000000704a00000, 0x0000000704a00000|100%| O|  |TAMS 0x0000000704900000, 0x0000000704900000| Untracked 
|  34|0x0000000704a00000, 0x0000000704b00000, 0x0000000704b00000|100%| O|  |TAMS 0x0000000704a00000, 0x0000000704a00000| Untracked 
|  35|0x0000000704b00000, 0x0000000704c00000, 0x0000000704c00000|100%| O|  |TAMS 0x0000000704b00000, 0x0000000704b00000| Untracked 
|  36|0x0000000704c00000, 0x0000000704d00000, 0x0000000704d00000|100%| O|  |TAMS 0x0000000704c00000, 0x0000000704c00000| Untracked 
|  37|0x0000000704d00000, 0x0000000704e00000, 0x0000000704e00000|100%| O|  |TAMS 0x0000000704d00000, 0x0000000704d00000| Untracked 
|  38|0x0000000704e00000, 0x0000000704f00000, 0x0000000704f00000|100%| O|  |TAMS 0x0000000704e00000, 0x0000000704e00000| Untracked 
|  39|0x0000000704f00000, 0x0000000705000000, 0x0000000705000000|100%| O|  |TAMS 0x0000000704f00000, 0x0000000704f00000| Untracked 
|  40|0x0000000705000000, 0x0000000705100000, 0x0000000705100000|100%| O|  |TAMS 0x0000000705000000, 0x0000000705000000| Untracked 
|  41|0x0000000705100000, 0x0000000705200000, 0x0000000705200000|100%| O|  |TAMS 0x0000000705100000, 0x0000000705100000| Untracked 
|  42|0x0000000705200000, 0x0000000705300000, 0x0000000705300000|100%| O|  |TAMS 0x0000000705200000, 0x0000000705200000| Untracked 
|  43|0x0000000705300000, 0x0000000705400000, 0x0000000705400000|100%| O|  |TAMS 0x0000000705300000, 0x0000000705300000| Untracked 
|  44|0x0000000705400000, 0x0000000705500000, 0x0000000705500000|100%| O|  |TAMS 0x0000000705400000, 0x0000000705400000| Untracked 
|  45|0x0000000705500000, 0x0000000705600000, 0x0000000705600000|100%| O|  |TAMS 0x0000000705500000, 0x0000000705500000| Untracked 
|  46|0x0000000705600000, 0x0000000705700000, 0x0000000705700000|100%| O|  |TAMS 0x0000000705600000, 0x0000000705600000| Untracked 
|  47|0x0000000705700000, 0x0000000705800000, 0x0000000705800000|100%| O|  |TAMS 0x0000000705700000, 0x0000000705700000| Untracked 
|  48|0x0000000705800000, 0x0000000705900000, 0x0000000705900000|100%| O|  |TAMS 0x0000000705800000, 0x0000000705800000| Untracked 
|  49|0x0000000705900000, 0x0000000705a00000, 0x0000000705a00000|100%| O|  |TAMS 0x0000000705900000, 0x0000000705900000| Untracked 
|  50|0x0000000705a00000, 0x0000000705b00000, 0x0000000705b00000|100%| O|  |TAMS 0x0000000705a00000, 0x0000000705a00000| Untracked 
|  51|0x0000000705b00000, 0x0000000705c00000, 0x0000000705c00000|100%| O|  |TAMS 0x0000000705b00000, 0x0000000705b00000| Untracked 
|  52|0x0000000705c00000, 0x0000000705c7dc00, 0x0000000705d00000| 49%| O|  |TAMS 0x0000000705c00000, 0x0000000705c00000| Untracked 
|  53|0x0000000705d00000, 0x0000000705d00000, 0x0000000705e00000|  0%| F|  |TAMS 0x0000000705d00000, 0x0000000705d00000| Untracked 
|  54|0x0000000705e00000, 0x0000000705e00000, 0x0000000705f00000|  0%| F|  |TAMS 0x0000000705e00000, 0x0000000705e00000| Untracked 
|  55|0x0000000705f00000, 0x0000000705f00000, 0x0000000706000000|  0%| F|  |TAMS 0x0000000705f00000, 0x0000000705f00000| Untracked 
|  56|0x0000000706000000, 0x0000000706000000, 0x0000000706100000|  0%| F|  |TAMS 0x0000000706000000, 0x0000000706000000| Untracked 
|  57|0x0000000706100000, 0x0000000706100000, 0x0000000706200000|  0%| F|  |TAMS 0x0000000706100000, 0x0000000706100000| Untracked 
|  58|0x0000000706200000, 0x0000000706200000, 0x0000000706300000|  0%| F|  |TAMS 0x0000000706200000, 0x0000000706200000| Untracked 
|  59|0x0000000706300000, 0x0000000706300000, 0x0000000706400000|  0%| F|  |TAMS 0x0000000706300000, 0x0000000706300000| Untracked 
|  60|0x0000000706400000, 0x0000000706400000, 0x0000000706500000|  0%| F|  |TAMS 0x0000000706400000, 0x0000000706400000| Untracked 
|  61|0x0000000706500000, 0x0000000706500000, 0x0000000706600000|  0%| F|  |TAMS 0x0000000706500000, 0x0000000706500000| Untracked 
|  62|0x0000000706600000, 0x0000000706600000, 0x0000000706700000|  0%| F|  |TAMS 0x0000000706600000, 0x0000000706600000| Untracked 
|  63|0x0000000706700000, 0x0000000706700000, 0x0000000706800000|  0%| F|  |TAMS 0x0000000706700000, 0x0000000706700000| Untracked 
|  64|0x0000000706800000, 0x0000000706800000, 0x0000000706900000|  0%| F|  |TAMS 0x0000000706800000, 0x0000000706800000| Untracked 
|  65|0x0000000706900000, 0x0000000706900000, 0x0000000706a00000|  0%| F|  |TAMS 0x0000000706900000, 0x0000000706900000| Untracked 
|  66|0x0000000706a00000, 0x0000000706a00000, 0x0000000706b00000|  0%| F|  |TAMS 0x0000000706a00000, 0x0000000706a00000| Untracked 
|  67|0x0000000706b00000, 0x0000000706b00000, 0x0000000706c00000|  0%| F|  |TAMS 0x0000000706b00000, 0x0000000706b00000| Untracked 
|  68|0x0000000706c00000, 0x0000000706c00000, 0x0000000706d00000|  0%| F|  |TAMS 0x0000000706c00000, 0x0000000706c00000| Untracked 
|  69|0x0000000706d00000, 0x0000000706d00000, 0x0000000706e00000|  0%| F|  |TAMS 0x0000000706d00000, 0x0000000706d00000| Untracked 
|  70|0x0000000706e00000, 0x0000000706e00000, 0x0000000706f00000|  0%| F|  |TAMS 0x0000000706e00000, 0x0000000706e00000| Untracked 
|  71|0x0000000706f00000, 0x0000000706f00000, 0x0000000707000000|  0%| F|  |TAMS 0x0000000706f00000, 0x0000000706f00000| Untracked 
|  72|0x0000000707000000, 0x0000000707000000, 0x0000000707100000|  0%| F|  |TAMS 0x0000000707000000, 0x0000000707000000| Untracked 
|  73|0x0000000707100000, 0x0000000707100000, 0x0000000707200000|  0%| F|  |TAMS 0x0000000707100000, 0x0000000707100000| Untracked 
|  74|0x0000000707200000, 0x0000000707200000, 0x0000000707300000|  0%| F|  |TAMS 0x0000000707200000, 0x0000000707200000| Untracked 
|  75|0x0000000707300000, 0x0000000707300000, 0x0000000707400000|  0%| F|  |TAMS 0x0000000707300000, 0x0000000707300000| Untracked 
|  76|0x0000000707400000, 0x0000000707400000, 0x0000000707500000|  0%| F|  |TAMS 0x0000000707400000, 0x0000000707400000| Untracked 
|  77|0x0000000707500000, 0x0000000707500000, 0x0000000707600000|  0%| F|  |TAMS 0x0000000707500000, 0x0000000707500000| Untracked 
|  78|0x0000000707600000, 0x0000000707600000, 0x0000000707700000|  0%| F|  |TAMS 0x0000000707600000, 0x0000000707600000| Untracked 
|  79|0x0000000707700000, 0x0000000707700000, 0x0000000707800000|  0%| F|  |TAMS 0x0000000707700000, 0x0000000707700000| Untracked 
|  80|0x0000000707800000, 0x0000000707800000, 0x0000000707900000|  0%| F|  |TAMS 0x0000000707800000, 0x0000000707800000| Untracked 
|  81|0x0000000707900000, 0x0000000707900000, 0x0000000707a00000|  0%| F|  |TAMS 0x0000000707900000, 0x0000000707900000| Untracked 
|  82|0x0000000707a00000, 0x0000000707a00000, 0x0000000707b00000|  0%| F|  |TAMS 0x0000000707a00000, 0x0000000707a00000| Untracked 
|  83|0x0000000707b00000, 0x0000000707b00000, 0x0000000707c00000|  0%| F|  |TAMS 0x0000000707b00000, 0x0000000707b00000| Untracked 
|  84|0x0000000707c00000, 0x0000000707c00000, 0x0000000707d00000|  0%| F|  |TAMS 0x0000000707c00000, 0x0000000707c00000| Untracked 
|  85|0x0000000707d00000, 0x0000000707d00000, 0x0000000707e00000|  0%| F|  |TAMS 0x0000000707d00000, 0x0000000707d00000| Untracked 
|  86|0x0000000707e00000, 0x0000000707e00000, 0x0000000707f00000|  0%| F|  |TAMS 0x0000000707e00000, 0x0000000707e00000| Untracked 
|  87|0x0000000707f00000, 0x0000000707f00000, 0x0000000708000000|  0%| F|  |TAMS 0x0000000707f00000, 0x0000000707f00000| Untracked 
|  88|0x0000000708000000, 0x0000000708000000, 0x0000000708100000|  0%| F|  |TAMS 0x0000000708000000, 0x0000000708000000| Untracked 
|  89|0x0000000708100000, 0x0000000708100000, 0x0000000708200000|  0%| F|  |TAMS 0x0000000708100000, 0x0000000708100000| Untracked 
|  90|0x0000000708200000, 0x0000000708200000, 0x0000000708300000|  0%| F|  |TAMS 0x0000000708200000, 0x0000000708200000| Untracked 
|  91|0x0000000708300000, 0x0000000708300000, 0x0000000708400000|  0%| F|  |TAMS 0x0000000708300000, 0x0000000708300000| Untracked 
|  92|0x0000000708400000, 0x0000000708400000, 0x0000000708500000|  0%| F|  |TAMS 0x0000000708400000, 0x0000000708400000| Untracked 
|  93|0x0000000708500000, 0x0000000708500000, 0x0000000708600000|  0%| F|  |TAMS 0x0000000708500000, 0x0000000708500000| Untracked 
|  94|0x0000000708600000, 0x0000000708600000, 0x0000000708700000|  0%| F|  |TAMS 0x0000000708600000, 0x0000000708600000| Untracked 
|  95|0x0000000708700000, 0x0000000708700000, 0x0000000708800000|  0%| F|  |TAMS 0x0000000708700000, 0x0000000708700000| Untracked 
|  96|0x0000000708800000, 0x0000000708800000, 0x0000000708900000|  0%| F|  |TAMS 0x0000000708800000, 0x0000000708800000| Untracked 
|  97|0x0000000708900000, 0x0000000708900000, 0x0000000708a00000|  0%| F|  |TAMS 0x0000000708900000, 0x0000000708900000| Untracked 
|  98|0x0000000708a00000, 0x0000000708a00000, 0x0000000708b00000|  0%| F|  |TAMS 0x0000000708a00000, 0x0000000708a00000| Untracked 
|  99|0x0000000708b00000, 0x0000000708b00000, 0x0000000708c00000|  0%| F|  |TAMS 0x0000000708b00000, 0x0000000708b00000| Untracked 
| 100|0x0000000708c00000, 0x0000000708c00000, 0x0000000708d00000|  0%| F|  |TAMS 0x0000000708c00000, 0x0000000708c00000| Untracked 
| 101|0x0000000708d00000, 0x0000000708d00000, 0x0000000708e00000|  0%| F|  |TAMS 0x0000000708d00000, 0x0000000708d00000| Untracked 
| 102|0x0000000708e00000, 0x0000000708e00000, 0x0000000708f00000|  0%| F|  |TAMS 0x0000000708e00000, 0x0000000708e00000| Untracked 
| 103|0x0000000708f00000, 0x0000000708f00000, 0x0000000709000000|  0%| F|  |TAMS 0x0000000708f00000, 0x0000000708f00000| Untracked 
| 104|0x0000000709000000, 0x0000000709000000, 0x0000000709100000|  0%| F|  |TAMS 0x0000000709000000, 0x0000000709000000| Untracked 
| 105|0x0000000709100000, 0x0000000709100000, 0x0000000709200000|  0%| F|  |TAMS 0x0000000709100000, 0x0000000709100000| Untracked 
| 106|0x0000000709200000, 0x0000000709200000, 0x0000000709300000|  0%| F|  |TAMS 0x0000000709200000, 0x0000000709200000| Untracked 
| 107|0x0000000709300000, 0x0000000709300000, 0x0000000709400000|  0%| F|  |TAMS 0x0000000709300000, 0x0000000709300000| Untracked 
| 108|0x0000000709400000, 0x0000000709400000, 0x0000000709500000|  0%| F|  |TAMS 0x0000000709400000, 0x0000000709400000| Untracked 
| 109|0x0000000709500000, 0x0000000709500000, 0x0000000709600000|  0%| F|  |TAMS 0x0000000709500000, 0x0000000709500000| Untracked 
| 110|0x0000000709600000, 0x0000000709600000, 0x0000000709700000|  0%| F|  |TAMS 0x0000000709600000, 0x0000000709600000| Untracked 
| 111|0x0000000709700000, 0x0000000709700000, 0x0000000709800000|  0%| F|  |TAMS 0x0000000709700000, 0x0000000709700000| Untracked 
| 112|0x0000000709800000, 0x0000000709800000, 0x0000000709900000|  0%| F|  |TAMS 0x0000000709800000, 0x0000000709800000| Untracked 
| 113|0x0000000709900000, 0x0000000709900000, 0x0000000709a00000|  0%| F|  |TAMS 0x0000000709900000, 0x0000000709900000| Untracked 
| 114|0x0000000709a00000, 0x0000000709a00000, 0x0000000709b00000|  0%| F|  |TAMS 0x0000000709a00000, 0x0000000709a00000| Untracked 
| 115|0x0000000709b00000, 0x0000000709b00000, 0x0000000709c00000|  0%| F|  |TAMS 0x0000000709b00000, 0x0000000709b00000| Untracked 
| 116|0x0000000709c00000, 0x0000000709c00000, 0x0000000709d00000|  0%| F|  |TAMS 0x0000000709c00000, 0x0000000709c00000| Untracked 
| 117|0x0000000709d00000, 0x0000000709d00000, 0x0000000709e00000|  0%| F|  |TAMS 0x0000000709d00000, 0x0000000709d00000| Untracked 
| 118|0x0000000709e00000, 0x0000000709e00000, 0x0000000709f00000|  0%| F|  |TAMS 0x0000000709e00000, 0x0000000709e00000| Untracked 
| 119|0x0000000709f00000, 0x0000000709f00000, 0x000000070a000000|  0%| F|  |TAMS 0x0000000709f00000, 0x0000000709f00000| Untracked 
| 120|0x000000070a000000, 0x000000070a000000, 0x000000070a100000|  0%| F|  |TAMS 0x000000070a000000, 0x000000070a000000| Untracked 
| 121|0x000000070a100000, 0x000000070a100000, 0x000000070a200000|  0%| F|  |TAMS 0x000000070a100000, 0x000000070a100000| Untracked 
| 122|0x000000070a200000, 0x000000070a200000, 0x000000070a300000|  0%| F|  |TAMS 0x000000070a200000, 0x000000070a200000| Untracked 
| 123|0x000000070a300000, 0x000000070a300000, 0x000000070a400000|  0%| F|  |TAMS 0x000000070a300000, 0x000000070a300000| Untracked 
| 124|0x000000070a400000, 0x000000070a400000, 0x000000070a500000|  0%| F|  |TAMS 0x000000070a400000, 0x000000070a400000| Untracked 
| 125|0x000000070a500000, 0x000000070a500000, 0x000000070a600000|  0%| F|  |TAMS 0x000000070a500000, 0x000000070a500000| Untracked 
| 126|0x000000070a600000, 0x000000070a600000, 0x000000070a700000|  0%| F|  |TAMS 0x000000070a600000, 0x000000070a600000| Untracked 
| 127|0x000000070a700000, 0x000000070a700000, 0x000000070a800000|  0%| F|  |TAMS 0x000000070a700000, 0x000000070a700000| Untracked 
| 128|0x000000070a800000, 0x000000070a800000, 0x000000070a900000|  0%| F|  |TAMS 0x000000070a800000, 0x000000070a800000| Untracked 
| 129|0x000000070a900000, 0x000000070a900000, 0x000000070aa00000|  0%| F|  |TAMS 0x000000070a900000, 0x000000070a900000| Untracked 
| 130|0x000000070aa00000, 0x000000070aa00000, 0x000000070ab00000|  0%| F|  |TAMS 0x000000070aa00000, 0x000000070aa00000| Untracked 
| 131|0x000000070ab00000, 0x000000070ab00000, 0x000000070ac00000|  0%| F|  |TAMS 0x000000070ab00000, 0x000000070ab00000| Untracked 
| 132|0x000000070ac00000, 0x000000070ac00000, 0x000000070ad00000|  0%| F|  |TAMS 0x000000070ac00000, 0x000000070ac00000| Untracked 
| 133|0x000000070ad00000, 0x000000070ad00000, 0x000000070ae00000|  0%| F|  |TAMS 0x000000070ad00000, 0x000000070ad00000| Untracked 
| 134|0x000000070ae00000, 0x000000070ae00000, 0x000000070af00000|  0%| F|  |TAMS 0x000000070ae00000, 0x000000070ae00000| Untracked 
| 135|0x000000070af00000, 0x000000070af00000, 0x000000070b000000|  0%| F|  |TAMS 0x000000070af00000, 0x000000070af00000| Untracked 
| 136|0x000000070b000000, 0x000000070b000000, 0x000000070b100000|  0%| F|  |TAMS 0x000000070b000000, 0x000000070b000000| Untracked 
| 137|0x000000070b100000, 0x000000070b100000, 0x000000070b200000|  0%| F|  |TAMS 0x000000070b100000, 0x000000070b100000| Untracked 
| 138|0x000000070b200000, 0x000000070b200000, 0x000000070b300000|  0%| F|  |TAMS 0x000000070b200000, 0x000000070b200000| Untracked 
| 139|0x000000070b300000, 0x000000070b300000, 0x000000070b400000|  0%| F|  |TAMS 0x000000070b300000, 0x000000070b300000| Untracked 
| 140|0x000000070b400000, 0x000000070b400000, 0x000000070b500000|  0%| F|  |TAMS 0x000000070b400000, 0x000000070b400000| Untracked 
| 141|0x000000070b500000, 0x000000070b600000, 0x000000070b600000|100%| S|CS|TAMS 0x000000070b500000, 0x000000070b500000| Complete 
| 142|0x000000070b600000, 0x000000070b700000, 0x000000070b700000|100%| S|CS|TAMS 0x000000070b600000, 0x000000070b600000| Complete 
| 143|0x000000070b700000, 0x000000070b800000, 0x000000070b800000|100%| S|CS|TAMS 0x000000070b700000, 0x000000070b700000| Complete 
| 144|0x000000070b800000, 0x000000070b900000, 0x000000070b900000|100%| S|CS|TAMS 0x000000070b800000, 0x000000070b800000| Complete 
| 145|0x000000070b900000, 0x000000070ba00000, 0x000000070ba00000|100%| S|CS|TAMS 0x000000070b900000, 0x000000070b900000| Complete 
| 146|0x000000070ba00000, 0x000000070bb00000, 0x000000070bb00000|100%| S|CS|TAMS 0x000000070ba00000, 0x000000070ba00000| Complete 
| 147|0x000000070bb00000, 0x000000070bb00000, 0x000000070bc00000|  0%| F|  |TAMS 0x000000070bb00000, 0x000000070bb00000| Untracked 
| 148|0x000000070bc00000, 0x000000070bc00000, 0x000000070bd00000|  0%| F|  |TAMS 0x000000070bc00000, 0x000000070bc00000| Untracked 
| 149|0x000000070bd00000, 0x000000070bd00000, 0x000000070be00000|  0%| F|  |TAMS 0x000000070bd00000, 0x000000070bd00000| Untracked 
| 150|0x000000070be00000, 0x000000070be00000, 0x000000070bf00000|  0%| F|  |TAMS 0x000000070be00000, 0x000000070be00000| Untracked 
| 151|0x000000070bf00000, 0x000000070bf00000, 0x000000070c000000|  0%| F|  |TAMS 0x000000070bf00000, 0x000000070bf00000| Untracked 
| 152|0x000000070c000000, 0x000000070c000000, 0x000000070c100000|  0%| F|  |TAMS 0x000000070c000000, 0x000000070c000000| Untracked 
| 153|0x000000070c100000, 0x000000070c100000, 0x000000070c200000|  0%| F|  |TAMS 0x000000070c100000, 0x000000070c100000| Untracked 
| 154|0x000000070c200000, 0x000000070c200000, 0x000000070c300000|  0%| F|  |TAMS 0x000000070c200000, 0x000000070c200000| Untracked 
| 155|0x000000070c300000, 0x000000070c300000, 0x000000070c400000|  0%| F|  |TAMS 0x000000070c300000, 0x000000070c300000| Untracked 
| 156|0x000000070c400000, 0x000000070c400000, 0x000000070c500000|  0%| F|  |TAMS 0x000000070c400000, 0x000000070c400000| Untracked 
| 157|0x000000070c500000, 0x000000070c500000, 0x000000070c600000|  0%| F|  |TAMS 0x000000070c500000, 0x000000070c500000| Untracked 
| 158|0x000000070c600000, 0x000000070c600000, 0x000000070c700000|  0%| F|  |TAMS 0x000000070c600000, 0x000000070c600000| Untracked 
| 159|0x000000070c700000, 0x000000070c700000, 0x000000070c800000|  0%| F|  |TAMS 0x000000070c700000, 0x000000070c700000| Untracked 
| 160|0x000000070c800000, 0x000000070c800000, 0x000000070c900000|  0%| F|  |TAMS 0x000000070c800000, 0x000000070c800000| Untracked 
| 161|0x000000070c900000, 0x000000070c900000, 0x000000070ca00000|  0%| F|  |TAMS 0x000000070c900000, 0x000000070c900000| Untracked 
| 162|0x000000070ca00000, 0x000000070ca00000, 0x000000070cb00000|  0%| F|  |TAMS 0x000000070ca00000, 0x000000070ca00000| Untracked 
| 163|0x000000070cb00000, 0x000000070cb00000, 0x000000070cc00000|  0%| F|  |TAMS 0x000000070cb00000, 0x000000070cb00000| Untracked 
| 164|0x000000070cc00000, 0x000000070cc00000, 0x000000070cd00000|  0%| F|  |TAMS 0x000000070cc00000, 0x000000070cc00000| Untracked 
| 165|0x000000070cd00000, 0x000000070ce00000, 0x000000070ce00000|100%| S|CS|TAMS 0x000000070cd00000, 0x000000070cd00000| Complete 
| 166|0x000000070ce00000, 0x000000070cf00000, 0x000000070cf00000|100%| S|CS|TAMS 0x000000070ce00000, 0x000000070ce00000| Complete 
| 167|0x000000070cf00000, 0x000000070d000000, 0x000000070d000000|100%| S|CS|TAMS 0x000000070cf00000, 0x000000070cf00000| Complete 
| 168|0x000000070d000000, 0x000000070d100000, 0x000000070d100000|100%| S|CS|TAMS 0x000000070d000000, 0x000000070d000000| Complete 
| 169|0x000000070d100000, 0x000000070d200000, 0x000000070d200000|100%| S|CS|TAMS 0x000000070d100000, 0x000000070d100000| Complete 
| 170|0x000000070d200000, 0x000000070d300000, 0x000000070d300000|100%| S|CS|TAMS 0x000000070d200000, 0x000000070d200000| Complete 
| 171|0x000000070d300000, 0x000000070d400000, 0x000000070d400000|100%| S|CS|TAMS 0x000000070d300000, 0x000000070d300000| Complete 
| 172|0x000000070d400000, 0x000000070d500000, 0x000000070d500000|100%| S|CS|TAMS 0x000000070d400000, 0x000000070d400000| Complete 
| 173|0x000000070d500000, 0x000000070d600000, 0x000000070d600000|100%| S|CS|TAMS 0x000000070d500000, 0x000000070d500000| Complete 
| 174|0x000000070d600000, 0x000000070d700000, 0x000000070d700000|100%| S|CS|TAMS 0x000000070d600000, 0x000000070d600000| Complete 
| 175|0x000000070d700000, 0x000000070d800000, 0x000000070d800000|100%| S|CS|TAMS 0x000000070d700000, 0x000000070d700000| Complete 
| 176|0x000000070d800000, 0x000000070d800000, 0x000000070d900000|  0%| F|  |TAMS 0x000000070d800000, 0x000000070d800000| Untracked 
| 177|0x000000070d900000, 0x000000070d900000, 0x000000070da00000|  0%| F|  |TAMS 0x000000070d900000, 0x000000070d900000| Untracked 
| 178|0x000000070da00000, 0x000000070da00000, 0x000000070db00000|  0%| F|  |TAMS 0x000000070da00000, 0x000000070da00000| Untracked 
| 179|0x000000070db00000, 0x000000070db00000, 0x000000070dc00000|  0%| F|  |TAMS 0x000000070db00000, 0x000000070db00000| Untracked 
| 180|0x000000070dc00000, 0x000000070dc00000, 0x000000070dd00000|  0%| F|  |TAMS 0x000000070dc00000, 0x000000070dc00000| Untracked 
| 181|0x000000070dd00000, 0x000000070dd00000, 0x000000070de00000|  0%| F|  |TAMS 0x000000070dd00000, 0x000000070dd00000| Untracked 
| 182|0x000000070de00000, 0x000000070de00000, 0x000000070df00000|  0%| F|  |TAMS 0x000000070de00000, 0x000000070de00000| Untracked 
| 183|0x000000070df00000, 0x000000070df00000, 0x000000070e000000|  0%| F|  |TAMS 0x000000070df00000, 0x000000070df00000| Untracked 
| 184|0x000000070e000000, 0x000000070e000000, 0x000000070e100000|  0%| F|  |TAMS 0x000000070e000000, 0x000000070e000000| Untracked 
| 185|0x000000070e100000, 0x000000070e100000, 0x000000070e200000|  0%| F|  |TAMS 0x000000070e100000, 0x000000070e100000| Untracked 
| 186|0x000000070e200000, 0x000000070e200000, 0x000000070e300000|  0%| F|  |TAMS 0x000000070e200000, 0x000000070e200000| Untracked 
| 187|0x000000070e300000, 0x000000070e300000, 0x000000070e400000|  0%| F|  |TAMS 0x000000070e300000, 0x000000070e300000| Untracked 
| 188|0x000000070e400000, 0x000000070e400000, 0x000000070e500000|  0%| F|  |TAMS 0x000000070e400000, 0x000000070e400000| Untracked 
| 189|0x000000070e500000, 0x000000070e500000, 0x000000070e600000|  0%| F|  |TAMS 0x000000070e500000, 0x000000070e500000| Untracked 
| 190|0x000000070e600000, 0x000000070e600000, 0x000000070e700000|  0%| F|  |TAMS 0x000000070e600000, 0x000000070e600000| Untracked 
| 191|0x000000070e700000, 0x000000070e700000, 0x000000070e800000|  0%| F|  |TAMS 0x000000070e700000, 0x000000070e700000| Untracked 
| 192|0x000000070e800000, 0x000000070e800000, 0x000000070e900000|  0%| F|  |TAMS 0x000000070e800000, 0x000000070e800000| Untracked 
| 193|0x000000070e900000, 0x000000070e900000, 0x000000070ea00000|  0%| F|  |TAMS 0x000000070e900000, 0x000000070e900000| Untracked 
| 194|0x000000070ea00000, 0x000000070ea00000, 0x000000070eb00000|  0%| F|  |TAMS 0x000000070ea00000, 0x000000070ea00000| Untracked 
| 195|0x000000070eb00000, 0x000000070eb00000, 0x000000070ec00000|  0%| F|  |TAMS 0x000000070eb00000, 0x000000070eb00000| Untracked 
| 196|0x000000070ec00000, 0x000000070ec00000, 0x000000070ed00000|  0%| F|  |TAMS 0x000000070ec00000, 0x000000070ec00000| Untracked 
| 197|0x000000070ed00000, 0x000000070ed00000, 0x000000070ee00000|  0%| F|  |TAMS 0x000000070ed00000, 0x000000070ed00000| Untracked 
| 198|0x000000070ee00000, 0x000000070ee00000, 0x000000070ef00000|  0%| F|  |TAMS 0x000000070ee00000, 0x000000070ee00000| Untracked 
| 199|0x000000070ef00000, 0x000000070ef00000, 0x000000070f000000|  0%| F|  |TAMS 0x000000070ef00000, 0x000000070ef00000| Untracked 
| 200|0x000000070f000000, 0x000000070f000000, 0x000000070f100000|  0%| F|  |TAMS 0x000000070f000000, 0x000000070f000000| Untracked 
| 201|0x000000070f100000, 0x000000070f100000, 0x000000070f200000|  0%| F|  |TAMS 0x000000070f100000, 0x000000070f100000| Untracked 
| 202|0x000000070f200000, 0x000000070f200000, 0x000000070f300000|  0%| F|  |TAMS 0x000000070f200000, 0x000000070f200000| Untracked 
| 203|0x000000070f300000, 0x000000070f300000, 0x000000070f400000|  0%| F|  |TAMS 0x000000070f300000, 0x000000070f300000| Untracked 
| 204|0x000000070f400000, 0x000000070f400000, 0x000000070f500000|  0%| F|  |TAMS 0x000000070f400000, 0x000000070f400000| Untracked 
| 205|0x000000070f500000, 0x000000070f500000, 0x000000070f600000|  0%| F|  |TAMS 0x000000070f500000, 0x000000070f500000| Untracked 
| 206|0x000000070f600000, 0x000000070f600000, 0x000000070f700000|  0%| F|  |TAMS 0x000000070f600000, 0x000000070f600000| Untracked 
| 207|0x000000070f700000, 0x000000070f700000, 0x000000070f800000|  0%| F|  |TAMS 0x000000070f700000, 0x000000070f700000| Untracked 
| 208|0x000000070f800000, 0x000000070f800000, 0x000000070f900000|  0%| F|  |TAMS 0x000000070f800000, 0x000000070f800000| Untracked 
| 209|0x000000070f900000, 0x000000070f900000, 0x000000070fa00000|  0%| F|  |TAMS 0x000000070f900000, 0x000000070f900000| Untracked 
| 210|0x000000070fa00000, 0x000000070fa00000, 0x000000070fb00000|  0%| F|  |TAMS 0x000000070fa00000, 0x000000070fa00000| Untracked 
| 211|0x000000070fb00000, 0x000000070fb00000, 0x000000070fc00000|  0%| F|  |TAMS 0x000000070fb00000, 0x000000070fb00000| Untracked 
| 212|0x000000070fc00000, 0x000000070fc00000, 0x000000070fd00000|  0%| F|  |TAMS 0x000000070fc00000, 0x000000070fc00000| Untracked 
| 213|0x000000070fd00000, 0x000000070fd00000, 0x000000070fe00000|  0%| F|  |TAMS 0x000000070fd00000, 0x000000070fd00000| Untracked 
| 214|0x000000070fe00000, 0x000000070fe00000, 0x000000070ff00000|  0%| F|  |TAMS 0x000000070fe00000, 0x000000070fe00000| Untracked 
| 215|0x000000070ff00000, 0x000000070ff00000, 0x0000000710000000|  0%| F|  |TAMS 0x000000070ff00000, 0x000000070ff00000| Untracked 
| 216|0x0000000710000000, 0x0000000710000000, 0x0000000710100000|  0%| F|  |TAMS 0x0000000710000000, 0x0000000710000000| Untracked 
| 217|0x0000000710100000, 0x0000000710100000, 0x0000000710200000|  0%| F|  |TAMS 0x0000000710100000, 0x0000000710100000| Untracked 
| 218|0x0000000710200000, 0x0000000710200000, 0x0000000710300000|  0%| F|  |TAMS 0x0000000710200000, 0x0000000710200000| Untracked 
| 219|0x0000000710300000, 0x0000000710300000, 0x0000000710400000|  0%| F|  |TAMS 0x0000000710300000, 0x0000000710300000| Untracked 
| 220|0x0000000710400000, 0x0000000710400000, 0x0000000710500000|  0%| F|  |TAMS 0x0000000710400000, 0x0000000710400000| Untracked 
| 221|0x0000000710500000, 0x0000000710500000, 0x0000000710600000|  0%| F|  |TAMS 0x0000000710500000, 0x0000000710500000| Untracked 
| 222|0x0000000710600000, 0x0000000710600000, 0x0000000710700000|  0%| F|  |TAMS 0x0000000710600000, 0x0000000710600000| Untracked 
| 223|0x0000000710700000, 0x0000000710700000, 0x0000000710800000|  0%| F|  |TAMS 0x0000000710700000, 0x0000000710700000| Untracked 
| 224|0x0000000710800000, 0x0000000710800000, 0x0000000710900000|  0%| F|  |TAMS 0x0000000710800000, 0x0000000710800000| Untracked 
| 225|0x0000000710900000, 0x0000000710900000, 0x0000000710a00000|  0%| F|  |TAMS 0x0000000710900000, 0x0000000710900000| Untracked 
| 226|0x0000000710a00000, 0x0000000710a00000, 0x0000000710b00000|  0%| F|  |TAMS 0x0000000710a00000, 0x0000000710a00000| Untracked 
| 227|0x0000000710b00000, 0x0000000710b00000, 0x0000000710c00000|  0%| F|  |TAMS 0x0000000710b00000, 0x0000000710b00000| Untracked 
| 228|0x0000000710c00000, 0x0000000710c00000, 0x0000000710d00000|  0%| F|  |TAMS 0x0000000710c00000, 0x0000000710c00000| Untracked 
| 229|0x0000000710d00000, 0x0000000710d00000, 0x0000000710e00000|  0%| F|  |TAMS 0x0000000710d00000, 0x0000000710d00000| Untracked 
| 230|0x0000000710e00000, 0x0000000710e00000, 0x0000000710f00000|  0%| F|  |TAMS 0x0000000710e00000, 0x0000000710e00000| Untracked 
| 231|0x0000000710f00000, 0x0000000710f00000, 0x0000000711000000|  0%| F|  |TAMS 0x0000000710f00000, 0x0000000710f00000| Untracked 
| 232|0x0000000711000000, 0x0000000711000000, 0x0000000711100000|  0%| F|  |TAMS 0x0000000711000000, 0x0000000711000000| Untracked 
| 233|0x0000000711100000, 0x0000000711100000, 0x0000000711200000|  0%| F|  |TAMS 0x0000000711100000, 0x0000000711100000| Untracked 
| 234|0x0000000711200000, 0x0000000711200000, 0x0000000711300000|  0%| F|  |TAMS 0x0000000711200000, 0x0000000711200000| Untracked 
| 235|0x0000000711300000, 0x0000000711300000, 0x0000000711400000|  0%| F|  |TAMS 0x0000000711300000, 0x0000000711300000| Untracked 
| 236|0x0000000711400000, 0x0000000711400000, 0x0000000711500000|  0%| F|  |TAMS 0x0000000711400000, 0x0000000711400000| Untracked 
| 237|0x0000000711500000, 0x0000000711500000, 0x0000000711600000|  0%| F|  |TAMS 0x0000000711500000, 0x0000000711500000| Untracked 
| 238|0x0000000711600000, 0x0000000711600000, 0x0000000711700000|  0%| F|  |TAMS 0x0000000711600000, 0x0000000711600000| Untracked 
| 239|0x0000000711700000, 0x0000000711700000, 0x0000000711800000|  0%| F|  |TAMS 0x0000000711700000, 0x0000000711700000| Untracked 
| 240|0x0000000711800000, 0x0000000711800000, 0x0000000711900000|  0%| F|  |TAMS 0x0000000711800000, 0x0000000711800000| Untracked 
| 241|0x0000000711900000, 0x0000000711900000, 0x0000000711a00000|  0%| F|  |TAMS 0x0000000711900000, 0x0000000711900000| Untracked 
| 242|0x0000000711a00000, 0x0000000711a00000, 0x0000000711b00000|  0%| F|  |TAMS 0x0000000711a00000, 0x0000000711a00000| Untracked 
| 243|0x0000000711b00000, 0x0000000711b00000, 0x0000000711c00000|  0%| F|  |TAMS 0x0000000711b00000, 0x0000000711b00000| Untracked 
| 244|0x0000000711c00000, 0x0000000711c00000, 0x0000000711d00000|  0%| F|  |TAMS 0x0000000711c00000, 0x0000000711c00000| Untracked 
| 245|0x0000000711d00000, 0x0000000711d00000, 0x0000000711e00000|  0%| F|  |TAMS 0x0000000711d00000, 0x0000000711d00000| Untracked 
| 246|0x0000000711e00000, 0x0000000711e00000, 0x0000000711f00000|  0%| F|  |TAMS 0x0000000711e00000, 0x0000000711e00000| Untracked 
| 247|0x0000000711f00000, 0x0000000711f00000, 0x0000000712000000|  0%| F|  |TAMS 0x0000000711f00000, 0x0000000711f00000| Untracked 
| 248|0x0000000712000000, 0x0000000712000000, 0x0000000712100000|  0%| F|  |TAMS 0x0000000712000000, 0x0000000712000000| Untracked 
| 249|0x0000000712100000, 0x0000000712100000, 0x0000000712200000|  0%| F|  |TAMS 0x0000000712100000, 0x0000000712100000| Untracked 
| 250|0x0000000712200000, 0x0000000712200000, 0x0000000712300000|  0%| F|  |TAMS 0x0000000712200000, 0x0000000712200000| Untracked 
| 251|0x0000000712300000, 0x0000000712300000, 0x0000000712400000|  0%| F|  |TAMS 0x0000000712300000, 0x0000000712300000| Untracked 
| 252|0x0000000712400000, 0x0000000712400000, 0x0000000712500000|  0%| F|  |TAMS 0x0000000712400000, 0x0000000712400000| Untracked 
| 253|0x0000000712500000, 0x0000000712500000, 0x0000000712600000|  0%| F|  |TAMS 0x0000000712500000, 0x0000000712500000| Untracked 
| 254|0x0000000712600000, 0x0000000712600000, 0x0000000712700000|  0%| F|  |TAMS 0x0000000712600000, 0x0000000712600000| Untracked 
| 255|0x0000000712700000, 0x0000000712700000, 0x0000000712800000|  0%| F|  |TAMS 0x0000000712700000, 0x0000000712700000| Untracked 
| 256|0x0000000712800000, 0x0000000712800000, 0x0000000712900000|  0%| F|  |TAMS 0x0000000712800000, 0x0000000712800000| Untracked 
| 257|0x0000000712900000, 0x0000000712900000, 0x0000000712a00000|  0%| F|  |TAMS 0x0000000712900000, 0x0000000712900000| Untracked 
| 258|0x0000000712a00000, 0x0000000712a00000, 0x0000000712b00000|  0%| F|  |TAMS 0x0000000712a00000, 0x0000000712a00000| Untracked 
| 259|0x0000000712b00000, 0x0000000712b00000, 0x0000000712c00000|  0%| F|  |TAMS 0x0000000712b00000, 0x0000000712b00000| Untracked 
| 260|0x0000000712c00000, 0x0000000712c00000, 0x0000000712d00000|  0%| F|  |TAMS 0x0000000712c00000, 0x0000000712c00000| Untracked 
| 261|0x0000000712d00000, 0x0000000712d00000, 0x0000000712e00000|  0%| F|  |TAMS 0x0000000712d00000, 0x0000000712d00000| Untracked 
| 262|0x0000000712e00000, 0x0000000712e00000, 0x0000000712f00000|  0%| F|  |TAMS 0x0000000712e00000, 0x0000000712e00000| Untracked 
| 263|0x0000000712f00000, 0x0000000712f00000, 0x0000000713000000|  0%| F|  |TAMS 0x0000000712f00000, 0x0000000712f00000| Untracked 
| 264|0x0000000713000000, 0x0000000713000000, 0x0000000713100000|  0%| F|  |TAMS 0x0000000713000000, 0x0000000713000000| Untracked 
| 265|0x0000000713100000, 0x0000000713100000, 0x0000000713200000|  0%| F|  |TAMS 0x0000000713100000, 0x0000000713100000| Untracked 
| 266|0x0000000713200000, 0x0000000713200000, 0x0000000713300000|  0%| F|  |TAMS 0x0000000713200000, 0x0000000713200000| Untracked 
| 267|0x0000000713300000, 0x0000000713300000, 0x0000000713400000|  0%| F|  |TAMS 0x0000000713300000, 0x0000000713300000| Untracked 
| 268|0x0000000713400000, 0x0000000713400000, 0x0000000713500000|  0%| F|  |TAMS 0x0000000713400000, 0x0000000713400000| Untracked 
| 269|0x0000000713500000, 0x0000000713500000, 0x0000000713600000|  0%| F|  |TAMS 0x0000000713500000, 0x0000000713500000| Untracked 
| 270|0x0000000713600000, 0x0000000713600000, 0x0000000713700000|  0%| F|  |TAMS 0x0000000713600000, 0x0000000713600000| Untracked 
| 271|0x0000000713700000, 0x0000000713700000, 0x0000000713800000|  0%| F|  |TAMS 0x0000000713700000, 0x0000000713700000| Untracked 
| 272|0x0000000713800000, 0x0000000713800000, 0x0000000713900000|  0%| F|  |TAMS 0x0000000713800000, 0x0000000713800000| Untracked 
| 273|0x0000000713900000, 0x0000000713900000, 0x0000000713a00000|  0%| F|  |TAMS 0x0000000713900000, 0x0000000713900000| Untracked 
| 274|0x0000000713a00000, 0x0000000713a00000, 0x0000000713b00000|  0%| F|  |TAMS 0x0000000713a00000, 0x0000000713a00000| Untracked 
| 275|0x0000000713b00000, 0x0000000713b00000, 0x0000000713c00000|  0%| F|  |TAMS 0x0000000713b00000, 0x0000000713b00000| Untracked 
| 276|0x0000000713c00000, 0x0000000713c00000, 0x0000000713d00000|  0%| F|  |TAMS 0x0000000713c00000, 0x0000000713c00000| Untracked 
| 277|0x0000000713d00000, 0x0000000713d00000, 0x0000000713e00000|  0%| F|  |TAMS 0x0000000713d00000, 0x0000000713d00000| Untracked 
| 278|0x0000000713e00000, 0x0000000713e00000, 0x0000000713f00000|  0%| F|  |TAMS 0x0000000713e00000, 0x0000000713e00000| Untracked 
| 279|0x0000000713f00000, 0x0000000713f00000, 0x0000000714000000|  0%| F|  |TAMS 0x0000000713f00000, 0x0000000713f00000| Untracked 
| 280|0x0000000714000000, 0x0000000714000000, 0x0000000714100000|  0%| F|  |TAMS 0x0000000714000000, 0x0000000714000000| Untracked 
| 281|0x0000000714100000, 0x0000000714100000, 0x0000000714200000|  0%| F|  |TAMS 0x0000000714100000, 0x0000000714100000| Untracked 
| 282|0x0000000714200000, 0x0000000714200000, 0x0000000714300000|  0%| F|  |TAMS 0x0000000714200000, 0x0000000714200000| Untracked 
| 283|0x0000000714300000, 0x0000000714300000, 0x0000000714400000|  0%| F|  |TAMS 0x0000000714300000, 0x0000000714300000| Untracked 
| 284|0x0000000714400000, 0x0000000714400000, 0x0000000714500000|  0%| F|  |TAMS 0x0000000714400000, 0x0000000714400000| Untracked 
| 285|0x0000000714500000, 0x0000000714500000, 0x0000000714600000|  0%| F|  |TAMS 0x0000000714500000, 0x0000000714500000| Untracked 
| 286|0x0000000714600000, 0x0000000714600000, 0x0000000714700000|  0%| F|  |TAMS 0x0000000714600000, 0x0000000714600000| Untracked 
| 287|0x0000000714700000, 0x0000000714700000, 0x0000000714800000|  0%| F|  |TAMS 0x0000000714700000, 0x0000000714700000| Untracked 
| 288|0x0000000714800000, 0x0000000714800000, 0x0000000714900000|  0%| F|  |TAMS 0x0000000714800000, 0x0000000714800000| Untracked 
| 289|0x0000000714900000, 0x0000000714900000, 0x0000000714a00000|  0%| F|  |TAMS 0x0000000714900000, 0x0000000714900000| Untracked 
| 290|0x0000000714a00000, 0x0000000714a00000, 0x0000000714b00000|  0%| F|  |TAMS 0x0000000714a00000, 0x0000000714a00000| Untracked 
| 291|0x0000000714b00000, 0x0000000714b00000, 0x0000000714c00000|  0%| F|  |TAMS 0x0000000714b00000, 0x0000000714b00000| Untracked 
| 292|0x0000000714c00000, 0x0000000714c00000, 0x0000000714d00000|  0%| F|  |TAMS 0x0000000714c00000, 0x0000000714c00000| Untracked 
| 293|0x0000000714d00000, 0x0000000714d00000, 0x0000000714e00000|  0%| F|  |TAMS 0x0000000714d00000, 0x0000000714d00000| Untracked 
| 294|0x0000000714e00000, 0x0000000714e00000, 0x0000000714f00000|  0%| F|  |TAMS 0x0000000714e00000, 0x0000000714e00000| Untracked 
| 295|0x0000000714f00000, 0x0000000714f00000, 0x0000000715000000|  0%| F|  |TAMS 0x0000000714f00000, 0x0000000714f00000| Untracked 
| 296|0x0000000715000000, 0x0000000715000000, 0x0000000715100000|  0%| F|  |TAMS 0x0000000715000000, 0x0000000715000000| Untracked 
| 297|0x0000000715100000, 0x0000000715100000, 0x0000000715200000|  0%| F|  |TAMS 0x0000000715100000, 0x0000000715100000| Untracked 
| 298|0x0000000715200000, 0x0000000715200000, 0x0000000715300000|  0%| F|  |TAMS 0x0000000715200000, 0x0000000715200000| Untracked 
| 299|0x0000000715300000, 0x0000000715300000, 0x0000000715400000|  0%| F|  |TAMS 0x0000000715300000, 0x0000000715300000| Untracked 
| 300|0x0000000715400000, 0x0000000715400000, 0x0000000715500000|  0%| F|  |TAMS 0x0000000715400000, 0x0000000715400000| Untracked 
| 301|0x0000000715500000, 0x0000000715500000, 0x0000000715600000|  0%| F|  |TAMS 0x0000000715500000, 0x0000000715500000| Untracked 
| 302|0x0000000715600000, 0x0000000715600000, 0x0000000715700000|  0%| F|  |TAMS 0x0000000715600000, 0x0000000715600000| Untracked 
| 303|0x0000000715700000, 0x0000000715700000, 0x0000000715800000|  0%| F|  |TAMS 0x0000000715700000, 0x0000000715700000| Untracked 
| 304|0x0000000715800000, 0x0000000715800000, 0x0000000715900000|  0%| F|  |TAMS 0x0000000715800000, 0x0000000715800000| Untracked 

Card table byte_map: [0x00000168e49e0000,0x00000168e51d0000] _byte_map_base: 0x00000168e11cc000

Marking Bits (Prev, Next): (CMBitMap*) 0x00000168cef57290, (CMBitMap*) 0x00000168cef57258
 Prev Bits: [0x00000168e9920000, 0x00000168ed880000)
 Next Bits: [0x00000168e59c0000, 0x00000168e9920000)

Polling page: 0x00000168cefd0000

Metaspace:

Usage:
  Non-class:     81.63 MB capacity,    80.85 MB (>99%) used,   644.11 KB ( <1%) free+waste,   160.50 KB ( <1%) overhead. 
      Class:      9.47 MB capacity,     9.03 MB ( 95%) used,   382.36 KB (  4%) free+waste,    65.75 KB ( <1%) overhead. 
       Both:     91.10 MB capacity,    89.88 MB ( 99%) used,     1.00 MB (  1%) free+waste,   226.25 KB ( <1%) overhead. 

Virtual space:
  Non-class space:       82.00 MB reserved,      81.75 MB (>99%) committed 
      Class space:        1.00 GB reserved,       9.50 MB ( <1%) committed 
             Both:        1.08 GB reserved,      91.25 MB (  8%) committed 

Chunk freelists:
   Non-Class:  54.00 KB
       Class:  31.00 KB
        Both:  85.00 KB

MaxMetaspaceSize: 17179869184.00 GB
CompressedClassSpaceSize: 1.00 GB
Initial GC threshold: 20.80 MB
Current GC threshold: 98.34 MB
CDS: off

CodeHeap 'non-profiled nmethods': size=119168Kb used=9511Kb max_used=9511Kb free=109656Kb
 bounds [0x00000168dbde0000, 0x00000168dc730000, 0x00000168e3240000]
CodeHeap 'profiled nmethods': size=119168Kb used=66044Kb max_used=66044Kb free=53123Kb
 bounds [0x00000168d4980000, 0x00000168d8a10000, 0x00000168dbde0000]
CodeHeap 'non-nmethods': size=7424Kb used=3124Kb max_used=3184Kb free=4299Kb
 bounds [0x00000168d4240000, 0x00000168d4560000, 0x00000168d4980000]
 total_blobs=18366 nmethods=17643 adapters=628
 compilation: enabled
              stopped_count=0, restarted_count=0
 full_count=0

Compilation events (20 events):
Event: 7.166 Thread 0x00000168f12e6800 nmethod 19050 0x00000168d89fea10 code [0x00000168d89febc0, 0x00000168d89fece8]
Event: 7.166 Thread 0x00000168f1a19800 nmethod 19049 0x00000168d89fee10 code [0x00000168d89ff060, 0x00000168d89ffa68]
Event: 7.167 Thread 0x00000168f1423800 19051       1       org.jetbrains.kotlin.codegen.state.GenerationState::getAbiStability (5 bytes)
Event: 7.167 Thread 0x00000168f199f000 19052       1       org.jetbrains.kotlin.backend.jvm.JvmBackendContext::getPublicAbiSymbols (5 bytes)
Event: 7.167 Thread 0x00000168f12e6800 19053       1       org.jetbrains.kotlin.metadata.deserialization.BinaryVersion::toArray (5 bytes)
Event: 7.167 Thread 0x00000168f1423800 nmethod 19051 0x00000168dc728d90 code [0x00000168dc728f40, 0x00000168dc728ff8]
Event: 7.167 Thread 0x00000168f199f000 nmethod 19052 0x00000168dc729090 code [0x00000168dc729240, 0x00000168dc7292f8]
Event: 7.167 Thread 0x00000168f1a19800 19054       1       org.jetbrains.kotlin.load.kotlin.header.KotlinClassHeader$Kind::getId (5 bytes)
Event: 7.167 Thread 0x00000168f12e6800 nmethod 19053 0x00000168dc729390 code [0x00000168dc729540, 0x00000168dc7295f8]
Event: 7.167 Thread 0x00000168f1a19800 nmethod 19054 0x00000168dc729690 code [0x00000168dc729840, 0x00000168dc7298f8]
Event: 7.167 Thread 0x00000168f199f000 19055       1       org.jetbrains.kotlin.codegen.state.GenerationState::getGenerateSmapCopyToAnnotation (5 bytes)
Event: 7.167 Thread 0x00000168f199f000 nmethod 19055 0x00000168dc729990 code [0x00000168dc729b40, 0x00000168dc729bf8]
Event: 7.170 Thread 0x00000168f1423800 19057       3       org.jetbrains.kotlin.metadata.ProtoBuf$Type$Argument::newBuilder (4 bytes)
Event: 7.170 Thread 0x00000168f12e6800 19058       3       org.jetbrains.kotlin.serialization.DescriptorSerializer$Companion::projection (63 bytes)
Event: 7.170 Thread 0x00000168f199f000 19059       3       org.jetbrains.kotlin.metadata.ProtoBuf$Type$Argument$Builder::setType (20 bytes)
Event: 7.171 Thread 0x00000168f12e6800 nmethod 19058 0x00000168d89ffe10 code [0x00000168d8a00000, 0x00000168d8a00328]
Event: 7.171 Thread 0x00000168f199f000 nmethod 19059 0x00000168d8a00490 code [0x00000168d8a00680, 0x00000168d8a00a48]
Event: 7.171 Thread 0x00000168f1423800 nmethod 19057 0x00000168d8a00c10 code [0x00000168d8a00e20, 0x00000168d8a013b8]
Event: 7.172 Thread 0x00000168f1a19800 19061       3       java.lang.StringBuilder::append (9 bytes)
Event: 7.172 Thread 0x00000168f1a19800 nmethod 19061 0x00000168d8a01590 code [0x00000168d8a01780, 0x00000168d8a01ab8]

GC Heap History (19 events):
Event: 0.293 GC heap before
{Heap before GC invocations=0 (full 0):
 garbage-first heap   total 260096K, used 28672K [0x0000000702800000, 0x0000000800000000)
  region size 1024K, 24 young (24576K), 0 survivors (0K)
 Metaspace       used 11835K, capacity 11986K, committed 12160K, reserved 1060864K
  class space    used 1082K, capacity 1141K, committed 1152K, reserved 1048576K
}
Event: 0.295 GC heap after
{Heap after GC invocations=1 (full 0):
 garbage-first heap   total 260096K, used 6642K [0x0000000702800000, 0x0000000800000000)
  region size 1024K, 3 young (3072K), 3 survivors (3072K)
 Metaspace       used 11835K, capacity 11986K, committed 12160K, reserved 1060864K
  class space    used 1082K, capacity 1141K, committed 1152K, reserved 1048576K
}
Event: 0.653 GC heap before
{Heap before GC invocations=1 (full 0):
 garbage-first heap   total 260096K, used 47602K [0x0000000702800000, 0x0000000800000000)
  region size 1024K, 44 young (45056K), 3 survivors (3072K)
 Metaspace       used 20958K, capacity 21168K, committed 21248K, reserved 1069056K
  class space    used 2187K, capacity 2274K, committed 2304K, reserved 1048576K
}
Event: 0.661 GC heap after
{Heap after GC invocations=2 (full 0):
 garbage-first heap   total 260096K, used 10383K [0x0000000702800000, 0x0000000800000000)
  region size 1024K, 7 young (7168K), 7 survivors (7168K)
 Metaspace       used 20958K, capacity 21168K, committed 21248K, reserved 1069056K
  class space    used 2187K, capacity 2274K, committed 2304K, reserved 1048576K
}
Event: 1.214 GC heap before
{Heap before GC invocations=3 (full 0):
 garbage-first heap   total 260096K, used 73871K [0x0000000702800000, 0x0000000800000000)
  region size 1024K, 63 young (64512K), 7 survivors (7168K)
 Metaspace       used 34319K, capacity 34765K, committed 34944K, reserved 1079296K
  class space    used 4226K, capacity 4413K, committed 4480K, reserved 1048576K
}
Event: 1.222 GC heap after
{Heap after GC invocations=4 (full 0):
 garbage-first heap   total 260096K, used 23403K [0x0000000702800000, 0x0000000800000000)
  region size 1024K, 8 young (8192K), 8 survivors (8192K)
 Metaspace       used 34319K, capacity 34765K, committed 34944K, reserved 1079296K
  class space    used 4226K, capacity 4413K, committed 4480K, reserved 1048576K
}
Event: 1.254 GC heap before
{Heap before GC invocations=4 (full 0):
 garbage-first heap   total 260096K, used 26475K [0x0000000702800000, 0x0000000800000000)
  region size 1024K, 12 young (12288K), 8 survivors (8192K)
 Metaspace       used 35278K, capacity 35693K, committed 35840K, reserved 1081344K
  class space    used 4322K, capacity 4509K, committed 4608K, reserved 1048576K
}
Event: 1.258 GC heap after
{Heap after GC invocations=5 (full 0):
 garbage-first heap   total 260096K, used 23883K [0x0000000702800000, 0x0000000800000000)
  region size 1024K, 9 young (9216K), 9 survivors (9216K)
 Metaspace       used 35278K, capacity 35693K, committed 35840K, reserved 1081344K
  class space    used 4322K, capacity 4509K, committed 4608K, reserved 1048576K
}
Event: 1.567 GC heap before
{Heap before GC invocations=6 (full 0):
 garbage-first heap   total 260096K, used 63819K [0x0000000702800000, 0x0000000800000000)
  region size 1024K, 48 young (49152K), 9 survivors (9216K)
 Metaspace       used 42823K, capacity 43294K, committed 43392K, reserved 1087488K
  class space    used 5024K, capacity 5227K, committed 5248K, reserved 1048576K
}
Event: 1.572 GC heap after
{Heap after GC invocations=7 (full 0):
 garbage-first heap   total 260096K, used 26486K [0x0000000702800000, 0x0000000800000000)
  region size 1024K, 6 young (6144K), 6 survivors (6144K)
 Metaspace       used 42823K, capacity 43294K, committed 43392K, reserved 1087488K
  class space    used 5024K, capacity 5227K, committed 5248K, reserved 1048576K
}
Event: 2.481 GC heap before
{Heap before GC invocations=7 (full 0):
 garbage-first heap   total 260096K, used 124790K [0x0000000702800000, 0x0000000800000000)
  region size 1024K, 100 young (102400K), 6 survivors (6144K)
 Metaspace       used 55044K, capacity 55638K, committed 55936K, reserved 1099776K
  class space    used 6210K, capacity 6481K, committed 6528K, reserved 1048576K
}
Event: 2.488 GC heap after
{Heap after GC invocations=8 (full 0):
 garbage-first heap   total 312320K, used 37429K [0x0000000702800000, 0x0000000800000000)
  region size 1024K, 13 young (13312K), 13 survivors (13312K)
 Metaspace       used 55044K, capacity 55638K, committed 55936K, reserved 1099776K
  class space    used 6210K, capacity 6481K, committed 6528K, reserved 1048576K
}
Event: 2.838 GC heap before
{Heap before GC invocations=8 (full 0):
 garbage-first heap   total 312320K, used 60981K [0x0000000702800000, 0x0000000800000000)
  region size 1024K, 37 young (37888K), 13 survivors (13312K)
 Metaspace       used 59455K, capacity 60122K, committed 60160K, reserved 1101824K
  class space    used 6738K, capacity 7036K, committed 7040K, reserved 1048576K
}
Event: 2.856 GC heap after
{Heap after GC invocations=9 (full 0):
 garbage-first heap   total 312320K, used 41580K [0x0000000702800000, 0x0000000800000000)
  region size 1024K, 13 young (13312K), 13 survivors (13312K)
 Metaspace       used 59455K, capacity 60122K, committed 60160K, reserved 1101824K
  class space    used 6738K, capacity 7036K, committed 7040K, reserved 1048576K
}
Event: 4.459 GC heap before
{Heap before GC invocations=10 (full 0):
 garbage-first heap   total 312320K, used 149100K [0x0000000702800000, 0x0000000800000000)
  region size 1024K, 116 young (118784K), 13 survivors (13312K)
 Metaspace       used 67307K, capacity 68461K, committed 68736K, reserved 1110016K
  class space    used 7288K, capacity 7708K, committed 7808K, reserved 1048576K
}
Event: 4.471 GC heap after
{Heap after GC invocations=11 (full 0):
 garbage-first heap   total 312320K, used 52864K [0x0000000702800000, 0x0000000800000000)
  region size 1024K, 13 young (13312K), 13 survivors (13312K)
 Metaspace       used 67307K, capacity 68461K, committed 68736K, reserved 1110016K
  class space    used 7288K, capacity 7708K, committed 7808K, reserved 1048576K
}
Event: 5.935 GC heap before
{Heap before GC invocations=11 (full 0):
 garbage-first heap   total 312320K, used 181888K [0x0000000702800000, 0x0000000800000000)
  region size 1024K, 140 young (143360K), 13 survivors (13312K)
 Metaspace       used 85137K, capacity 86327K, committed 86400K, reserved 1126400K
  class space    used 8831K, capacity 9275K, committed 9344K, reserved 1048576K
}
Event: 5.945 GC heap after
{Heap after GC invocations=12 (full 0):
 garbage-first heap   total 312320K, used 62668K [0x0000000702800000, 0x0000000800000000)
  region size 1024K, 18 young (18432K), 18 survivors (18432K)
 Metaspace       used 85137K, capacity 86327K, committed 86400K, reserved 1126400K
  class space    used 8831K, capacity 9275K, committed 9344K, reserved 1048576K
}
Event: 7.173 GC heap before
{Heap before GC invocations=12 (full 0):
 garbage-first heap   total 312320K, used 193740K [0x0000000702800000, 0x0000000800000000)
  region size 1024K, 147 young (150528K), 18 survivors (18432K)
 Metaspace       used 92038K, capacity 93291K, committed 93440K, reserved 1132544K
  class space    used 9248K, capacity 9697K, committed 9728K, reserved 1048576K
}

Deoptimization events (20 events):
Event: 7.025 Thread 0x00000168cee5c000 DEOPT PACKING pc=0x00000168dc6d91a8 sp=0x000000497adfd630
Event: 7.025 Thread 0x00000168cee5c000 DEOPT UNPACKING pc=0x00000168d42485af sp=0x000000497adfd5d8 mode 2
Event: 7.052 Thread 0x00000168cee5c000 Uncommon trap: trap_request=0xffffff64 fr.pc=0x00000168dc6e0eb4 relative=0x0000000000000b94
Event: 7.052 Thread 0x00000168cee5c000 Uncommon trap: reason=speculate_null_check action=make_not_entrant pc=0x00000168dc6e0eb4 method=org.jetbrains.kotlin.codegen.optimization.nullCheck.RedundantNullCheckMethodTransformerKt.isThrowIntrinsic(Lorg/jetbrains/org/objectweb/asm/tree/AbstractInsnNo
Event: 7.052 Thread 0x00000168cee5c000 DEOPT PACKING pc=0x00000168dc6e0eb4 sp=0x000000497adfd510
Event: 7.052 Thread 0x00000168cee5c000 DEOPT UNPACKING pc=0x00000168d42485af sp=0x000000497adfd478 mode 2
Event: 7.076 Thread 0x00000168cee5c000 Uncommon trap: trap_request=0xffffff4d fr.pc=0x00000168dc6f0650 relative=0x0000000000003170
Event: 7.076 Thread 0x00000168cee5c000 Uncommon trap: reason=unstable_if action=reinterpret pc=0x00000168dc6f0650 method=org.jetbrains.kotlin.codegen.optimization.common.FastMethodAnalyzer.analyze()[Lorg/jetbrains/org/objectweb/asm/tree/analysis/Frame; @ 337 c2
Event: 7.076 Thread 0x00000168cee5c000 DEOPT PACKING pc=0x00000168dc6f0650 sp=0x000000497adfd5b0
Event: 7.076 Thread 0x00000168cee5c000 DEOPT UNPACKING pc=0x00000168d42485af sp=0x000000497adfd580 mode 2
Event: 7.147 Thread 0x00000168cee5c000 Uncommon trap: trap_request=0xffffff4d fr.pc=0x00000168dc6c9ebc relative=0x00000000000017dc
Event: 7.147 Thread 0x00000168cee5c000 Uncommon trap: reason=unstable_if action=reinterpret pc=0x00000168dc6c9ebc method=org.jetbrains.org.objectweb.asm.Frame.merge(Lorg/jetbrains/org/objectweb/asm/SymbolTable;Lorg/jetbrains/org/objectweb/asm/Frame;I)Z @ 284 c2
Event: 7.147 Thread 0x00000168cee5c000 DEOPT PACKING pc=0x00000168dc6c9ebc sp=0x000000497adfaf60
Event: 7.147 Thread 0x00000168cee5c000 DEOPT UNPACKING pc=0x00000168d42485af sp=0x000000497adfaf08 mode 2
Event: 7.153 Thread 0x00000168cee5c000 Uncommon trap: trap_request=0xffffff64 fr.pc=0x00000168dc722874 relative=0x00000000000004b4
Event: 7.153 Thread 0x00000168cee5c000 Uncommon trap: reason=speculate_null_check action=make_not_entrant pc=0x00000168dc722874 method=org.jetbrains.kotlin.codegen.optimization.nullCheck.RedundantNullCheckMethodTransformerKt.isCheckParameterIsNotNull(Lorg/jetbrains/org/objectweb/asm/tree/Abstr
Event: 7.153 Thread 0x00000168cee5c000 DEOPT PACKING pc=0x00000168dc722874 sp=0x000000497adfbbe0
Event: 7.153 Thread 0x00000168cee5c000 DEOPT UNPACKING pc=0x00000168d42485af sp=0x000000497adfbb28 mode 2
Event: 7.156 Thread 0x00000168cee5c000 DEOPT PACKING pc=0x00000168d50c5b3f sp=0x000000497adfdd80
Event: 7.156 Thread 0x00000168cee5c000 DEOPT UNPACKING pc=0x00000168d4289d0e sp=0x000000497adfd2d8 mode 0

Classes redefined (0 events):
No events

Internal exceptions (20 events):
Event: 2.953 Thread 0x00000168cee5c000 Implicit null exception at 0x00000168dbe48a2f to 0x00000168dbe48aa9
Event: 2.973 Thread 0x00000168cee5c000 Exception <a 'java/lang/NoSuchMethodError'{0x00000007150c9c68}: 'java.lang.Object java.lang.invoke.DirectMethodHandle$Holder.invokeStaticInit(java.lang.Object, java.lang.Object, java.lang.Object)'> (0x00000007150c9c68) thrown at [src/hotspot/share/interpreter/linkResolver.cpp, line 773]
Event: 2.975 Thread 0x00000168cee5c000 Exception <a 'java/lang/NoSuchMethodError'{0x0000000714f03288}: 'java.lang.Object java.lang.invoke.DirectMethodHandle$Holder.invokeStatic(java.lang.Object, int, java.lang.Object)'> (0x0000000714f03288) thrown at [src/hotspot/share/interpreter/linkResolver.cpp, line 773]
Event: 2.975 Thread 0x00000168cee5c000 Exception <a 'java/lang/NoSuchMethodError'{0x0000000714f09890}: 'int java.lang.invoke.DirectMethodHandle$Holder.invokeInterface(java.lang.Object, java.lang.Object)'> (0x0000000714f09890) thrown at [src/hotspot/share/interpreter/linkResolver.cpp, line 773]
Event: 3.032 Thread 0x00000168cee5c000 Exception <a 'java/lang/NoSuchMethodError'{0x0000000714b5ae18}: 'java.lang.Object java.lang.invoke.DirectMethodHandle$Holder.invokeInterface(java.lang.Object, java.lang.Object, java.lang.Object)'> (0x0000000714b5ae18) thrown at [src/hotspot/share/interpreter/linkResolver.cpp, line 773]
Event: 3.032 Thread 0x00000168cee5c000 Exception <a 'java/lang/IncompatibleClassChangeError'{0x0000000714b5e048}: Found class java.lang.Object, but interface was expected> (0x0000000714b5e048) thrown at [src/hotspot/share/interpreter/linkResolver.cpp, line 839]
Event: 3.457 Thread 0x00000168cee5c000 Exception <a 'java/lang/NoSuchMethodError'{0x00000007125d1188}: 'java.lang.Object java.lang.invoke.Invokers$Holder.linkToTargetMethod(java.lang.Object, java.lang.Object, java.lang.Object, int, int, java.lang.Object)'> (0x00000007125d1188) thrown at [src/hotspot/share/interpreter/linkResolver.cpp, line 773]
Event: 4.383 Thread 0x00000168cee5c000 Implicit null exception at 0x00000168dbe3de75 to 0x00000168dbe3e064
Event: 4.712 Thread 0x00000168cee5c000 Exception <a 'java/lang/NoSuchMethodError'{0x000000071452bf48}: 'java.lang.Object java.lang.invoke.DirectMethodHandle$Holder.invokeStaticInit(java.lang.Object, java.lang.Object, java.lang.Object, java.lang.Object)'> (0x000000071452bf48) thrown at [src/hotspot/share/interpreter/linkResolver.cpp, line 773]
Event: 4.860 Thread 0x00000168cee5c000 Exception <a 'java/lang/NoSuchMethodError'{0x00000007133805a8}: 'java.lang.Object java.lang.invoke.DirectMethodHandle$Holder.invokeStatic(java.lang.Object, java.lang.Object, java.lang.Object, int, int, java.lang.Object, java.lang.Object, java.lang.Object, java.lang.Object)'> (0x00000007133805a8) thrown at [src/hotspot/share/interpreter/linkResolver.cpp, line 773]
Event: 4.862 Thread 0x00000168cee5c000 Exception <a 'java/lang/NoSuchMethodError'{0x00000007133af990}: 'java.lang.Object java.lang.invoke.DirectMethodHandle$Holder.invokeStatic(java.lang.Object, java.lang.Object, java.lang.Object, int, int, java.lang.Object, java.lang.Object, java.lang.Object)'> (0x00000007133af990) thrown at [src/hotspot/share/interpreter/linkResolver.cpp, line 773]
Event: 4.862 Thread 0x00000168cee5c000 Exception <a 'java/lang/NoSuchMethodError'{0x00000007133b7f20}: 'java.lang.Object java.lang.invoke.DirectMethodHandle$Holder.invokeStatic(java.lang.Object, java.lang.Object, java.lang.Object, int, int)'> (0x00000007133b7f20) thrown at [src/hotspot/share/interpreter/linkResolver.cpp, line 773]
Event: 4.862 Thread 0x00000168cee5c000 Exception <a 'java/lang/NoSuchMethodError'{0x00000007133bbc50}: 'java.lang.Object java.lang.invoke.DirectMethodHandle$Holder.invokeSpecial(java.lang.Object, java.lang.Object, java.lang.Object, java.lang.Object, int, int)'> (0x00000007133bbc50) thrown at [src/hotspot/share/interpreter/linkResolver.cpp, line 773]
Event: 4.862 Thread 0x00000168cee5c000 Exception <a 'java/lang/NoSuchMethodError'{0x00000007133bf2a8}: 'java.lang.Object java.lang.invoke.Invokers$Holder.linkToTargetMethod(java.lang.Object, java.lang.Object, int, int, java.lang.Object)'> (0x00000007133bf2a8) thrown at [src/hotspot/share/interpreter/linkResolver.cpp, line 773]
Event: 4.871 Thread 0x00000168cee5c000 Exception <a 'java/lang/NoSuchMethodError'{0x000000071324f510}: 'java.lang.Object java.lang.invoke.DirectMethodHandle$Holder.invokeStatic(java.lang.Object, java.lang.Object, java.lang.Object, int, int, java.lang.Object, java.lang.Object)'> (0x000000071324f510) thrown at [src/hotspot/share/interpreter/linkResolver.cpp, line 773]
Event: 4.871 Thread 0x00000168cee5c000 Exception <a 'java/lang/NoSuchMethodError'{0x00000007132533d0}: 'java.lang.Object java.lang.invoke.DirectMethodHandle$Holder.invokeSpecial(java.lang.Object, java.lang.Object, java.lang.Object, java.lang.Object, int, int, java.lang.Object, java.lang.Object)'> (0x00000007132533d0) thrown at [src/hotspot/share/interpreter/linkResolver.cpp, line 773]
Event: 4.872 Thread 0x00000168cee5c000 Exception <a 'java/lang/NoSuchMethodError'{0x0000000713256a88}: 'java.lang.Object java.lang.invoke.Invokers$Holder.linkToTargetMethod(java.lang.Object, java.lang.Object, int, int, java.lang.Object, java.lang.Object, java.lang.Object)'> (0x0000000713256a88) thrown at [src/hotspot/share/interpreter/linkResolver.cpp, line 773]
Event: 5.151 Thread 0x00000168cee5c000 Exception <a 'java/lang/NoSuchMethodError'{0x0000000711e487d0}: 'java.lang.Object java.lang.invoke.DirectMethodHandle$Holder.invokeSpecial(java.lang.Object, java.lang.Object, int, int, java.lang.Object, java.lang.Object, java.lang.Object, java.lang.Object, java.lang.Object)'> (0x0000000711e487d0) thrown at [src/hotspot/share/interpreter/linkResolver.cpp, line 773]
Event: 5.151 Thread 0x00000168cee5c000 Implicit null exception at 0x00000168dbe4aef4 to 0x00000168dbe4b124
Event: 5.152 Thread 0x00000168cee5c000 Implicit null exception at 0x00000168dc5766f7 to 0x00000168dc576765

Events (20 events):
Event: 6.983 loading class org/jetbrains/kotlin/codegen/FakeDescriptorsForReferencesKt done
Event: 6.995 loading class org/jetbrains/kotlin/codegen/coroutines/TailCallOptimizationKt
Event: 6.995 loading class org/jetbrains/kotlin/codegen/coroutines/TailCallOptimizationKt done
Event: 6.996 loading class org/jetbrains/kotlin/codegen/coroutines/TcoInterpreter
Event: 6.996 loading class org/jetbrains/kotlin/codegen/coroutines/TcoInterpreter done
Event: 6.996 loading class org/jetbrains/kotlin/codegen/coroutines/FromSuspensionPointValue
Event: 6.996 loading class org/jetbrains/kotlin/codegen/coroutines/FromSuspensionPointValue done
Event: 6.999 loading class org/jetbrains/kotlin/codegen/inline/CapturedParamDesc
Event: 6.999 loading class org/jetbrains/kotlin/codegen/inline/CapturedParamDesc done
Event: 7.004 Executing VM operation: ICBufferFull
Event: 7.004 Executing VM operation: ICBufferFull done
Event: 7.005 loading class org/jetbrains/kotlin/backend/jvm/intrinsics/IrCheckNotNull$invoke$1
Event: 7.005 loading class org/jetbrains/kotlin/backend/jvm/intrinsics/IrCheckNotNull$invoke$1 done
Event: 7.021 loading class org/jetbrains/kotlin/codegen/coroutines/CoroutineTransformerMethodVisitor$prepareMethodNodePreludeForNamedFunction$$inlined$filterIsInstance$1
Event: 7.021 loading class org/jetbrains/kotlin/codegen/coroutines/CoroutineTransformerMethodVisitor$prepareMethodNodePreludeForNamedFunction$$inlined$filterIsInstance$1 done
Event: 7.022 loading class org/jetbrains/kotlin/codegen/coroutines/CoroutineTransformerMethodVisitor$SpilledVariableAndField
Event: 7.022 loading class org/jetbrains/kotlin/codegen/coroutines/CoroutineTransformerMethodVisitor$SpilledVariableAndField done
Event: 7.144 Executing VM operation: ICBufferFull
Event: 7.144 Executing VM operation: ICBufferFull done
Event: 7.173 Executing VM operation: G1CollectForAllocation


Dynamic libraries:
0x00007ff631a50000 - 0x00007ff631a5a000 	C:\Program Files\Android\Android Studio\jbr\bin\java.exe
0x00007ffbdf030000 - 0x00007ffbdf228000 	C:\Windows\SYSTEM32\ntdll.dll
0x00007ffbdec10000 - 0x00007ffbdeccf000 	C:\Windows\System32\KERNEL32.DLL
0x00007ffbdcd20000 - 0x00007ffbdd016000 	C:\Windows\System32\KERNELBASE.dll
0x00007ffbdcb90000 - 0x00007ffbdcc90000 	C:\Windows\System32\ucrtbase.dll
0x00007ffbd3f90000 - 0x00007ffbd3fa7000 	C:\Program Files\Android\Android Studio\jbr\bin\jli.dll
0x00007ffbd3f70000 - 0x00007ffbd3f8b000 	C:\Program Files\Android\Android Studio\jbr\bin\VCRUNTIME140.dll
0x00007ffbdd170000 - 0x00007ffbdd30d000 	C:\Windows\System32\USER32.dll
0x00007ffbdcb30000 - 0x00007ffbdcb52000 	C:\Windows\System32\win32u.dll
0x00007ffbc9a00000 - 0x00007ffbc9c9a000 	C:\Windows\WinSxS\amd64_microsoft.windows.common-controls_6595b64144ccf1df_6.0.19041.1110_none_60b5254171f9507e\COMCTL32.dll
0x00007ffbdd590000 - 0x00007ffbdd5bc000 	C:\Windows\System32\GDI32.dll
0x00007ffbdeac0000 - 0x00007ffbdeb5e000 	C:\Windows\System32\msvcrt.dll
0x00007ffbdc760000 - 0x00007ffbdc875000 	C:\Windows\System32\gdi32full.dll
0x00007ffbdc880000 - 0x00007ffbdc91d000 	C:\Windows\System32\msvcp_win.dll
0x00007ffbde190000 - 0x00007ffbde1c0000 	C:\Windows\System32\IMM32.DLL
0x00007ffb99770000 - 0x00007ffb997fd000 	C:\Program Files\Android\Android Studio\jbr\bin\msvcp140.dll
0x00007ffb5dab0000 - 0x00007ffb5dabc000 	C:\Windows\SYSTEM32\VCRUNTIME140_1.dll
0x00007ffb4d0f0000 - 0x00007ffb4dcac000 	C:\Program Files\Android\Android Studio\jbr\bin\server\jvm.dll
0x00007ffbdef40000 - 0x00007ffbdefef000 	C:\Windows\System32\ADVAPI32.dll
0x00007ffbddfc0000 - 0x00007ffbde05c000 	C:\Windows\System32\sechost.dll
0x00007ffbddab0000 - 0x00007ffbddbd6000 	C:\Windows\System32\RPCRT4.dll
0x00007ffbde1c0000 - 0x00007ffbde1c8000 	C:\Windows\System32\PSAPI.DLL
0x00007ffbd8800000 - 0x00007ffbd8809000 	C:\Windows\SYSTEM32\WSOCK32.dll
0x00007ffbd5bf0000 - 0x00007ffbd5bfa000 	C:\Windows\SYSTEM32\VERSION.dll
0x00007ffbcdc80000 - 0x00007ffbcdca7000 	C:\Windows\SYSTEM32\WINMM.dll
0x00007ffbde1d0000 - 0x00007ffbde23b000 	C:\Windows\System32\WS2_32.dll
0x00007ffbdaf60000 - 0x00007ffbdaf72000 	C:\Windows\SYSTEM32\kernel.appcore.dll
0x00007ffbc3cd0000 - 0x00007ffbc3ce0000 	C:\Program Files\Android\Android Studio\jbr\bin\verify.dll
0x00007ffbdac60000 - 0x00007ffbdae44000 	C:\Windows\SYSTEM32\DBGHELP.DLL
0x00007ffbc4ec0000 - 0x00007ffbc4ef4000 	C:\Windows\SYSTEM32\dbgcore.DLL
0x00007ffbdcc90000 - 0x00007ffbdcd12000 	C:\Windows\System32\bcryptPrimitives.dll
0x00007ffbc3ca0000 - 0x00007ffbc3cc8000 	C:\Program Files\Android\Android Studio\jbr\bin\java.dll
0x00007ffbc3c90000 - 0x00007ffbc3c9a000 	C:\Program Files\Android\Android Studio\jbr\bin\jimage.dll
0x00007ffbb17a0000 - 0x00007ffbb17b8000 	C:\Program Files\Android\Android Studio\jbr\bin\zip.dll
0x00007ffbde240000 - 0x00007ffbde984000 	C:\Windows\System32\SHELL32.dll
0x00007ffbda4c0000 - 0x00007ffbdac53000 	C:\Windows\SYSTEM32\windows.storage.dll
0x00007ffbddbe0000 - 0x00007ffbddf34000 	C:\Windows\System32\combase.dll
0x00007ffbdc170000 - 0x00007ffbdc19e000 	C:\Windows\SYSTEM32\Wldp.dll
0x00007ffbdd310000 - 0x00007ffbdd3bd000 	C:\Windows\System32\SHCORE.dll
0x00007ffbdda50000 - 0x00007ffbddaa5000 	C:\Windows\System32\shlwapi.dll
0x00007ffbdc650000 - 0x00007ffbdc66f000 	C:\Windows\SYSTEM32\profapi.dll
0x00007ffbaf7d0000 - 0x00007ffbaf7e9000 	C:\Program Files\Android\Android Studio\jbr\bin\net.dll
0x00007ffbd59f0000 - 0x00007ffbd5afa000 	C:\Windows\SYSTEM32\WINHTTP.dll
0x00007ffbdbed0000 - 0x00007ffbdbf3a000 	C:\Windows\system32\mswsock.dll
0x00007ffba7d30000 - 0x00007ffba7d43000 	C:\Program Files\Android\Android Studio\jbr\bin\nio.dll

dbghelp: loaded successfully - version: 4.0.5 - missing functions: none
symbol engine: initialized successfully - sym options: 0x614 - pdb path: .;C:\Program Files\Android\Android Studio\jbr\bin;C:\Windows\SYSTEM32;C:\Windows\WinSxS\amd64_microsoft.windows.common-controls_6595b64144ccf1df_6.0.19041.1110_none_60b5254171f9507e;C:\Program Files\Android\Android Studio\jbr\bin\server

VM Arguments:
java_command: org.jetbrains.kotlin.cli.jvm.K2JVMCompiler @C:\Users\Gwyndolin\AndroidStudioProjects\Valorant\data\build\20230526_6556859314652789213.compiler.options
java_class_path (initial): C:\Users\Gwyndolin\.gradle\caches\modules-2\files-2.1\org.jetbrains.kotlin\kotlin-compiler-embeddable\1.8.21\a4a682d55fb788432e4b7bf2ab3acb7a7365fb35\kotlin-compiler-embeddable-1.8.21.jar;C:\Users\Gwyndolin\.gradle\caches\modules-2\files-2.1\org.jetbrains.kotlin\kotlin-stdlib\1.8.21\43d50ab85bc7587adfe3dda3dbe579e5f8d51265\kotlin-stdlib-1.8.21.jar;C:\Users\Gwyndolin\.gradle\caches\modules-2\files-2.1\org.jetbrains.kotlin\kotlin-script-runtime\1.8.21\bf43f76b6e29bdc09b6c8a4511a9118b0ab12b1f\kotlin-script-runtime-1.8.21.jar;C:\Users\Gwyndolin\.gradle\caches\modules-2\files-2.1\org.jetbrains.kotlin\kotlin-reflect\1.6.10\1cbe9c92c12a94eea200d23c2bbaedaf3daf5132\kotlin-reflect-1.6.10.jar;C:\Users\Gwyndolin\.gradle\caches\modules-2\files-2.1\org.jetbrains.kotlin\kotlin-daemon-embeddable\1.8.21\882003c48db58d16c8fb5a933abf08b5974a1a19\kotlin-daemon-embeddable-1.8.21.jar;C:\Users\Gwyndolin\.gradle\caches\modules-2\files-2.1\org.jetbrains.intellij.deps\trove4j\1.0.20200330\3afb14d5f9ceb459d724e907a21145e8ff394f02\trove4j-1.0.20200330.jar;C:\Users\Gwyndolin\.gradle\caches\modules-2\files-2.1\net.java.dev.jna\jna\5.6.0\330f2244e9030119ab3030fc3fededc86713d9cc\jna-5.6.0.jar;C:\Users\Gwyndolin\.gradle\caches\modules-2\files-2.1\org.jetbrains.kotlin\kotlin-stdlib-common\1.8.21\d749cd5ae25da36d06e5028785038e24f9d37976\kotlin-stdlib-common-1.8.21.jar;C:\Users\Gwyndolin\.gradle\caches\modules-2\files-2.1\org.jetbrains\annotations\13.0\919f0dfe192fb4e063e7dacadee7f8bb9a2672a9\annotations-13.0.jar
Launcher Type: SUN_STANDARD

[Global flags]
     intx CICompilerCount                          = 12                                        {product} {ergonomic}
     uint ConcGCThreads                            = 3                                         {product} {ergonomic}
     uint G1ConcRefinementThreads                  = 13                                        {product} {ergonomic}
   size_t G1HeapRegionSize                         = 1048576                                   {product} {ergonomic}
    uintx GCDrainStackTargetSize                   = 64                                        {product} {ergonomic}
   size_t InitialHeapSize                          = 266338304                                 {product} {ergonomic}
   size_t MarkStackSize                            = 4194304                                   {product} {ergonomic}
   size_t MaxHeapSize                              = 4253024256                                {product} {ergonomic}
   size_t MaxNewSize                               = 2551185408                                {product} {ergonomic}
   size_t MinHeapDeltaBytes                        = 1048576                                   {product} {ergonomic}
    uintx NonNMethodCodeHeapSize                   = 7594288                                {pd product} {ergonomic}
    uintx NonProfiledCodeHeapSize                  = 122031976                              {pd product} {ergonomic}
    uintx ProfiledCodeHeapSize                     = 122031976                              {pd product} {ergonomic}
    uintx ReservedCodeCacheSize                    = 251658240                              {pd product} {ergonomic}
     bool SegmentedCodeCache                       = true                                      {product} {ergonomic}
     bool UseCompressedClassPointers               = true                                 {lp64_product} {ergonomic}
     bool UseCompressedOops                        = true                                 {lp64_product} {ergonomic}
     bool UseG1GC                                  = true                                      {product} {ergonomic}
     bool UseLargePagesIndividualAllocation        = false                                  {pd product} {ergonomic}

Logging:
Log output configuration:
 #0: stdout all=warning uptime,level,tags
 #1: stderr all=off uptime,level,tags

Environment Variables:
PATH=C:\Windows\system32;C:\Windows;C:\Windows\System32\Wbem;C:\Windows\System32\WindowsPowerShell\v1.0\;C:\Windows\System32\OpenSSH\;C:\Program Files\NVIDIA Corporation\NVIDIA NvDLISR;C:\Program Files\Git\cmd;C:\Users\Gwyndolin\AppData\Local\Microsoft\WindowsApps;
USERNAME=Gwyndolin
OS=Windows_NT
PROCESSOR_IDENTIFIER=Intel64 Family 6 Model 141 Stepping 1, GenuineIntel



---------------  S Y S T E M  ---------------

OS: Windows 10 , 64 bit Build 19041 (10.0.19041.2913)
OS uptime: 1 days 1:25 hours

CPU:total 16 (initial active 16) (8 cores per cpu, 2 threads per core) family 6 model 141 stepping 1 microcode 0x32, cmov, cx8, fxsr, mmx, sse, sse2, sse3, ssse3, sse4.1, sse4.2, popcnt, avx, avx2, aes, clmul, erms, 3dnowpref, lzcnt, ht, tsc, tscinvbit, bmi1, bmi2, adx, evex, sha, fma

Memory: 4k page, system-wide physical 16219M (941M free)
TotalPageFile size 35314M (AvailPageFile size 58M)
current process WorkingSet (physical memory assigned to process): 528M, peak: 528M
current process commit charge ("private bytes"): 668M, peak: 735M

vm_info: OpenJDK 64-Bit Server VM (11.0.15+0-b2043.56-8887301) for windows-amd64 JRE (11.0.15+0-b2043.56-8887301), built on Jul 29 2022 23:19:47 by "builduser" with unknown MS VC++:1929

END.
